#! /mingw64/bin/vvp
:ivl_version "12.0 (devel)" "(s20150603-1391-gd480c4d7d)";
:ivl_delay_selection "TYPICAL";
:vpi_time_precision - 12;
:vpi_module "C:\msys64\mingw64\lib\ivl\system.vpi";
:vpi_module "C:\msys64\mingw64\lib\ivl\vhdl_sys.vpi";
:vpi_module "C:\msys64\mingw64\lib\ivl\vhdl_textio.vpi";
:vpi_module "C:\msys64\mingw64\lib\ivl\v2005_math.vpi";
:vpi_module "C:\msys64\mingw64\lib\ivl\va_math.vpi";
:vpi_module "C:\msys64\mingw64\lib\ivl\v2009.vpi";
S_000001d301c25650 .scope package, "$unit" "$unit" 2 1;
 .timescale 0 0;
S_000001d301c26980 .scope module, "cksum_tb" "cksum_tb" 3 8;
 .timescale -9 -12;
v000001d301c83c20_0 .var "axiid", 1 0;
v000001d301c83720_0 .var "axiiv", 0 0;
v000001d301c837c0_0 .var "clk", 0 0;
v000001d301c83ea0_0 .net "done", 0 0, v000001d301c84300_0;  1 drivers
v000001d301c83d60_0 .net "kill", 0 0, v000001d301c83680_0;  1 drivers
v000001d301c841c0_0 .var "msg", 167 0;
v000001d301c83e00_0 .var "rst", 0 0;
v000001d301c83f40_0 .var "sum", 31 0;
S_000001d301c18200 .scope begin, "$ivl_for_loop0" "$ivl_for_loop0" 3 60, 3 60 0, S_000001d301c26980;
 .timescale -9 -12;
v000001d301c26b10_0 .var/i "i", 31 0;
S_000001d301c18390 .scope begin, "$ivl_for_loop1" "$ivl_for_loop1" 3 68, 3 68 0, S_000001d301c26980;
 .timescale -9 -12;
v000001d301c046f0_0 .var/i "i", 31 0;
S_000001d301bd2f30 .scope begin, "$ivl_for_loop2" "$ivl_for_loop2" 3 80, 3 80 0, S_000001d301c26980;
 .timescale -9 -12;
v000001d301c04790_0 .var/i "i", 31 0;
S_000001d301bd30c0 .scope begin, "$ivl_for_loop3" "$ivl_for_loop3" 3 89, 3 89 0, S_000001d301c26980;
 .timescale -9 -12;
v000001d301c18520_0 .var/i "i", 31 0;
S_000001d301bd3250 .scope module, "fcs" "cksum" 3 19, 4 4 0, S_000001d301c26980;
 .timescale -9 -12;
    .port_info 0 /INPUT 1 "clk";
    .port_info 1 /INPUT 1 "rst";
    .port_info 2 /INPUT 1 "axiiv";
    .port_info 3 /INPUT 2 "axiid";
    .port_info 4 /OUTPUT 1 "done";
    .port_info 5 /OUTPUT 1 "kill";
L_000001d301c13420 .functor NOT 1, v000001d301c83720_0, C4<0>, C4<0>, C4<0>;
L_000001d301c13490 .functor AND 1, v000001d301c83b80_0, L_000001d301c13420, C4<1>, C4<1>;
L_000001d301c13650 .functor OR 1, v000001d301c83e00_0, L_000001d301c13490, C4<0>, C4<0>;
v000001d301c839a0_0 .net *"_ivl_0", 0 0, L_000001d301c13420;  1 drivers
v000001d301c835e0_0 .net *"_ivl_2", 0 0, L_000001d301c13490;  1 drivers
v000001d301c83fe0_0 .net "axiid", 1 0, v000001d301c83c20_0;  1 drivers
v000001d301c83cc0_0 .net "axiiv", 0 0, v000001d301c83720_0;  1 drivers
v000001d301c83540_0 .net "clk", 0 0, v000001d301c837c0_0;  1 drivers
v000001d301c84440_0 .net "crc_axiod", 31 0, L_000001d301c13810;  1 drivers
L_000001d301cc0088 .functor BUFT 1, C4<1>, C4<0>, C4<0>, C4<0>;
v000001d301c843a0_0 .net "crc_axiov", 0 0, L_000001d301cc0088;  1 drivers
v000001d301c83a40_0 .net "crc_rst", 0 0, L_000001d301c13650;  1 drivers
v000001d301c84300_0 .var "done", 0 0;
v000001d301c83680_0 .var "kill", 0 0;
v000001d301c83b80_0 .var "old_axiiv", 0 0;
v000001d301c84120_0 .net "rst", 0 0, v000001d301c83e00_0;  1 drivers
S_000001d301c83040 .scope module, "crc" "crc32" 4 19, 5 22 0, S_000001d301bd3250;
 .timescale -9 -12;
    .port_info 0 /INPUT 1 "clk";
    .port_info 1 /INPUT 1 "rst";
    .port_info 2 /INPUT 1 "axiiv";
    .port_info 3 /INPUT 2 "axiid";
    .port_info 4 /OUTPUT 1 "axiov";
    .port_info 5 /OUTPUT 32 "axiod";
L_000001d301c13810 .functor NOT 32, v000001d301c833b0_0, C4<00000000000000000000000000000000>, C4<00000000000000000000000000000000>, C4<00000000000000000000000000000000>;
v000001d301c185c0_0 .net "axiid", 1 0, v000001d301c83c20_0;  alias, 1 drivers
v000001d301c831d0_0 .net "axiiv", 0 0, v000001d301c83720_0;  alias, 1 drivers
v000001d301c83270_0 .net "axiod", 31 0, L_000001d301c13810;  alias, 1 drivers
v000001d301c83310_0 .net "axiov", 0 0, L_000001d301cc0088;  alias, 1 drivers
v000001d301c833b0_0 .var "caxiod", 31 0;
v000001d301c83450_0 .net "clk", 0 0, v000001d301c837c0_0;  alias, 1 drivers
v000001d301c83860_0 .var/i "i", 31 0;
v000001d301c83ae0_0 .net "rst", 0 0, L_000001d301c13650;  alias, 1 drivers
v000001d301c83900_0 .var "saxiod", 31 0;
E_000001d301c23870 .event posedge, v000001d301c83450_0;
E_000001d301c23d30 .event anyedge, v000001d301c833b0_0, v000001d301c185c0_0;
    .scope S_000001d301c83040;
T_0 ;
    %wait E_000001d301c23d30;
    %pushi/vec4 0, 0, 32;
    %store/vec4 v000001d301c83860_0, 0, 32;
T_0.0 ;
    %load/vec4 v000001d301c83860_0;
    %cmpi/s 32, 0, 32;
    %jmp/0xz T_0.1, 5;
    %load/vec4 v000001d301c83860_0;
    %dup/vec4;
    %pushi/vec4 0, 0, 32;
    %cmp/u;
    %jmp/1 T_0.2, 6;
    %dup/vec4;
    %pushi/vec4 1, 0, 32;
    %cmp/u;
    %jmp/1 T_0.3, 6;
    %dup/vec4;
    %pushi/vec4 4, 0, 32;
    %cmp/u;
    %jmp/1 T_0.4, 6;
    %dup/vec4;
    %pushi/vec4 7, 0, 32;
    %cmp/u;
    %jmp/1 T_0.5, 6;
    %dup/vec4;
    %pushi/vec4 10, 0, 32;
    %cmp/u;
    %jmp/1 T_0.6, 6;
    %dup/vec4;
    %pushi/vec4 16, 0, 32;
    %cmp/u;
    %jmp/1 T_0.7, 6;
    %dup/vec4;
    %pushi/vec4 22, 0, 32;
    %cmp/u;
    %jmp/1 T_0.8, 6;
    %dup/vec4;
    %pushi/vec4 26, 0, 32;
    %cmp/u;
    %jmp/1 T_0.9, 6;
    %dup/vec4;
    %pushi/vec4 2, 0, 32;
    %cmp/u;
    %jmp/1 T_0.10, 6;
    %dup/vec4;
    %pushi/vec4 5, 0, 32;
    %cmp/u;
    %jmp/1 T_0.11, 6;
    %dup/vec4;
    %pushi/vec4 8, 0, 32;
    %cmp/u;
    %jmp/1 T_0.12, 6;
    %dup/vec4;
    %pushi/vec4 11, 0, 32;
    %cmp/u;
    %jmp/1 T_0.13, 6;
    %dup/vec4;
    %pushi/vec4 12, 0, 32;
    %cmp/u;
    %jmp/1 T_0.14, 6;
    %dup/vec4;
    %pushi/vec4 23, 0, 32;
    %cmp/u;
    %jmp/1 T_0.15, 6;
    %dup/vec4;
    %pushi/vec4 3, 0, 32;
    %cmp/u;
    %jmp/1 T_0.16, 6;
    %dup/vec4;
    %pushi/vec4 6, 0, 32;
    %cmp/u;
    %jmp/1 T_0.17, 6;
    %dup/vec4;
    %pushi/vec4 9, 0, 32;
    %cmp/u;
    %jmp/1 T_0.18, 6;
    %dup/vec4;
    %pushi/vec4 13, 0, 32;
    %cmp/u;
    %jmp/1 T_0.19, 6;
    %dup/vec4;
    %pushi/vec4 17, 0, 32;
    %cmp/u;
    %jmp/1 T_0.20, 6;
    %dup/vec4;
    %pushi/vec4 24, 0, 32;
    %cmp/u;
    %jmp/1 T_0.21, 6;
    %dup/vec4;
    %pushi/vec4 27, 0, 32;
    %cmp/u;
    %jmp/1 T_0.22, 6;
    %load/vec4 v000001d301c833b0_0;
    %load/vec4 v000001d301c83860_0;
    %subi 2, 0, 32;
    %part/s 1;
    %ix/getv/s 4, v000001d301c83860_0;
    %store/vec4 v000001d301c83900_0, 4, 1;
    %jmp T_0.24;
T_0.2 ;
    %load/vec4 v000001d301c833b0_0;
    %parti/s 1, 30, 6;
    %load/vec4 v000001d301c185c0_0;
    %parti/s 1, 1, 2;
    %xor;
    %ix/getv/s 4, v000001d301c83860_0;
    %store/vec4 v000001d301c83900_0, 4, 1;
    %jmp T_0.24;
T_0.3 ;
    %load/vec4 v000001d301c833b0_0;
    %parti/s 1, 31, 6;
    %load/vec4 v000001d301c185c0_0;
    %parti/s 1, 0, 2;
    %xor;
    %load/vec4 v000001d301c833b0_0;
    %parti/s 1, 30, 6;
    %load/vec4 v000001d301c185c0_0;
    %parti/s 1, 1, 2;
    %xor;
    %xor;
    %ix/getv/s 4, v000001d301c83860_0;
    %store/vec4 v000001d301c83900_0, 4, 1;
    %jmp T_0.24;
T_0.4 ;
    %load/vec4 v000001d301c833b0_0;
    %load/vec4 v000001d301c83860_0;
    %subi 2, 0, 32;
    %part/s 1;
    %load/vec4 v000001d301c833b0_0;
    %parti/s 1, 30, 6;
    %load/vec4 v000001d301c185c0_0;
    %parti/s 1, 1, 2;
    %xor;
    %xor;
    %ix/getv/s 4, v000001d301c83860_0;
    %store/vec4 v000001d301c83900_0, 4, 1;
    %jmp T_0.24;
T_0.5 ;
    %load/vec4 v000001d301c833b0_0;
    %load/vec4 v000001d301c83860_0;
    %subi 2, 0, 32;
    %part/s 1;
    %load/vec4 v000001d301c833b0_0;
    %parti/s 1, 30, 6;
    %load/vec4 v000001d301c185c0_0;
    %parti/s 1, 1, 2;
    %xor;
    %xor;
    %ix/getv/s 4, v000001d301c83860_0;
    %store/vec4 v000001d301c83900_0, 4, 1;
    %jmp T_0.24;
T_0.6 ;
    %load/vec4 v000001d301c833b0_0;
    %load/vec4 v000001d301c83860_0;
    %subi 2, 0, 32;
    %part/s 1;
    %load/vec4 v000001d301c833b0_0;
    %parti/s 1, 30, 6;
    %load/vec4 v000001d301c185c0_0;
    %parti/s 1, 1, 2;
    %xor;
    %xor;
    %ix/getv/s 4, v000001d301c83860_0;
    %store/vec4 v000001d301c83900_0, 4, 1;
    %jmp T_0.24;
T_0.7 ;
    %load/vec4 v000001d301c833b0_0;
    %load/vec4 v000001d301c83860_0;
    %subi 2, 0, 32;
    %part/s 1;
    %load/vec4 v000001d301c833b0_0;
    %parti/s 1, 30, 6;
    %load/vec4 v000001d301c185c0_0;
    %parti/s 1, 1, 2;
    %xor;
    %xor;
    %ix/getv/s 4, v000001d301c83860_0;
    %store/vec4 v000001d301c83900_0, 4, 1;
    %jmp T_0.24;
T_0.8 ;
    %load/vec4 v000001d301c833b0_0;
    %load/vec4 v000001d301c83860_0;
    %subi 2, 0, 32;
    %part/s 1;
    %load/vec4 v000001d301c833b0_0;
    %parti/s 1, 30, 6;
    %load/vec4 v000001d301c185c0_0;
    %parti/s 1, 1, 2;
    %xor;
    %xor;
    %ix/getv/s 4, v000001d301c83860_0;
    %store/vec4 v000001d301c83900_0, 4, 1;
    %jmp T_0.24;
T_0.9 ;
    %load/vec4 v000001d301c833b0_0;
    %load/vec4 v000001d301c83860_0;
    %subi 2, 0, 32;
    %part/s 1;
    %load/vec4 v000001d301c833b0_0;
    %parti/s 1, 30, 6;
    %load/vec4 v000001d301c185c0_0;
    %parti/s 1, 1, 2;
    %xor;
    %xor;
    %ix/getv/s 4, v000001d301c83860_0;
    %store/vec4 v000001d301c83900_0, 4, 1;
    %jmp T_0.24;
T_0.10 ;
    %load/vec4 v000001d301c833b0_0;
    %load/vec4 v000001d301c83860_0;
    %subi 2, 0, 32;
    %part/s 1;
    %load/vec4 v000001d301c833b0_0;
    %parti/s 1, 31, 6;
    %load/vec4 v000001d301c185c0_0;
    %parti/s 1, 0, 2;
    %xor;
    %load/vec4 v000001d301c833b0_0;
    %parti/s 1, 30, 6;
    %load/vec4 v000001d301c185c0_0;
    %parti/s 1, 1, 2;
    %xor;
    %xor;
    %xor;
    %ix/getv/s 4, v000001d301c83860_0;
    %store/vec4 v000001d301c83900_0, 4, 1;
    %jmp T_0.24;
T_0.11 ;
    %load/vec4 v000001d301c833b0_0;
    %load/vec4 v000001d301c83860_0;
    %subi 2, 0, 32;
    %part/s 1;
    %load/vec4 v000001d301c833b0_0;
    %parti/s 1, 31, 6;
    %load/vec4 v000001d301c185c0_0;
    %parti/s 1, 0, 2;
    %xor;
    %load/vec4 v000001d301c833b0_0;
    %parti/s 1, 30, 6;
    %load/vec4 v000001d301c185c0_0;
    %parti/s 1, 1, 2;
    %xor;
    %xor;
    %xor;
    %ix/getv/s 4, v000001d301c83860_0;
    %store/vec4 v000001d301c83900_0, 4, 1;
    %jmp T_0.24;
T_0.12 ;
    %load/vec4 v000001d301c833b0_0;
    %load/vec4 v000001d301c83860_0;
    %subi 2, 0, 32;
    %part/s 1;
    %load/vec4 v000001d301c833b0_0;
    %parti/s 1, 31, 6;
    %load/vec4 v000001d301c185c0_0;
    %parti/s 1, 0, 2;
    %xor;
    %load/vec4 v000001d301c833b0_0;
    %parti/s 1, 30, 6;
    %load/vec4 v000001d301c185c0_0;
    %parti/s 1, 1, 2;
    %xor;
    %xor;
    %xor;
    %ix/getv/s 4, v000001d301c83860_0;
    %store/vec4 v000001d301c83900_0, 4, 1;
    %jmp T_0.24;
T_0.13 ;
    %load/vec4 v000001d301c833b0_0;
    %load/vec4 v000001d301c83860_0;
    %subi 2, 0, 32;
    %part/s 1;
    %load/vec4 v000001d301c833b0_0;
    %parti/s 1, 31, 6;
    %load/vec4 v000001d301c185c0_0;
    %parti/s 1, 0, 2;
    %xor;
    %load/vec4 v000001d301c833b0_0;
    %parti/s 1, 30, 6;
    %load/vec4 v000001d301c185c0_0;
    %parti/s 1, 1, 2;
    %xor;
    %xor;
    %xor;
    %ix/getv/s 4, v000001d301c83860_0;
    %store/vec4 v000001d301c83900_0, 4, 1;
    %jmp T_0.24;
T_0.14 ;
    %load/vec4 v000001d301c833b0_0;
    %load/vec4 v000001d301c83860_0;
    %subi 2, 0, 32;
    %part/s 1;
    %load/vec4 v000001d301c833b0_0;
    %parti/s 1, 31, 6;
    %load/vec4 v000001d301c185c0_0;
    %parti/s 1, 0, 2;
    %xor;
    %load/vec4 v000001d301c833b0_0;
    %parti/s 1, 30, 6;
    %load/vec4 v000001d301c185c0_0;
    %parti/s 1, 1, 2;
    %xor;
    %xor;
    %xor;
    %ix/getv/s 4, v000001d301c83860_0;
    %store/vec4 v000001d301c83900_0, 4, 1;
    %jmp T_0.24;
T_0.15 ;
    %load/vec4 v000001d301c833b0_0;
    %load/vec4 v000001d301c83860_0;
    %subi 2, 0, 32;
    %part/s 1;
    %load/vec4 v000001d301c833b0_0;
    %parti/s 1, 31, 6;
    %load/vec4 v000001d301c185c0_0;
    %parti/s 1, 0, 2;
    %xor;
    %load/vec4 v000001d301c833b0_0;
    %parti/s 1, 30, 6;
    %load/vec4 v000001d301c185c0_0;
    %parti/s 1, 1, 2;
    %xor;
    %xor;
    %xor;
    %ix/getv/s 4, v000001d301c83860_0;
    %store/vec4 v000001d301c83900_0, 4, 1;
    %jmp T_0.24;
T_0.16 ;
    %load/vec4 v000001d301c833b0_0;
    %load/vec4 v000001d301c83860_0;
    %subi 2, 0, 32;
    %part/s 1;
    %load/vec4 v000001d301c833b0_0;
    %parti/s 1, 31, 6;
    %load/vec4 v000001d301c185c0_0;
    %parti/s 1, 0, 2;
    %xor;
    %xor;
    %ix/getv/s 4, v000001d301c83860_0;
    %store/vec4 v000001d301c83900_0, 4, 1;
    %jmp T_0.24;
T_0.17 ;
    %load/vec4 v000001d301c833b0_0;
    %load/vec4 v000001d301c83860_0;
    %subi 2, 0, 32;
    %part/s 1;
    %load/vec4 v000001d301c833b0_0;
    %parti/s 1, 31, 6;
    %load/vec4 v000001d301c185c0_0;
    %parti/s 1, 0, 2;
    %xor;
    %xor;
    %ix/getv/s 4, v000001d301c83860_0;
    %store/vec4 v000001d301c83900_0, 4, 1;
    %jmp T_0.24;
T_0.18 ;
    %load/vec4 v000001d301c833b0_0;
    %load/vec4 v000001d301c83860_0;
    %subi 2, 0, 32;
    %part/s 1;
    %load/vec4 v000001d301c833b0_0;
    %parti/s 1, 31, 6;
    %load/vec4 v000001d301c185c0_0;
    %parti/s 1, 0, 2;
    %xor;
    %xor;
    %ix/getv/s 4, v000001d301c83860_0;
    %store/vec4 v000001d301c83900_0, 4, 1;
    %jmp T_0.24;
T_0.19 ;
    %load/vec4 v000001d301c833b0_0;
    %load/vec4 v000001d301c83860_0;
    %subi 2, 0, 32;
    %part/s 1;
    %load/vec4 v000001d301c833b0_0;
    %parti/s 1, 31, 6;
    %load/vec4 v000001d301c185c0_0;
    %parti/s 1, 0, 2;
    %xor;
    %xor;
    %ix/getv/s 4, v000001d301c83860_0;
    %store/vec4 v000001d301c83900_0, 4, 1;
    %jmp T_0.24;
T_0.20 ;
    %load/vec4 v000001d301c833b0_0;
    %load/vec4 v000001d301c83860_0;
    %subi 2, 0, 32;
    %part/s 1;
    %load/vec4 v000001d301c833b0_0;
    %parti/s 1, 31, 6;
    %load/vec4 v000001d301c185c0_0;
    %parti/s 1, 0, 2;
    %xor;
    %xor;
    %ix/getv/s 4, v000001d301c83860_0;
    %store/vec4 v000001d301c83900_0, 4, 1;
    %jmp T_0.24;
T_0.21 ;
    %load/vec4 v000001d301c833b0_0;
    %load/vec4 v000001d301c83860_0;
    %subi 2, 0, 32;
    %part/s 1;
    %load/vec4 v000001d301c833b0_0;
    %parti/s 1, 31, 6;
    %load/vec4 v000001d301c185c0_0;
    %parti/s 1, 0, 2;
    %xor;
    %xor;
    %ix/getv/s 4, v000001d301c83860_0;
    %store/vec4 v000001d301c83900_0, 4, 1;
    %jmp T_0.24;
T_0.22 ;
    %load/vec4 v000001d301c833b0_0;
    %load/vec4 v000001d301c83860_0;
    %subi 2, 0, 32;
    %part/s 1;
    %load/vec4 v000001d301c833b0_0;
    %parti/s 1, 31, 6;
    %load/vec4 v000001d301c185c0_0;
    %parti/s 1, 0, 2;
    %xor;
    %xor;
    %ix/getv/s 4, v000001d301c83860_0;
    %store/vec4 v000001d301c83900_0, 4, 1;
    %jmp T_0.24;
T_0.24 ;
    %pop/vec4 1;
    %load/vec4 v000001d301c83860_0;
    %addi 1, 0, 32;
    %store/vec4 v000001d301c83860_0, 0, 32;
    %jmp T_0.0;
T_0.1 ;
    %jmp T_0;
    .thread T_0, $push;
    .scope S_000001d301c83040;
T_1 ;
    %wait E_000001d301c23870;
    %load/vec4 v000001d301c83ae0_0;
    %flag_set/vec4 8;
    %jmp/0xz  T_1.0, 8;
    %pushi/vec4 4294967295, 0, 32;
    %assign/vec4 v000001d301c833b0_0, 0;
    %jmp T_1.1;
T_1.0 ;
    %load/vec4 v000001d301c831d0_0;
    %flag_set/vec4 8;
    %jmp/0 T_1.2, 8;
    %load/vec4 v000001d301c83900_0;
    %jmp/1 T_1.3, 8;
T_1.2 ; End of true expr.
    %load/vec4 v000001d301c833b0_0;
    %jmp/0 T_1.3, 8;
 ; End of false expr.
    %blend;
T_1.3;
    %assign/vec4 v000001d301c833b0_0, 0;
T_1.1 ;
    %jmp T_1;
    .thread T_1;
    .scope S_000001d301bd3250;
T_2 ;
    %wait E_000001d301c23870;
    %load/vec4 v000001d301c84120_0;
    %flag_set/vec4 8;
    %jmp/0xz  T_2.0, 8;
    %pushi/vec4 0, 0, 1;
    %assign/vec4 v000001d301c83b80_0, 0;
    %pushi/vec4 0, 0, 1;
    %assign/vec4 v000001d301c84300_0, 0;
    %pushi/vec4 0, 0, 1;
    %assign/vec4 v000001d301c83680_0, 0;
    %jmp T_2.1;
T_2.0 ;
    %load/vec4 v000001d301c83cc0_0;
    %assign/vec4 v000001d301c83b80_0, 0;
    %load/vec4 v000001d301c83b80_0;
    %load/vec4 v000001d301c83cc0_0;
    %inv;
    %and;
    %flag_set/vec4 8;
    %jmp/0xz  T_2.2, 8;
    %load/vec4 v000001d301c843a0_0;
    %flag_set/vec4 8;
    %jmp/0xz  T_2.4, 8;
    %pushi/vec4 1, 0, 1;
    %assign/vec4 v000001d301c84300_0, 0;
    %load/vec4 v000001d301c84440_0;
    %pushi/vec4 955982468, 0, 32;
    %cmp/ne;
    %flag_get/vec4 4;
    %assign/vec4 v000001d301c83680_0, 0;
T_2.4 ;
    %jmp T_2.3;
T_2.2 ;
    %load/vec4 v000001d301c83b80_0;
    %inv;
    %load/vec4 v000001d301c83cc0_0;
    %and;
    %flag_set/vec4 8;
    %jmp/0xz  T_2.6, 8;
    %pushi/vec4 0, 0, 1;
    %assign/vec4 v000001d301c84300_0, 0;
    %pushi/vec4 0, 0, 1;
    %assign/vec4 v000001d301c83680_0, 0;
T_2.6 ;
T_2.3 ;
T_2.1 ;
    %jmp T_2;
    .thread T_2;
    .scope S_000001d301c26980;
T_3 ;
    %delay 10000, 0;
    %load/vec4 v000001d301c837c0_0;
    %nor/r;
    %store/vec4 v000001d301c837c0_0, 0, 1;
    %jmp T_3;
    .thread T_3;
    .scope S_000001d301c26980;
T_4 ;
    %vpi_call/w 3 35 "$dumpfile", "cksum.vcd" {0 0 0};
    %vpi_call/w 3 36 "$dumpvars", 32'sb00000000000000000000000000000000, S_000001d301c26980 {0 0 0};
    %vpi_call/w 3 37 "$display", "Starting Sim" {0 0 0};
    %pushi/vec4 0, 0, 1;
    %store/vec4 v000001d301c837c0_0, 0, 1;
    %pushi/vec4 0, 0, 1;
    %store/vec4 v000001d301c83e00_0, 0, 1;
    %pushi/vec4 0, 0, 1;
    %store/vec4 v000001d301c83720_0, 0, 1;
    %pushi/vec4 0, 0, 2;
    %store/vec4 v000001d301c83c20_0, 0, 2;
    %delay 20000, 0;
    %delay 20000, 0;
    %pushi/vec4 1, 0, 1;
    %store/vec4 v000001d301c83e00_0, 0, 1;
    %delay 20000, 0;
    %pushi/vec4 0, 0, 1;
    %store/vec4 v000001d301c83e00_0, 0, 1;
    %delay 20000, 0;
    %delay 20000, 0;
    %pushi/vec4 1, 0, 1;
    %store/vec4 v000001d301c83720_0, 0, 1;
    %pushi/vec4 2, 0, 2;
    %store/vec4 v000001d301c83c20_0, 0, 2;
    %delay 20000, 0;
    %pushi/vec4 0, 0, 1;
    %store/vec4 v000001d301c83720_0, 0, 1;
    %delay 80000, 0;
    %pushi/vec4 2227365092, 0, 33;
    %concati/vec4 4064428164, 0, 32;
    %concati/vec4 3838493398, 0, 32;
    %concati/vec4 3435325160, 0, 32;
    %concati/vec4 2178000309, 0, 33;
    %concati/vec4 37, 0, 6;
    %store/vec4 v000001d301c841c0_0, 0, 168;
    %fork t_1, S_000001d301c18200;
    %jmp t_0;
    .scope S_000001d301c18200;
t_1 ;
    %pushi/vec4 0, 0, 32;
    %store/vec4 v000001d301c26b10_0, 0, 32;
T_4.0 ;
    %load/vec4 v000001d301c26b10_0;
    %cmpi/s 168, 0, 32;
    %jmp/0xz T_4.1, 5;
    %pushi/vec4 1, 0, 1;
    %store/vec4 v000001d301c83720_0, 0, 1;
    %load/vec4 v000001d301c841c0_0;
    %parti/s 2, 166, 9;
    %store/vec4 v000001d301c83c20_0, 0, 2;
    %load/vec4 v000001d301c841c0_0;
    %parti/s 166, 0, 2;
    %load/vec4 v000001d301c841c0_0;
    %parti/s 2, 166, 9;
    %concat/vec4; draw_concat_vec4
    %store/vec4 v000001d301c841c0_0, 0, 168;
    %delay 20000, 0;
    %load/vec4 v000001d301c26b10_0;
    %addi 2, 0, 32;
    %store/vec4 v000001d301c26b10_0, 0, 32;
    %jmp T_4.0;
T_4.1 ;
    %end;
    .scope S_000001d301c26980;
t_0 %join;
    %fork t_3, S_000001d301c18390;
    %jmp t_2;
    .scope S_000001d301c18390;
t_3 ;
    %pushi/vec4 0, 0, 32;
    %store/vec4 v000001d301c046f0_0, 0, 32;
T_4.2 ;
    %load/vec4 v000001d301c046f0_0;
    %cmpi/s 16, 0, 32;
    %jmp/0xz T_4.3, 5;
    %pushi/vec4 1, 0, 1;
    %store/vec4 v000001d301c83720_0, 0, 1;
    %pushi/vec4 0, 0, 2;
    %store/vec4 v000001d301c83c20_0, 0, 2;
    %delay 20000, 0;
    %load/vec4 v000001d301c046f0_0;
    %addi 1, 0, 32;
    %store/vec4 v000001d301c046f0_0, 0, 32;
    %jmp T_4.2;
T_4.3 ;
    %end;
    .scope S_000001d301c26980;
t_2 %join;
    %pushi/vec4 0, 0, 1;
    %store/vec4 v000001d301c83720_0, 0, 1;
    %delay 400000, 0;
    %pushi/vec4 3403338472, 0, 33;
    %concati/vec4 2178010501, 0, 33;
    %concati/vec4 2578285973, 0, 32;
    %concati/vec4 3372777605, 0, 32;
    %concati/vec4 3855206789, 0, 32;
    %concati/vec4 2, 0, 6;
    %store/vec4 v000001d301c841c0_0, 0, 168;
    %fork t_5, S_000001d301bd2f30;
    %jmp t_4;
    .scope S_000001d301bd2f30;
t_5 ;
    %pushi/vec4 0, 0, 32;
    %store/vec4 v000001d301c04790_0, 0, 32;
T_4.4 ;
    %load/vec4 v000001d301c04790_0;
    %cmpi/s 168, 0, 32;
    %jmp/0xz T_4.5, 5;
    %pushi/vec4 1, 0, 1;
    %store/vec4 v000001d301c83720_0, 0, 1;
    %load/vec4 v000001d301c841c0_0;
    %parti/s 1, 0, 2;
    %load/vec4 v000001d301c841c0_0;
    %parti/s 1, 1, 2;
    %concat/vec4; draw_concat_vec4
    %store/vec4 v000001d301c83c20_0, 0, 2;
    %delay 20000, 0;
    %load/vec4 v000001d301c841c0_0;
    %parti/s 2, 0, 2;
    %load/vec4 v000001d301c841c0_0;
    %parti/s 166, 2, 3;
    %concat/vec4; draw_concat_vec4
    %store/vec4 v000001d301c841c0_0, 0, 168;
    %load/vec4 v000001d301c04790_0;
    %addi 2, 0, 32;
    %store/vec4 v000001d301c04790_0, 0, 32;
    %jmp T_4.4;
T_4.5 ;
    %end;
    .scope S_000001d301c26980;
t_4 %join;
    %pushi/vec4 440061106, 0, 32;
    %store/vec4 v000001d301c83f40_0, 0, 32;
    %fork t_7, S_000001d301bd30c0;
    %jmp t_6;
    .scope S_000001d301bd30c0;
t_7 ;
    %pushi/vec4 0, 0, 32;
    %store/vec4 v000001d301c18520_0, 0, 32;
T_4.6 ;
    %load/vec4 v000001d301c18520_0;
    %cmpi/s 32, 0, 32;
    %jmp/0xz T_4.7, 5;
    %pushi/vec4 1, 0, 1;
    %store/vec4 v000001d301c83720_0, 0, 1;
    %load/vec4 v000001d301c83f40_0;
    %parti/s 2, 30, 6;
    %store/vec4 v000001d301c83c20_0, 0, 2;
    %load/vec4 v000001d301c83f40_0;
    %parti/s 30, 0, 2;
    %load/vec4 v000001d301c83f40_0;
    %parti/s 2, 30, 6;
    %concat/vec4; draw_concat_vec4
    %store/vec4 v000001d301c83f40_0, 0, 32;
    %delay 20000, 0;
    %load/vec4 v000001d301c18520_0;
    %addi 2, 0, 32;
    %store/vec4 v000001d301c18520_0, 0, 32;
    %jmp T_4.6;
T_4.7 ;
    %end;
    .scope S_000001d301c26980;
t_6 %join;
    %pushi/vec4 0, 0, 1;
    %store/vec4 v000001d301c83720_0, 0, 1;
    %delay 400000, 0;
    %vpi_call/w 3 99 "$display", "\012Finishing Sim" {0 0 0};
    %vpi_call/w 3 100 "$finish" {0 0 0};
    %end;
    .thread T_4;
# The file index is used to find the file name in the following table.
:file_names 6;
    "N/A";
    "<interactive>";
    "-";
    "sim/cksum_tb.sv";
    "src/cksum.sv";
    "src/crc32.sv";
