#! /c/Source/iverilog-install/bin/vvp
:ivl_version "12.0 (devel)" "(s20150603-1539-g2693dd32b)";
:ivl_delay_selection "TYPICAL";
:vpi_time_precision - 12;
:vpi_module "C:\iverilog\lib\ivl\system.vpi";
:vpi_module "C:\iverilog\lib\ivl\vhdl_sys.vpi";
:vpi_module "C:\iverilog\lib\ivl\vhdl_textio.vpi";
:vpi_module "C:\iverilog\lib\ivl\v2005_math.vpi";
:vpi_module "C:\iverilog\lib\ivl\va_math.vpi";
:vpi_module "C:\iverilog\lib\ivl\v2009.vpi";
S_0000029917d8b7b0 .scope package, "$unit" "$unit" 2 1;
 .timescale 0 0;
S_0000029917d8bad0 .scope module, "clk_sync_high_low_tb" "clk_sync_high_low_tb" 3 5;
 .timescale -9 -12;
v0000029917ca7a30_0 .var "dest_clk", 0 0;
v0000029917cf0840_0 .var "input_signal_src_clk", 0 0;
v0000029917cf08e0_0 .net "output_signal_dest_clk", 0 0, v0000029917ca77b0_0;  1 drivers
v0000029917cf0980_0 .var "rst", 0 0;
v0000029917cf0a20_0 .var "src_clk", 0 0;
S_0000029917d8bc60 .scope module, "clk_sync" "clk_sync_high_to_low" 3 14, 4 5 0, S_0000029917d8bad0;
 .timescale -9 -12;
    .port_info 0 /INPUT 1 "rst";
    .port_info 1 /INPUT 1 "src_clk";
    .port_info 2 /INPUT 1 "dest_clk";
    .port_info 3 /INPUT 1 "input_signal_src_clk";
    .port_info 4 /OUTPUT 1 "output_signal_dest_clk";
v0000029917ca7670_0 .net "dest_clk", 0 0, v0000029917ca7a30_0;  1 drivers
v0000029917c730e0_0 .var "dest_clk_was_high", 0 0;
v0000029917ca7710_0 .net "input_signal_src_clk", 0 0, v0000029917cf0840_0;  1 drivers
v0000029917ca77b0_0 .var "output_signal_dest_clk", 0 0;
v0000029917ca7850_0 .net "rst", 0 0, v0000029917cf0980_0;  1 drivers
v0000029917ca78f0_0 .net "src_clk", 0 0, v0000029917cf0a20_0;  1 drivers
v0000029917ca7990_0 .var "src_was_high", 3 0;
E_0000029917d896a0 .event posedge, v0000029917ca7670_0;
E_0000029917d88ee0 .event posedge, v0000029917ca78f0_0;
    .scope S_0000029917d8bc60;
T_0 ;
    %wait E_0000029917d88ee0;
    %load/vec4 v0000029917ca7850_0;
    %flag_set/vec4 8;
    %jmp/0xz  T_0.0, 8;
    %pushi/vec4 0, 0, 1;
    %assign/vec4 v0000029917c730e0_0, 0;
    %pushi/vec4 0, 0, 4;
    %assign/vec4 v0000029917ca7990_0, 0;
    %jmp T_0.1;
T_0.0 ;
    %load/vec4 v0000029917ca7710_0;
    %flag_set/vec4 8;
    %jmp/0xz  T_0.2, 8;
    %load/vec4 v0000029917ca7990_0;
    %addi 1, 0, 4;
    %assign/vec4 v0000029917ca7990_0, 0;
    %jmp T_0.3;
T_0.2 ;
    %load/vec4 v0000029917ca77b0_0;
    %flag_set/vec4 9;
    %flag_get/vec4 9;
    %jmp/0 T_0.6, 9;
    %load/vec4 v0000029917ca7990_0;
    %pushi/vec4 0, 0, 4;
    %cmp/ne;
    %flag_get/vec4 4;
    %and;
T_0.6;
    %flag_set/vec4 8;
    %jmp/0xz  T_0.4, 8;
    %load/vec4 v0000029917ca7670_0;
    %flag_set/vec4 8;
    %jmp/0xz  T_0.7, 8;
    %pushi/vec4 1, 0, 1;
    %assign/vec4 v0000029917c730e0_0, 0;
T_0.7 ;
    %load/vec4 v0000029917ca7670_0;
    %nor/r;
    %flag_set/vec4 9;
    %flag_get/vec4 9;
    %jmp/0 T_0.11, 9;
    %load/vec4 v0000029917c730e0_0;
    %and;
T_0.11;
    %flag_set/vec4 8;
    %jmp/0xz  T_0.9, 8;
    %pushi/vec4 0, 0, 1;
    %assign/vec4 v0000029917c730e0_0, 0;
    %load/vec4 v0000029917ca7990_0;
    %subi 1, 0, 4;
    %assign/vec4 v0000029917ca7990_0, 0;
T_0.9 ;
T_0.4 ;
T_0.3 ;
T_0.1 ;
    %jmp T_0;
    .thread T_0;
    .scope S_0000029917d8bc60;
T_1 ;
    %wait E_0000029917d896a0;
    %load/vec4 v0000029917ca7850_0;
    %flag_set/vec4 8;
    %jmp/0xz  T_1.0, 8;
    %pushi/vec4 0, 0, 1;
    %assign/vec4 v0000029917ca77b0_0, 0;
    %jmp T_1.1;
T_1.0 ;
    %load/vec4 v0000029917ca7990_0;
    %cmpi/ne 0, 0, 4;
    %jmp/0xz  T_1.2, 4;
    %pushi/vec4 1, 0, 1;
    %assign/vec4 v0000029917ca77b0_0, 0;
    %jmp T_1.3;
T_1.2 ;
    %pushi/vec4 0, 0, 1;
    %assign/vec4 v0000029917ca77b0_0, 0;
T_1.3 ;
T_1.1 ;
    %jmp T_1;
    .thread T_1;
    .scope S_0000029917d8bad0;
T_2 ;
    %delay 6000, 0;
    %load/vec4 v0000029917ca7a30_0;
    %nor/r;
    %store/vec4 v0000029917ca7a30_0, 0, 1;
    %jmp T_2;
    .thread T_2;
    .scope S_0000029917d8bad0;
T_3 ;
    %delay 2500, 0;
    %load/vec4 v0000029917cf0a20_0;
    %nor/r;
    %store/vec4 v0000029917cf0a20_0, 0, 1;
    %jmp T_3;
    .thread T_3;
    .scope S_0000029917d8bad0;
T_4 ;
    %vpi_call/w 3 34 "$dumpfile", "cshl.vcd" {0 0 0};
    %vpi_call/w 3 35 "$dumpvars", 32'sb00000000000000000000000000000000, S_0000029917d8bad0 {0 0 0};
    %vpi_call/w 3 36 "$display", "Starting Sim" {0 0 0};
    %pushi/vec4 0, 0, 1;
    %store/vec4 v0000029917cf0a20_0, 0, 1;
    %pushi/vec4 0, 0, 1;
    %store/vec4 v0000029917ca7a30_0, 0, 1;
    %pushi/vec4 0, 0, 1;
    %store/vec4 v0000029917cf0980_0, 0, 1;
    %pushi/vec4 0, 0, 1;
    %store/vec4 v0000029917cf0840_0, 0, 1;
    %delay 22500, 0;
    %pushi/vec4 1, 0, 1;
    %store/vec4 v0000029917cf0980_0, 0, 1;
    %delay 20000, 0;
    %pushi/vec4 0, 0, 1;
    %store/vec4 v0000029917cf0980_0, 0, 1;
    %delay 20000, 0;
    %delay 40000, 0;
    %pushi/vec4 1, 0, 1;
    %store/vec4 v0000029917cf0840_0, 0, 1;
    %delay 5000, 0;
    %pushi/vec4 0, 0, 1;
    %store/vec4 v0000029917cf0840_0, 0, 1;
    %delay 5000, 0;
    %delay 600000, 0;
    %vpi_call/w 3 58 "$finish" {0 0 0};
    %end;
    .thread T_4;
# The file index is used to find the file name in the following table.
:file_names 5;
    "N/A";
    "<interactive>";
    "-";
    ".\sim\clk_sync_high_to_low_tb.sv";
    ".\src\clk_sync_high_to_low.sv";
