#! /mingw64/bin/vvp
:ivl_version "12.0 (devel)" "(s20150603-1391-gd480c4d7d)";
:ivl_delay_selection "TYPICAL";
:vpi_time_precision - 12;
:vpi_module "C:\msys64\mingw64\lib\ivl\system.vpi";
:vpi_module "C:\msys64\mingw64\lib\ivl\vhdl_sys.vpi";
:vpi_module "C:\msys64\mingw64\lib\ivl\vhdl_textio.vpi";
:vpi_module "C:\msys64\mingw64\lib\ivl\v2005_math.vpi";
:vpi_module "C:\msys64\mingw64\lib\ivl\va_math.vpi";
:vpi_module "C:\msys64\mingw64\lib\ivl\v2009.vpi";
S_000002c7522328a0 .scope package, "$unit" "$unit" 2 1;
 .timescale 0 0;
S_000002c7522470a0 .scope module, "ether_tb" "ether_tb" 3 4;
 .timescale -9 -12;
v000002c75229a5a0_0 .net "axiod", 1 0, L_000002c75229dcb0;  1 drivers
v000002c75229a640_0 .net "axiov", 0 0, L_000002c752216b10;  1 drivers
v000002c75229a6e0_0 .var "clk", 0 0;
v000002c75229a820_0 .var "crsdv", 0 0;
v000002c75229cc70_0 .var "rst", 0 0;
v000002c75229d990_0 .var "rxd", 1 0;
S_000002c752214560 .scope begin, "$ivl_for_loop0" "$ivl_for_loop0" 3 50, 3 50 0, S_000002c7522470a0;
 .timescale -9 -12;
v000002c7522146f0_0 .var/i "i", 31 0;
S_000002c752214790 .scope begin, "$ivl_for_loop1" "$ivl_for_loop1" 3 66, 3 66 0, S_000002c7522470a0;
 .timescale -9 -12;
v000002c752214920_0 .var/i "i", 31 0;
S_000002c752299010 .scope begin, "$ivl_for_loop10" "$ivl_for_loop10" 3 282, 3 282 0, S_000002c7522470a0;
 .timescale -9 -12;
v000002c7521b3330_0 .var/i "i", 31 0;
S_000002c7522991a0 .scope begin, "$ivl_for_loop11" "$ivl_for_loop11" 3 288, 3 288 0, S_000002c7522470a0;
 .timescale -9 -12;
v000002c752299330_0 .var/i "i", 31 0;
S_000002c7522993d0 .scope begin, "$ivl_for_loop12" "$ivl_for_loop12" 3 363, 3 363 0, S_000002c7522470a0;
 .timescale -9 -12;
v000002c752299560_0 .var/i "i", 31 0;
S_000002c752299600 .scope begin, "$ivl_for_loop13" "$ivl_for_loop13" 3 379, 3 379 0, S_000002c7522470a0;
 .timescale -9 -12;
v000002c752299790_0 .var/i "i", 31 0;
S_000002c752299830 .scope begin, "$ivl_for_loop14" "$ivl_for_loop14" 3 385, 3 385 0, S_000002c7522470a0;
 .timescale -9 -12;
v000002c7522999c0_0 .var/i "i", 31 0;
S_000002c752299a60 .scope begin, "$ivl_for_loop15" "$ivl_for_loop15" 3 391, 3 391 0, S_000002c7522470a0;
 .timescale -9 -12;
v000002c752299bf0_0 .var/i "i", 31 0;
S_000002c752299c90 .scope begin, "$ivl_for_loop16" "$ivl_for_loop16" 3 398, 3 398 0, S_000002c7522470a0;
 .timescale -9 -12;
v000002c752299e20_0 .var/i "i", 31 0;
S_000002c752299ec0 .scope begin, "$ivl_for_loop2" "$ivl_for_loop2" 3 72, 3 72 0, S_000002c7522470a0;
 .timescale -9 -12;
v000002c75229a780_0 .var/i "i", 31 0;
S_000002c75229b060 .scope begin, "$ivl_for_loop3" "$ivl_for_loop3" 3 78, 3 78 0, S_000002c7522470a0;
 .timescale -9 -12;
v000002c75229a960_0 .var/i "i", 31 0;
S_000002c75229b1f0 .scope begin, "$ivl_for_loop4" "$ivl_for_loop4" 3 153, 3 153 0, S_000002c7522470a0;
 .timescale -9 -12;
v000002c75229aaa0_0 .var/i "i", 31 0;
S_000002c75229b380 .scope begin, "$ivl_for_loop5" "$ivl_for_loop5" 3 173, 3 173 0, S_000002c7522470a0;
 .timescale -9 -12;
v000002c75229a320_0 .var/i "i", 31 0;
S_000002c75229b510 .scope begin, "$ivl_for_loop6" "$ivl_for_loop6" 3 179, 3 179 0, S_000002c7522470a0;
 .timescale -9 -12;
v000002c75229a140_0 .var/i "i", 31 0;
S_000002c75229bba0 .scope begin, "$ivl_for_loop7" "$ivl_for_loop7" 3 185, 3 185 0, S_000002c7522470a0;
 .timescale -9 -12;
v000002c75229ac80_0 .var/i "i", 31 0;
S_000002c75229bd30 .scope begin, "$ivl_for_loop8" "$ivl_for_loop8" 3 260, 3 260 0, S_000002c7522470a0;
 .timescale -9 -12;
v000002c75229adc0_0 .var/i "i", 31 0;
S_000002c75229b6f0 .scope begin, "$ivl_for_loop9" "$ivl_for_loop9" 3 276, 3 276 0, S_000002c7522470a0;
 .timescale -9 -12;
v000002c75229ae60_0 .var/i "i", 31 0;
S_000002c75229ba10 .scope module, "eth" "ether" 3 13, 4 4 0, S_000002c7522470a0;
 .timescale -9 -12;
    .port_info 0 /INPUT 1 "clk";
    .port_info 1 /INPUT 1 "rst";
    .port_info 2 /INPUT 2 "rxd";
    .port_info 3 /INPUT 1 "crsdv";
    .port_info 4 /OUTPUT 1 "axiov";
    .port_info 5 /OUTPUT 2 "axiod";
enum000002c7521fbc40 .enum2/s (32)
   "WAITING" 0,
   "FALSE_CARRIER" 1,
   "PREAMBLE" 2,
   "SFD1" 3,
   "SFD2" 4,
   "SFD3" 5,
   "SFD4" 6,
   "READING" 7
 ;
L_000002c752216aa0 .functor AND 1, L_000002c75229d850, v000002c75229a820_0, C4<1>, C4<1>;
L_000002c752216b10 .functor AND 1, L_000002c752216aa0, v000002c75229ad20_0, C4<1>, C4<1>;
L_000002c7522a0088 .functor BUFT 1, C4<00000000000000000000000000000111>, C4<0>, C4<0>, C4<0>;
v000002c75229a8c0_0 .net/2s *"_ivl_0", 31 0, L_000002c7522a0088;  1 drivers
v000002c75229a3c0_0 .net *"_ivl_2", 0 0, L_000002c75229d850;  1 drivers
v000002c75229aa00_0 .net *"_ivl_4", 0 0, L_000002c752216aa0;  1 drivers
L_000002c7522a00d0 .functor BUFT 1, C4<00>, C4<0>, C4<0>, C4<0>;
v000002c75229a460_0 .net/2u *"_ivl_8", 1 0, L_000002c7522a00d0;  1 drivers
v000002c75229ab40_0 .net "axiod", 1 0, L_000002c75229dcb0;  alias, 1 drivers
v000002c75229a0a0_0 .net "axiov", 0 0, L_000002c752216b10;  alias, 1 drivers
v000002c75229a500_0 .net "clk", 0 0, v000002c75229a6e0_0;  1 drivers
v000002c75229abe0_0 .net "crsdv", 0 0, v000002c75229a820_0;  1 drivers
v000002c75229af00_0 .var "preamble_count", 4 0;
v000002c75229ad20_0 .var "received", 0 0;
v000002c75229afa0_0 .net "rst", 0 0, v000002c75229cc70_0;  1 drivers
v000002c75229a1e0_0 .net "rxd", 1 0, v000002c75229d990_0;  1 drivers
v000002c75229a280_0 .var/2s "state", 31 0;
E_000002c75223bb90 .event posedge, v000002c75229a500_0;
L_000002c75229d850 .cmp/eq 32, v000002c75229a280_0, L_000002c7522a0088;
L_000002c75229dcb0 .functor MUXZ 2, L_000002c7522a00d0, v000002c75229d990_0, L_000002c752216b10, C4<>;
    .scope S_000002c75229ba10;
T_0 ;
    %wait E_000002c75223bb90;
    %load/vec4 v000002c75229afa0_0;
    %flag_set/vec4 8;
    %jmp/0xz  T_0.0, 8;
    %pushi/vec4 0, 0, 32;
    %assign/vec4 v000002c75229a280_0, 0;
    %pushi/vec4 0, 0, 5;
    %assign/vec4 v000002c75229af00_0, 0;
    %pushi/vec4 0, 0, 1;
    %assign/vec4 v000002c75229ad20_0, 0;
    %jmp T_0.1;
T_0.0 ;
    %load/vec4 v000002c75229a280_0;
    %dup/vec4;
    %pushi/vec4 0, 0, 32;
    %cmp/u;
    %jmp/1 T_0.2, 6;
    %dup/vec4;
    %pushi/vec4 1, 0, 32;
    %cmp/u;
    %jmp/1 T_0.3, 6;
    %dup/vec4;
    %pushi/vec4 2, 0, 32;
    %cmp/u;
    %jmp/1 T_0.4, 6;
    %dup/vec4;
    %pushi/vec4 3, 0, 32;
    %cmp/u;
    %jmp/1 T_0.5, 6;
    %dup/vec4;
    %pushi/vec4 4, 0, 32;
    %cmp/u;
    %jmp/1 T_0.6, 6;
    %dup/vec4;
    %pushi/vec4 5, 0, 32;
    %cmp/u;
    %jmp/1 T_0.7, 6;
    %dup/vec4;
    %pushi/vec4 6, 0, 32;
    %cmp/u;
    %jmp/1 T_0.8, 6;
    %dup/vec4;
    %pushi/vec4 7, 0, 32;
    %cmp/u;
    %jmp/1 T_0.9, 6;
    %pushi/vec4 0, 0, 32;
    %assign/vec4 v000002c75229a280_0, 0;
    %jmp T_0.11;
T_0.2 ;
    %load/vec4 v000002c75229abe0_0;
    %cmpi/e 1, 0, 1;
    %flag_get/vec4 4;
    %jmp/0 T_0.14, 4;
    %load/vec4 v000002c75229a1e0_0;
    %pushi/vec4 1, 0, 2;
    %cmp/e;
    %flag_get/vec4 4;
    %and;
T_0.14;
    %flag_set/vec4 8;
    %jmp/0xz  T_0.12, 8;
    %pushi/vec4 2, 0, 32;
    %assign/vec4 v000002c75229a280_0, 0;
    %pushi/vec4 1, 0, 5;
    %assign/vec4 v000002c75229af00_0, 0;
T_0.12 ;
    %jmp T_0.11;
T_0.3 ;
    %load/vec4 v000002c75229abe0_0;
    %inv;
    %flag_set/vec4 8;
    %jmp/0xz  T_0.15, 8;
    %pushi/vec4 0, 0, 32;
    %assign/vec4 v000002c75229a280_0, 0;
    %pushi/vec4 0, 0, 5;
    %assign/vec4 v000002c75229af00_0, 0;
T_0.15 ;
    %jmp T_0.11;
T_0.4 ;
    %load/vec4 v000002c75229a1e0_0;
    %cmpi/ne 1, 0, 2;
    %jmp/0xz  T_0.17, 4;
    %pushi/vec4 1, 0, 32;
    %assign/vec4 v000002c75229a280_0, 0;
    %jmp T_0.18;
T_0.17 ;
    %load/vec4 v000002c75229af00_0;
    %addi 1, 0, 5;
    %assign/vec4 v000002c75229af00_0, 0;
    %load/vec4 v000002c75229af00_0;
    %cmpi/e 27, 0, 5;
    %jmp/0xz  T_0.19, 4;
    %pushi/vec4 3, 0, 32;
    %assign/vec4 v000002c75229a280_0, 0;
T_0.19 ;
T_0.18 ;
    %jmp T_0.11;
T_0.5 ;
    %load/vec4 v000002c75229a1e0_0;
    %cmpi/e 1, 0, 2;
    %jmp/0xz  T_0.21, 4;
    %pushi/vec4 4, 0, 32;
    %assign/vec4 v000002c75229a280_0, 0;
    %jmp T_0.22;
T_0.21 ;
    %pushi/vec4 1, 0, 32;
    %assign/vec4 v000002c75229a280_0, 0;
T_0.22 ;
    %jmp T_0.11;
T_0.6 ;
    %load/vec4 v000002c75229a1e0_0;
    %cmpi/e 1, 0, 2;
    %jmp/0xz  T_0.23, 4;
    %pushi/vec4 5, 0, 32;
    %assign/vec4 v000002c75229a280_0, 0;
    %jmp T_0.24;
T_0.23 ;
    %pushi/vec4 1, 0, 32;
    %assign/vec4 v000002c75229a280_0, 0;
T_0.24 ;
    %jmp T_0.11;
T_0.7 ;
    %load/vec4 v000002c75229a1e0_0;
    %cmpi/e 1, 0, 2;
    %jmp/0xz  T_0.25, 4;
    %pushi/vec4 6, 0, 32;
    %assign/vec4 v000002c75229a280_0, 0;
    %jmp T_0.26;
T_0.25 ;
    %pushi/vec4 1, 0, 32;
    %assign/vec4 v000002c75229a280_0, 0;
T_0.26 ;
    %jmp T_0.11;
T_0.8 ;
    %load/vec4 v000002c75229a1e0_0;
    %cmpi/e 3, 0, 2;
    %jmp/0xz  T_0.27, 4;
    %pushi/vec4 7, 0, 32;
    %assign/vec4 v000002c75229a280_0, 0;
    %jmp T_0.28;
T_0.27 ;
    %pushi/vec4 1, 0, 32;
    %assign/vec4 v000002c75229a280_0, 0;
T_0.28 ;
    %jmp T_0.11;
T_0.9 ;
    %load/vec4 v000002c75229abe0_0;
    %inv;
    %flag_set/vec4 8;
    %jmp/0xz  T_0.29, 8;
    %pushi/vec4 0, 0, 32;
    %assign/vec4 v000002c75229a280_0, 0;
    %pushi/vec4 0, 0, 1;
    %assign/vec4 v000002c75229ad20_0, 0;
    %jmp T_0.30;
T_0.29 ;
    %pushi/vec4 1, 0, 1;
    %assign/vec4 v000002c75229ad20_0, 0;
T_0.30 ;
    %jmp T_0.11;
T_0.11 ;
    %pop/vec4 1;
T_0.1 ;
    %jmp T_0;
    .thread T_0;
    .scope S_000002c7522470a0;
T_1 ;
    %delay 10000, 0;
    %load/vec4 v000002c75229a6e0_0;
    %nor/r;
    %store/vec4 v000002c75229a6e0_0, 0, 1;
    %jmp T_1;
    .thread T_1;
    .scope S_000002c7522470a0;
T_2 ;
    %vpi_call/w 3 29 "$dumpfile", "ether.vcd" {0 0 0};
    %vpi_call/w 3 30 "$dumpvars", 32'sb00000000000000000000000000000000, S_000002c7522470a0 {0 0 0};
    %vpi_call/w 3 31 "$display", "Starting Sim" {0 0 0};
    %pushi/vec4 0, 0, 1;
    %store/vec4 v000002c75229a6e0_0, 0, 1;
    %pushi/vec4 0, 0, 1;
    %store/vec4 v000002c75229cc70_0, 0, 1;
    %pushi/vec4 0, 0, 2;
    %store/vec4 v000002c75229d990_0, 0, 2;
    %pushi/vec4 0, 0, 1;
    %store/vec4 v000002c75229a820_0, 0, 1;
    %delay 20000, 0;
    %delay 20000, 0;
    %pushi/vec4 1, 0, 1;
    %store/vec4 v000002c75229cc70_0, 0, 1;
    %delay 20000, 0;
    %pushi/vec4 0, 0, 1;
    %store/vec4 v000002c75229cc70_0, 0, 1;
    %delay 20000, 0;
    %pushi/vec4 1, 0, 1;
    %store/vec4 v000002c75229a820_0, 0, 1;
    %delay 80000, 0;
    %fork t_1, S_000002c752214560;
    %jmp t_0;
    .scope S_000002c752214560;
t_1 ;
    %pushi/vec4 0, 0, 32;
    %store/vec4 v000002c7522146f0_0, 0, 32;
T_2.0 ;
    %load/vec4 v000002c7522146f0_0;
    %cmpi/s 28, 0, 32;
    %jmp/0xz T_2.1, 5;
    %pushi/vec4 1, 0, 2;
    %store/vec4 v000002c75229d990_0, 0, 2;
    %delay 20000, 0;
    %load/vec4 v000002c7522146f0_0;
    %addi 1, 0, 32;
    %store/vec4 v000002c7522146f0_0, 0, 32;
    %jmp T_2.0;
T_2.1 ;
    %end;
    .scope S_000002c7522470a0;
t_0 %join;
    %pushi/vec4 1, 0, 2;
    %store/vec4 v000002c75229d990_0, 0, 2;
    %delay 20000, 0;
    %pushi/vec4 1, 0, 2;
    %store/vec4 v000002c75229d990_0, 0, 2;
    %delay 20000, 0;
    %pushi/vec4 1, 0, 2;
    %store/vec4 v000002c75229d990_0, 0, 2;
    %delay 20000, 0;
    %pushi/vec4 3, 0, 2;
    %store/vec4 v000002c75229d990_0, 0, 2;
    %delay 20000, 0;
    %fork t_3, S_000002c752214790;
    %jmp t_2;
    .scope S_000002c752214790;
t_3 ;
    %pushi/vec4 0, 0, 32;
    %store/vec4 v000002c752214920_0, 0, 32;
T_2.2 ;
    %load/vec4 v000002c752214920_0;
    %cmpi/s 24, 0, 32;
    %jmp/0xz T_2.3, 5;
    %pushi/vec4 3, 0, 2;
    %store/vec4 v000002c75229d990_0, 0, 2;
    %delay 20000, 0;
    %load/vec4 v000002c752214920_0;
    %addi 1, 0, 32;
    %store/vec4 v000002c752214920_0, 0, 32;
    %jmp T_2.2;
T_2.3 ;
    %end;
    .scope S_000002c7522470a0;
t_2 %join;
    %fork t_5, S_000002c752299ec0;
    %jmp t_4;
    .scope S_000002c752299ec0;
t_5 ;
    %pushi/vec4 0, 0, 32;
    %store/vec4 v000002c75229a780_0, 0, 32;
T_2.4 ;
    %load/vec4 v000002c75229a780_0;
    %cmpi/s 24, 0, 32;
    %jmp/0xz T_2.5, 5;
    %pushi/vec4 1, 0, 2;
    %store/vec4 v000002c75229d990_0, 0, 2;
    %delay 20000, 0;
    %load/vec4 v000002c75229a780_0;
    %addi 1, 0, 32;
    %store/vec4 v000002c75229a780_0, 0, 32;
    %jmp T_2.4;
T_2.5 ;
    %end;
    .scope S_000002c7522470a0;
t_4 %join;
    %fork t_7, S_000002c75229b060;
    %jmp t_6;
    .scope S_000002c75229b060;
t_7 ;
    %pushi/vec4 0, 0, 32;
    %store/vec4 v000002c75229a960_0, 0, 32;
T_2.6 ;
    %load/vec4 v000002c75229a960_0;
    %cmpi/s 8, 0, 32;
    %jmp/0xz T_2.7, 5;
    %pushi/vec4 0, 0, 2;
    %store/vec4 v000002c75229d990_0, 0, 2;
    %delay 20000, 0;
    %load/vec4 v000002c75229a960_0;
    %addi 1, 0, 32;
    %store/vec4 v000002c75229a960_0, 0, 32;
    %jmp T_2.6;
T_2.7 ;
    %end;
    .scope S_000002c7522470a0;
t_6 %join;
    %pushi/vec4 2, 0, 2;
    %store/vec4 v000002c75229d990_0, 0, 2;
    %delay 20000, 0;
    %pushi/vec4 0, 0, 2;
    %store/vec4 v000002c75229d990_0, 0, 2;
    %delay 20000, 0;
    %pushi/vec4 1, 0, 2;
    %store/vec4 v000002c75229d990_0, 0, 2;
    %delay 20000, 0;
    %pushi/vec4 0, 0, 2;
    %store/vec4 v000002c75229d990_0, 0, 2;
    %delay 20000, 0;
    %pushi/vec4 0, 0, 2;
    %store/vec4 v000002c75229d990_0, 0, 2;
    %delay 20000, 0;
    %pushi/vec4 1, 0, 2;
    %store/vec4 v000002c75229d990_0, 0, 2;
    %delay 20000, 0;
    %pushi/vec4 3, 0, 2;
    %store/vec4 v000002c75229d990_0, 0, 2;
    %delay 20000, 0;
    %pushi/vec4 0, 0, 2;
    %store/vec4 v000002c75229d990_0, 0, 2;
    %delay 20000, 0;
    %pushi/vec4 3, 0, 2;
    %store/vec4 v000002c75229d990_0, 0, 2;
    %delay 20000, 0;
    %pushi/vec4 0, 0, 2;
    %store/vec4 v000002c75229d990_0, 0, 2;
    %delay 20000, 0;
    %pushi/vec4 1, 0, 2;
    %store/vec4 v000002c75229d990_0, 0, 2;
    %delay 20000, 0;
    %pushi/vec4 3, 0, 2;
    %store/vec4 v000002c75229d990_0, 0, 2;
    %delay 20000, 0;
    %pushi/vec4 3, 0, 2;
    %store/vec4 v000002c75229d990_0, 0, 2;
    %delay 20000, 0;
    %pushi/vec4 3, 0, 2;
    %store/vec4 v000002c75229d990_0, 0, 2;
    %delay 20000, 0;
    %pushi/vec4 2, 0, 2;
    %store/vec4 v000002c75229d990_0, 0, 2;
    %delay 20000, 0;
    %pushi/vec4 0, 0, 2;
    %store/vec4 v000002c75229d990_0, 0, 2;
    %delay 20000, 0;
    %pushi/vec4 0, 0, 2;
    %store/vec4 v000002c75229d990_0, 0, 2;
    %delay 20000, 0;
    %pushi/vec4 3, 0, 2;
    %store/vec4 v000002c75229d990_0, 0, 2;
    %delay 20000, 0;
    %pushi/vec4 1, 0, 2;
    %store/vec4 v000002c75229d990_0, 0, 2;
    %delay 20000, 0;
    %pushi/vec4 2, 0, 2;
    %store/vec4 v000002c75229d990_0, 0, 2;
    %delay 20000, 0;
    %pushi/vec4 0, 0, 2;
    %store/vec4 v000002c75229d990_0, 0, 2;
    %delay 20000, 0;
    %pushi/vec4 1, 0, 2;
    %store/vec4 v000002c75229d990_0, 0, 2;
    %delay 20000, 0;
    %pushi/vec4 2, 0, 2;
    %store/vec4 v000002c75229d990_0, 0, 2;
    %delay 20000, 0;
    %pushi/vec4 1, 0, 2;
    %store/vec4 v000002c75229d990_0, 0, 2;
    %delay 20000, 0;
    %pushi/vec4 0, 0, 2;
    %store/vec4 v000002c75229d990_0, 0, 2;
    %pushi/vec4 0, 0, 1;
    %store/vec4 v000002c75229a820_0, 0, 1;
    %delay 20000, 0;
    %delay 20000, 0;
    %delay 20000, 0;
    %pushi/vec4 0, 0, 1;
    %store/vec4 v000002c75229a820_0, 0, 1;
    %delay 20000, 0;
    %pushi/vec4 1, 0, 1;
    %store/vec4 v000002c75229a820_0, 0, 1;
    %delay 80000, 0;
    %fork t_9, S_000002c75229b1f0;
    %jmp t_8;
    .scope S_000002c75229b1f0;
t_9 ;
    %pushi/vec4 0, 0, 32;
    %store/vec4 v000002c75229aaa0_0, 0, 32;
T_2.8 ;
    %load/vec4 v000002c75229aaa0_0;
    %cmpi/s 28, 0, 32;
    %jmp/0xz T_2.9, 5;
    %load/vec4 v000002c75229aaa0_0;
    %cmpi/e 23, 0, 32;
    %jmp/0xz  T_2.10, 4;
    %pushi/vec4 0, 0, 2;
    %store/vec4 v000002c75229d990_0, 0, 2;
    %jmp T_2.11;
T_2.10 ;
    %pushi/vec4 1, 0, 2;
    %store/vec4 v000002c75229d990_0, 0, 2;
T_2.11 ;
    %delay 20000, 0;
    %load/vec4 v000002c75229aaa0_0;
    %addi 1, 0, 32;
    %store/vec4 v000002c75229aaa0_0, 0, 32;
    %jmp T_2.8;
T_2.9 ;
    %end;
    .scope S_000002c7522470a0;
t_8 %join;
    %pushi/vec4 1, 0, 2;
    %store/vec4 v000002c75229d990_0, 0, 2;
    %delay 20000, 0;
    %pushi/vec4 1, 0, 2;
    %store/vec4 v000002c75229d990_0, 0, 2;
    %delay 20000, 0;
    %pushi/vec4 1, 0, 2;
    %store/vec4 v000002c75229d990_0, 0, 2;
    %delay 20000, 0;
    %pushi/vec4 3, 0, 2;
    %store/vec4 v000002c75229d990_0, 0, 2;
    %delay 20000, 0;
    %fork t_11, S_000002c75229b380;
    %jmp t_10;
    .scope S_000002c75229b380;
t_11 ;
    %pushi/vec4 0, 0, 32;
    %store/vec4 v000002c75229a320_0, 0, 32;
T_2.12 ;
    %load/vec4 v000002c75229a320_0;
    %cmpi/s 24, 0, 32;
    %jmp/0xz T_2.13, 5;
    %pushi/vec4 2, 0, 2;
    %store/vec4 v000002c75229d990_0, 0, 2;
    %delay 20000, 0;
    %load/vec4 v000002c75229a320_0;
    %addi 1, 0, 32;
    %store/vec4 v000002c75229a320_0, 0, 32;
    %jmp T_2.12;
T_2.13 ;
    %end;
    .scope S_000002c7522470a0;
t_10 %join;
    %fork t_13, S_000002c75229b510;
    %jmp t_12;
    .scope S_000002c75229b510;
t_13 ;
    %pushi/vec4 0, 0, 32;
    %store/vec4 v000002c75229a140_0, 0, 32;
T_2.14 ;
    %load/vec4 v000002c75229a140_0;
    %cmpi/s 24, 0, 32;
    %jmp/0xz T_2.15, 5;
    %pushi/vec4 1, 0, 2;
    %store/vec4 v000002c75229d990_0, 0, 2;
    %delay 20000, 0;
    %load/vec4 v000002c75229a140_0;
    %addi 1, 0, 32;
    %store/vec4 v000002c75229a140_0, 0, 32;
    %jmp T_2.14;
T_2.15 ;
    %end;
    .scope S_000002c7522470a0;
t_12 %join;
    %fork t_15, S_000002c75229bba0;
    %jmp t_14;
    .scope S_000002c75229bba0;
t_15 ;
    %pushi/vec4 0, 0, 32;
    %store/vec4 v000002c75229ac80_0, 0, 32;
T_2.16 ;
    %load/vec4 v000002c75229ac80_0;
    %cmpi/s 8, 0, 32;
    %jmp/0xz T_2.17, 5;
    %pushi/vec4 0, 0, 2;
    %store/vec4 v000002c75229d990_0, 0, 2;
    %delay 20000, 0;
    %load/vec4 v000002c75229ac80_0;
    %addi 1, 0, 32;
    %store/vec4 v000002c75229ac80_0, 0, 32;
    %jmp T_2.16;
T_2.17 ;
    %end;
    .scope S_000002c7522470a0;
t_14 %join;
    %pushi/vec4 2, 0, 2;
    %store/vec4 v000002c75229d990_0, 0, 2;
    %delay 20000, 0;
    %pushi/vec4 0, 0, 2;
    %store/vec4 v000002c75229d990_0, 0, 2;
    %delay 20000, 0;
    %pushi/vec4 1, 0, 2;
    %store/vec4 v000002c75229d990_0, 0, 2;
    %delay 20000, 0;
    %pushi/vec4 0, 0, 2;
    %store/vec4 v000002c75229d990_0, 0, 2;
    %delay 20000, 0;
    %pushi/vec4 0, 0, 2;
    %store/vec4 v000002c75229d990_0, 0, 2;
    %delay 20000, 0;
    %pushi/vec4 1, 0, 2;
    %store/vec4 v000002c75229d990_0, 0, 2;
    %delay 20000, 0;
    %pushi/vec4 3, 0, 2;
    %store/vec4 v000002c75229d990_0, 0, 2;
    %delay 20000, 0;
    %pushi/vec4 0, 0, 2;
    %store/vec4 v000002c75229d990_0, 0, 2;
    %delay 20000, 0;
    %pushi/vec4 3, 0, 2;
    %store/vec4 v000002c75229d990_0, 0, 2;
    %delay 20000, 0;
    %pushi/vec4 0, 0, 2;
    %store/vec4 v000002c75229d990_0, 0, 2;
    %delay 20000, 0;
    %pushi/vec4 1, 0, 2;
    %store/vec4 v000002c75229d990_0, 0, 2;
    %delay 20000, 0;
    %pushi/vec4 3, 0, 2;
    %store/vec4 v000002c75229d990_0, 0, 2;
    %delay 20000, 0;
    %pushi/vec4 3, 0, 2;
    %store/vec4 v000002c75229d990_0, 0, 2;
    %delay 20000, 0;
    %pushi/vec4 3, 0, 2;
    %store/vec4 v000002c75229d990_0, 0, 2;
    %delay 20000, 0;
    %pushi/vec4 2, 0, 2;
    %store/vec4 v000002c75229d990_0, 0, 2;
    %delay 20000, 0;
    %pushi/vec4 0, 0, 2;
    %store/vec4 v000002c75229d990_0, 0, 2;
    %delay 20000, 0;
    %pushi/vec4 0, 0, 2;
    %store/vec4 v000002c75229d990_0, 0, 2;
    %delay 20000, 0;
    %pushi/vec4 3, 0, 2;
    %store/vec4 v000002c75229d990_0, 0, 2;
    %delay 20000, 0;
    %pushi/vec4 1, 0, 2;
    %store/vec4 v000002c75229d990_0, 0, 2;
    %delay 20000, 0;
    %pushi/vec4 2, 0, 2;
    %store/vec4 v000002c75229d990_0, 0, 2;
    %delay 20000, 0;
    %pushi/vec4 0, 0, 2;
    %store/vec4 v000002c75229d990_0, 0, 2;
    %delay 20000, 0;
    %pushi/vec4 1, 0, 2;
    %store/vec4 v000002c75229d990_0, 0, 2;
    %delay 20000, 0;
    %pushi/vec4 2, 0, 2;
    %store/vec4 v000002c75229d990_0, 0, 2;
    %delay 20000, 0;
    %pushi/vec4 1, 0, 2;
    %store/vec4 v000002c75229d990_0, 0, 2;
    %delay 20000, 0;
    %pushi/vec4 0, 0, 2;
    %store/vec4 v000002c75229d990_0, 0, 2;
    %pushi/vec4 0, 0, 1;
    %store/vec4 v000002c75229a820_0, 0, 1;
    %delay 20000, 0;
    %delay 20000, 0;
    %delay 20000, 0;
    %pushi/vec4 0, 0, 1;
    %store/vec4 v000002c75229a820_0, 0, 1;
    %delay 20000, 0;
    %pushi/vec4 1, 0, 1;
    %store/vec4 v000002c75229a820_0, 0, 1;
    %delay 80000, 0;
    %fork t_17, S_000002c75229bd30;
    %jmp t_16;
    .scope S_000002c75229bd30;
t_17 ;
    %pushi/vec4 0, 0, 32;
    %store/vec4 v000002c75229adc0_0, 0, 32;
T_2.18 ;
    %load/vec4 v000002c75229adc0_0;
    %cmpi/s 28, 0, 32;
    %jmp/0xz T_2.19, 5;
    %pushi/vec4 1, 0, 2;
    %store/vec4 v000002c75229d990_0, 0, 2;
    %delay 20000, 0;
    %load/vec4 v000002c75229adc0_0;
    %addi 1, 0, 32;
    %store/vec4 v000002c75229adc0_0, 0, 32;
    %jmp T_2.18;
T_2.19 ;
    %end;
    .scope S_000002c7522470a0;
t_16 %join;
    %pushi/vec4 1, 0, 2;
    %store/vec4 v000002c75229d990_0, 0, 2;
    %delay 20000, 0;
    %pushi/vec4 1, 0, 2;
    %store/vec4 v000002c75229d990_0, 0, 2;
    %delay 20000, 0;
    %pushi/vec4 1, 0, 2;
    %store/vec4 v000002c75229d990_0, 0, 2;
    %delay 20000, 0;
    %pushi/vec4 1, 0, 2;
    %store/vec4 v000002c75229d990_0, 0, 2;
    %delay 20000, 0;
    %fork t_19, S_000002c75229b6f0;
    %jmp t_18;
    .scope S_000002c75229b6f0;
t_19 ;
    %pushi/vec4 0, 0, 32;
    %store/vec4 v000002c75229ae60_0, 0, 32;
T_2.20 ;
    %load/vec4 v000002c75229ae60_0;
    %cmpi/s 24, 0, 32;
    %jmp/0xz T_2.21, 5;
    %pushi/vec4 2, 0, 2;
    %store/vec4 v000002c75229d990_0, 0, 2;
    %delay 20000, 0;
    %load/vec4 v000002c75229ae60_0;
    %addi 1, 0, 32;
    %store/vec4 v000002c75229ae60_0, 0, 32;
    %jmp T_2.20;
T_2.21 ;
    %end;
    .scope S_000002c7522470a0;
t_18 %join;
    %fork t_21, S_000002c752299010;
    %jmp t_20;
    .scope S_000002c752299010;
t_21 ;
    %pushi/vec4 0, 0, 32;
    %store/vec4 v000002c7521b3330_0, 0, 32;
T_2.22 ;
    %load/vec4 v000002c7521b3330_0;
    %cmpi/s 24, 0, 32;
    %jmp/0xz T_2.23, 5;
    %pushi/vec4 1, 0, 2;
    %store/vec4 v000002c75229d990_0, 0, 2;
    %delay 20000, 0;
    %load/vec4 v000002c7521b3330_0;
    %addi 1, 0, 32;
    %store/vec4 v000002c7521b3330_0, 0, 32;
    %jmp T_2.22;
T_2.23 ;
    %end;
    .scope S_000002c7522470a0;
t_20 %join;
    %fork t_23, S_000002c7522991a0;
    %jmp t_22;
    .scope S_000002c7522991a0;
t_23 ;
    %pushi/vec4 0, 0, 32;
    %store/vec4 v000002c752299330_0, 0, 32;
T_2.24 ;
    %load/vec4 v000002c752299330_0;
    %cmpi/s 8, 0, 32;
    %jmp/0xz T_2.25, 5;
    %pushi/vec4 0, 0, 2;
    %store/vec4 v000002c75229d990_0, 0, 2;
    %delay 20000, 0;
    %load/vec4 v000002c752299330_0;
    %addi 1, 0, 32;
    %store/vec4 v000002c752299330_0, 0, 32;
    %jmp T_2.24;
T_2.25 ;
    %end;
    .scope S_000002c7522470a0;
t_22 %join;
    %pushi/vec4 2, 0, 2;
    %store/vec4 v000002c75229d990_0, 0, 2;
    %delay 20000, 0;
    %pushi/vec4 0, 0, 2;
    %store/vec4 v000002c75229d990_0, 0, 2;
    %delay 20000, 0;
    %pushi/vec4 1, 0, 2;
    %store/vec4 v000002c75229d990_0, 0, 2;
    %delay 20000, 0;
    %pushi/vec4 0, 0, 2;
    %store/vec4 v000002c75229d990_0, 0, 2;
    %delay 20000, 0;
    %pushi/vec4 0, 0, 2;
    %store/vec4 v000002c75229d990_0, 0, 2;
    %delay 20000, 0;
    %pushi/vec4 1, 0, 2;
    %store/vec4 v000002c75229d990_0, 0, 2;
    %delay 20000, 0;
    %pushi/vec4 3, 0, 2;
    %store/vec4 v000002c75229d990_0, 0, 2;
    %delay 20000, 0;
    %pushi/vec4 0, 0, 2;
    %store/vec4 v000002c75229d990_0, 0, 2;
    %delay 20000, 0;
    %pushi/vec4 3, 0, 2;
    %store/vec4 v000002c75229d990_0, 0, 2;
    %delay 20000, 0;
    %pushi/vec4 0, 0, 2;
    %store/vec4 v000002c75229d990_0, 0, 2;
    %delay 20000, 0;
    %pushi/vec4 1, 0, 2;
    %store/vec4 v000002c75229d990_0, 0, 2;
    %delay 20000, 0;
    %pushi/vec4 3, 0, 2;
    %store/vec4 v000002c75229d990_0, 0, 2;
    %delay 20000, 0;
    %pushi/vec4 3, 0, 2;
    %store/vec4 v000002c75229d990_0, 0, 2;
    %delay 20000, 0;
    %pushi/vec4 3, 0, 2;
    %store/vec4 v000002c75229d990_0, 0, 2;
    %delay 20000, 0;
    %pushi/vec4 2, 0, 2;
    %store/vec4 v000002c75229d990_0, 0, 2;
    %delay 20000, 0;
    %pushi/vec4 0, 0, 2;
    %store/vec4 v000002c75229d990_0, 0, 2;
    %delay 20000, 0;
    %pushi/vec4 0, 0, 2;
    %store/vec4 v000002c75229d990_0, 0, 2;
    %delay 20000, 0;
    %pushi/vec4 3, 0, 2;
    %store/vec4 v000002c75229d990_0, 0, 2;
    %delay 20000, 0;
    %pushi/vec4 1, 0, 2;
    %store/vec4 v000002c75229d990_0, 0, 2;
    %delay 20000, 0;
    %pushi/vec4 2, 0, 2;
    %store/vec4 v000002c75229d990_0, 0, 2;
    %delay 20000, 0;
    %pushi/vec4 0, 0, 2;
    %store/vec4 v000002c75229d990_0, 0, 2;
    %delay 20000, 0;
    %pushi/vec4 1, 0, 2;
    %store/vec4 v000002c75229d990_0, 0, 2;
    %delay 20000, 0;
    %pushi/vec4 2, 0, 2;
    %store/vec4 v000002c75229d990_0, 0, 2;
    %delay 20000, 0;
    %pushi/vec4 1, 0, 2;
    %store/vec4 v000002c75229d990_0, 0, 2;
    %delay 20000, 0;
    %pushi/vec4 0, 0, 2;
    %store/vec4 v000002c75229d990_0, 0, 2;
    %pushi/vec4 0, 0, 1;
    %store/vec4 v000002c75229a820_0, 0, 1;
    %delay 20000, 0;
    %delay 20000, 0;
    %delay 20000, 0;
    %pushi/vec4 0, 0, 1;
    %store/vec4 v000002c75229a820_0, 0, 1;
    %delay 20000, 0;
    %pushi/vec4 1, 0, 1;
    %store/vec4 v000002c75229a820_0, 0, 1;
    %delay 80000, 0;
    %fork t_25, S_000002c7522993d0;
    %jmp t_24;
    .scope S_000002c7522993d0;
t_25 ;
    %pushi/vec4 0, 0, 32;
    %store/vec4 v000002c752299560_0, 0, 32;
T_2.26 ;
    %load/vec4 v000002c752299560_0;
    %cmpi/s 28, 0, 32;
    %jmp/0xz T_2.27, 5;
    %pushi/vec4 1, 0, 2;
    %store/vec4 v000002c75229d990_0, 0, 2;
    %delay 20000, 0;
    %load/vec4 v000002c752299560_0;
    %addi 1, 0, 32;
    %store/vec4 v000002c752299560_0, 0, 32;
    %jmp T_2.26;
T_2.27 ;
    %end;
    .scope S_000002c7522470a0;
t_24 %join;
    %pushi/vec4 1, 0, 2;
    %store/vec4 v000002c75229d990_0, 0, 2;
    %delay 20000, 0;
    %pushi/vec4 1, 0, 2;
    %store/vec4 v000002c75229d990_0, 0, 2;
    %delay 20000, 0;
    %pushi/vec4 1, 0, 2;
    %store/vec4 v000002c75229d990_0, 0, 2;
    %delay 20000, 0;
    %pushi/vec4 3, 0, 2;
    %store/vec4 v000002c75229d990_0, 0, 2;
    %delay 20000, 0;
    %fork t_27, S_000002c752299600;
    %jmp t_26;
    .scope S_000002c752299600;
t_27 ;
    %pushi/vec4 0, 0, 32;
    %store/vec4 v000002c752299790_0, 0, 32;
T_2.28 ;
    %load/vec4 v000002c752299790_0;
    %cmpi/s 24, 0, 32;
    %jmp/0xz T_2.29, 5;
    %pushi/vec4 3, 0, 2;
    %store/vec4 v000002c75229d990_0, 0, 2;
    %delay 20000, 0;
    %load/vec4 v000002c752299790_0;
    %addi 1, 0, 32;
    %store/vec4 v000002c752299790_0, 0, 32;
    %jmp T_2.28;
T_2.29 ;
    %end;
    .scope S_000002c7522470a0;
t_26 %join;
    %fork t_29, S_000002c752299830;
    %jmp t_28;
    .scope S_000002c752299830;
t_29 ;
    %pushi/vec4 0, 0, 32;
    %store/vec4 v000002c7522999c0_0, 0, 32;
T_2.30 ;
    %load/vec4 v000002c7522999c0_0;
    %cmpi/s 24, 0, 32;
    %jmp/0xz T_2.31, 5;
    %pushi/vec4 1, 0, 2;
    %store/vec4 v000002c75229d990_0, 0, 2;
    %delay 20000, 0;
    %load/vec4 v000002c7522999c0_0;
    %addi 1, 0, 32;
    %store/vec4 v000002c7522999c0_0, 0, 32;
    %jmp T_2.30;
T_2.31 ;
    %end;
    .scope S_000002c7522470a0;
t_28 %join;
    %fork t_31, S_000002c752299a60;
    %jmp t_30;
    .scope S_000002c752299a60;
t_31 ;
    %pushi/vec4 0, 0, 32;
    %store/vec4 v000002c752299bf0_0, 0, 32;
T_2.32 ;
    %load/vec4 v000002c752299bf0_0;
    %cmpi/s 8, 0, 32;
    %jmp/0xz T_2.33, 5;
    %pushi/vec4 0, 0, 2;
    %store/vec4 v000002c75229d990_0, 0, 2;
    %delay 20000, 0;
    %load/vec4 v000002c752299bf0_0;
    %addi 1, 0, 32;
    %store/vec4 v000002c752299bf0_0, 0, 32;
    %jmp T_2.32;
T_2.33 ;
    %end;
    .scope S_000002c7522470a0;
t_30 %join;
    %fork t_33, S_000002c752299c90;
    %jmp t_32;
    .scope S_000002c752299c90;
t_33 ;
    %pushi/vec4 0, 0, 32;
    %store/vec4 v000002c752299e20_0, 0, 32;
T_2.34 ;
    %load/vec4 v000002c752299e20_0;
    %cmpi/s 100, 0, 32;
    %jmp/0xz T_2.35, 5;
    %pushi/vec4 0, 0, 2;
    %store/vec4 v000002c75229d990_0, 0, 2;
    %delay 20000, 0;
    %pushi/vec4 1, 0, 2;
    %store/vec4 v000002c75229d990_0, 0, 2;
    %delay 20000, 0;
    %pushi/vec4 2, 0, 2;
    %store/vec4 v000002c75229d990_0, 0, 2;
    %delay 20000, 0;
    %pushi/vec4 3, 0, 2;
    %store/vec4 v000002c75229d990_0, 0, 2;
    %delay 20000, 0;
    %load/vec4 v000002c752299e20_0;
    %addi 1, 0, 32;
    %store/vec4 v000002c752299e20_0, 0, 32;
    %jmp T_2.34;
T_2.35 ;
    %end;
    .scope S_000002c7522470a0;
t_32 %join;
    %pushi/vec4 3, 0, 2;
    %store/vec4 v000002c75229d990_0, 0, 2;
    %delay 20000, 0;
    %pushi/vec4 0, 0, 2;
    %store/vec4 v000002c75229d990_0, 0, 2;
    %delay 20000, 0;
    %pushi/vec4 1, 0, 2;
    %store/vec4 v000002c75229d990_0, 0, 2;
    %delay 20000, 0;
    %pushi/vec4 3, 0, 2;
    %store/vec4 v000002c75229d990_0, 0, 2;
    %delay 20000, 0;
    %pushi/vec4 3, 0, 2;
    %store/vec4 v000002c75229d990_0, 0, 2;
    %delay 20000, 0;
    %pushi/vec4 3, 0, 2;
    %store/vec4 v000002c75229d990_0, 0, 2;
    %delay 20000, 0;
    %pushi/vec4 2, 0, 2;
    %store/vec4 v000002c75229d990_0, 0, 2;
    %delay 20000, 0;
    %pushi/vec4 0, 0, 2;
    %store/vec4 v000002c75229d990_0, 0, 2;
    %delay 20000, 0;
    %pushi/vec4 0, 0, 2;
    %store/vec4 v000002c75229d990_0, 0, 2;
    %delay 20000, 0;
    %pushi/vec4 3, 0, 2;
    %store/vec4 v000002c75229d990_0, 0, 2;
    %delay 20000, 0;
    %pushi/vec4 1, 0, 2;
    %store/vec4 v000002c75229d990_0, 0, 2;
    %delay 20000, 0;
    %pushi/vec4 2, 0, 2;
    %store/vec4 v000002c75229d990_0, 0, 2;
    %delay 20000, 0;
    %pushi/vec4 0, 0, 2;
    %store/vec4 v000002c75229d990_0, 0, 2;
    %delay 20000, 0;
    %pushi/vec4 1, 0, 2;
    %store/vec4 v000002c75229d990_0, 0, 2;
    %delay 20000, 0;
    %pushi/vec4 2, 0, 2;
    %store/vec4 v000002c75229d990_0, 0, 2;
    %delay 20000, 0;
    %pushi/vec4 1, 0, 2;
    %store/vec4 v000002c75229d990_0, 0, 2;
    %delay 20000, 0;
    %pushi/vec4 0, 0, 2;
    %store/vec4 v000002c75229d990_0, 0, 2;
    %pushi/vec4 0, 0, 1;
    %store/vec4 v000002c75229a820_0, 0, 1;
    %delay 20000, 0;
    %delay 20000, 0;
    %delay 20000, 0;
    %vpi_call/w 3 454 "$display", "\012Finishing Sim" {0 0 0};
    %vpi_call/w 3 455 "$finish" {0 0 0};
    %end;
    .thread T_2;
# The file index is used to find the file name in the following table.
:file_names 5;
    "N/A";
    "<interactive>";
    "-";
    "sim/ether_tb.sv";
    "src/ether.sv";
