#! /mingw64/bin/vvp
:ivl_version "12.0 (devel)" "(s20150603-1391-gd480c4d7d)";
:ivl_delay_selection "TYPICAL";
:vpi_time_precision - 12;
:vpi_module "C:\msys64\mingw64\lib\ivl\system.vpi";
:vpi_module "C:\msys64\mingw64\lib\ivl\vhdl_sys.vpi";
:vpi_module "C:\msys64\mingw64\lib\ivl\vhdl_textio.vpi";
:vpi_module "C:\msys64\mingw64\lib\ivl\v2005_math.vpi";
:vpi_module "C:\msys64\mingw64\lib\ivl\va_math.vpi";
:vpi_module "C:\msys64\mingw64\lib\ivl\v2009.vpi";
S_000001506ab38130 .scope package, "$unit" "$unit" 2 1;
 .timescale 0 0;
S_000001506ab382c0 .scope module, "firewall_tb" "firewall_tb" 3 4;
 .timescale -9 -12;
v000001506abb2410_0 .var "addr", 47 0;
v000001506abb27d0_0 .var "axiid", 1 0;
v000001506abb24b0_0 .var "axiiv", 0 0;
v000001506abb2e10_0 .net "axiod", 1 0, L_000001506ab36120;  1 drivers
v000001506abb2190_0 .net "axiov", 0 0, L_000001506ab367b0;  1 drivers
v000001506abb2910_0 .var "clk", 0 0;
v000001506abb2230_0 .var "rst", 0 0;
S_000001506aaf2f30 .scope begin, "$ivl_for_loop0" "$ivl_for_loop0" 3 49, 3 49 0, S_000001506ab382c0;
 .timescale -9 -12;
v000001506ab5a7f0_0 .var/i "i", 31 0;
S_000001506aaf30c0 .scope begin, "$ivl_for_loop1" "$ivl_for_loop1" 3 56, 3 56 0, S_000001506ab382c0;
 .timescale -9 -12;
v000001506ab50e80_0 .var/i "i", 31 0;
S_000001506aaf3250 .scope begin, "$ivl_for_loop2" "$ivl_for_loop2" 3 63, 3 63 0, S_000001506ab382c0;
 .timescale -9 -12;
v000001506ab4d7e0_0 .var/i "i", 31 0;
S_000001506abb0f70 .scope begin, "$ivl_for_loop3" "$ivl_for_loop3" 3 75, 3 75 0, S_000001506ab382c0;
 .timescale -9 -12;
v000001506ab38450_0 .var/i "i", 31 0;
S_000001506abb1100 .scope begin, "$ivl_for_loop4" "$ivl_for_loop4" 3 82, 3 82 0, S_000001506ab382c0;
 .timescale -9 -12;
v000001506ab384f0_0 .var/i "i", 31 0;
S_000001506abb1290 .scope begin, "$ivl_for_loop5" "$ivl_for_loop5" 3 89, 3 89 0, S_000001506ab382c0;
 .timescale -9 -12;
v000001506abb1420_0 .var/i "i", 31 0;
S_000001506abb14c0 .scope begin, "$ivl_for_loop6" "$ivl_for_loop6" 3 102, 3 102 0, S_000001506ab382c0;
 .timescale -9 -12;
v000001506abb1650_0 .var/i "i", 31 0;
S_000001506abb16f0 .scope begin, "$ivl_for_loop7" "$ivl_for_loop7" 3 110, 3 110 0, S_000001506ab382c0;
 .timescale -9 -12;
v000001506abb1880_0 .var/i "i", 31 0;
S_000001506abb1920 .scope begin, "$ivl_for_loop8" "$ivl_for_loop8" 3 117, 3 117 0, S_000001506ab382c0;
 .timescale -9 -12;
v000001506abb1ab0_0 .var/i "i", 31 0;
S_000001506abb1b50 .scope module, "fw" "firewall" 3 14, 4 4 0, S_000001506ab382c0;
 .timescale -9 -12;
    .port_info 0 /INPUT 1 "clk";
    .port_info 1 /INPUT 1 "rst";
    .port_info 2 /INPUT 1 "axiiv";
    .port_info 3 /INPUT 2 "axiid";
    .port_info 4 /OUTPUT 1 "axiov";
    .port_info 5 /OUTPUT 2 "axiod";
P_000001506aaf3c30 .param/l "BROADCAST" 0 4 13, C4<111111111111111111111111111111111111111111111111>;
P_000001506aaf3c68 .param/l "MAC_ADDRESS" 0 4 12, C4<011010010110100101011010000001100101010010010001>;
enum000001506ab47da0 .enum2/s (32)
   "WAITING" 0,
   "READING_DEST" 1,
   "READING_BROADCAST" 2,
   "READING_SRC" 3,
   "VALID_DEST" 4,
   "INVALID_DEST" 5
 ;
L_000001506ab36120 .functor BUFZ 2, v000001506abb27d0_0, C4<00>, C4<00>, C4<00>;
L_000001506ab367b0 .functor AND 1, L_000001506abb2d70, v000001506abb24b0_0, C4<1>, C4<1>;
L_000001506abe0088 .functor BUFT 1, C4<00000000000000000000000000000100>, C4<0>, C4<0>, C4<0>;
v000001506abb1ce0_0 .net/2s *"_ivl_2", 31 0, L_000001506abe0088;  1 drivers
v000001506abb1d80_0 .net *"_ivl_4", 0 0, L_000001506abb2d70;  1 drivers
v000001506abb1e20_0 .net "axiid", 1 0, v000001506abb27d0_0;  1 drivers
v000001506abb1ec0_0 .net "axiiv", 0 0, v000001506abb24b0_0;  1 drivers
v000001506abb1fb0_0 .net "axiod", 1 0, L_000001506ab36120;  alias, 1 drivers
v000001506abb2690_0 .net "axiov", 0 0, L_000001506ab367b0;  alias, 1 drivers
v000001506abb2af0_0 .net "clk", 0 0, v000001506abb2910_0;  1 drivers
v000001506abb2730_0 .var "count", 4 0;
v000001506abb2870_0 .var "mac_buffer", 47 0;
v000001506abb22d0_0 .net "rst", 0 0, v000001506abb2230_0;  1 drivers
v000001506abb2370_0 .var/2s "state", 31 0;
E_000001506ab536f0 .event posedge, v000001506abb2af0_0;
L_000001506abb2d70 .cmp/eq 32, v000001506abb2370_0, L_000001506abe0088;
    .scope S_000001506abb1b50;
T_0 ;
    %wait E_000001506ab536f0;
    %load/vec4 v000001506abb22d0_0;
    %flag_set/vec4 8;
    %jmp/0xz  T_0.0, 8;
    %pushi/vec4 0, 0, 32;
    %assign/vec4 v000001506abb2370_0, 0;
    %pushi/vec4 3537024012, 0, 33;
    %concati/vec4 21649, 0, 15;
    %assign/vec4 v000001506abb2870_0, 0;
    %pushi/vec4 0, 0, 5;
    %assign/vec4 v000001506abb2730_0, 0;
    %jmp T_0.1;
T_0.0 ;
    %load/vec4 v000001506abb2370_0;
    %dup/vec4;
    %pushi/vec4 0, 0, 32;
    %cmp/u;
    %jmp/1 T_0.2, 6;
    %dup/vec4;
    %pushi/vec4 1, 0, 32;
    %cmp/u;
    %jmp/1 T_0.3, 6;
    %dup/vec4;
    %pushi/vec4 2, 0, 32;
    %cmp/u;
    %jmp/1 T_0.4, 6;
    %dup/vec4;
    %pushi/vec4 3, 0, 32;
    %cmp/u;
    %jmp/1 T_0.5, 6;
    %dup/vec4;
    %pushi/vec4 4, 0, 32;
    %cmp/u;
    %jmp/1 T_0.6, 6;
    %dup/vec4;
    %pushi/vec4 5, 0, 32;
    %cmp/u;
    %jmp/1 T_0.7, 6;
    %jmp T_0.8;
T_0.2 ;
    %load/vec4 v000001506abb1ec0_0;
    %flag_set/vec4 8;
    %jmp/0xz  T_0.9, 8;
    %load/vec4 v000001506abb1e20_0;
    %cmpi/e 1, 0, 2;
    %jmp/0xz  T_0.11, 4;
    %pushi/vec4 1, 0, 32;
    %assign/vec4 v000001506abb2370_0, 0;
    %pushi/vec4 2779080729, 0, 32;
    %concati/vec4 21060, 0, 16;
    %assign/vec4 v000001506abb2870_0, 0;
    %pushi/vec4 1, 0, 5;
    %assign/vec4 v000001506abb2730_0, 0;
    %jmp T_0.12;
T_0.11 ;
    %load/vec4 v000001506abb1e20_0;
    %cmpi/e 3, 0, 2;
    %jmp/0xz  T_0.13, 4;
    %pushi/vec4 2, 0, 32;
    %assign/vec4 v000001506abb2370_0, 0;
    %pushi/vec4 1, 0, 5;
    %assign/vec4 v000001506abb2730_0, 0;
    %jmp T_0.14;
T_0.13 ;
    %pushi/vec4 5, 0, 32;
    %assign/vec4 v000001506abb2370_0, 0;
T_0.14 ;
T_0.12 ;
T_0.9 ;
    %jmp T_0.8;
T_0.3 ;
    %load/vec4 v000001506abb1ec0_0;
    %flag_set/vec4 8;
    %jmp/0xz  T_0.15, 8;
    %load/vec4 v000001506abb1e20_0;
    %load/vec4 v000001506abb2870_0;
    %parti/s 2, 46, 7;
    %cmp/e;
    %jmp/0xz  T_0.17, 4;
    %load/vec4 v000001506abb2870_0;
    %parti/s 46, 0, 2;
    %concati/vec4 0, 0, 2;
    %assign/vec4 v000001506abb2870_0, 0;
    %load/vec4 v000001506abb2730_0;
    %cmpi/e 23, 0, 5;
    %jmp/0xz  T_0.19, 4;
    %pushi/vec4 0, 0, 5;
    %assign/vec4 v000001506abb2730_0, 0;
    %pushi/vec4 3, 0, 32;
    %assign/vec4 v000001506abb2370_0, 0;
    %jmp T_0.20;
T_0.19 ;
    %load/vec4 v000001506abb2730_0;
    %addi 1, 0, 5;
    %assign/vec4 v000001506abb2730_0, 0;
T_0.20 ;
    %jmp T_0.18;
T_0.17 ;
    %pushi/vec4 5, 0, 32;
    %assign/vec4 v000001506abb2370_0, 0;
T_0.18 ;
    %jmp T_0.16;
T_0.15 ;
    %pushi/vec4 0, 0, 32;
    %assign/vec4 v000001506abb2370_0, 0;
T_0.16 ;
    %jmp T_0.8;
T_0.4 ;
    %load/vec4 v000001506abb1ec0_0;
    %flag_set/vec4 8;
    %jmp/0xz  T_0.21, 8;
    %load/vec4 v000001506abb1e20_0;
    %cmpi/e 3, 0, 2;
    %jmp/0xz  T_0.23, 4;
    %load/vec4 v000001506abb2730_0;
    %cmpi/e 23, 0, 5;
    %jmp/0xz  T_0.25, 4;
    %pushi/vec4 0, 0, 5;
    %assign/vec4 v000001506abb2730_0, 0;
    %pushi/vec4 3, 0, 32;
    %assign/vec4 v000001506abb2370_0, 0;
    %jmp T_0.26;
T_0.25 ;
    %load/vec4 v000001506abb2730_0;
    %addi 1, 0, 5;
    %assign/vec4 v000001506abb2730_0, 0;
T_0.26 ;
    %jmp T_0.24;
T_0.23 ;
    %pushi/vec4 5, 0, 32;
    %assign/vec4 v000001506abb2370_0, 0;
T_0.24 ;
    %jmp T_0.22;
T_0.21 ;
    %pushi/vec4 0, 0, 32;
    %assign/vec4 v000001506abb2370_0, 0;
T_0.22 ;
    %jmp T_0.8;
T_0.5 ;
    %load/vec4 v000001506abb1ec0_0;
    %flag_set/vec4 8;
    %jmp/0xz  T_0.27, 8;
    %load/vec4 v000001506abb2730_0;
    %cmpi/e 31, 0, 5;
    %jmp/0xz  T_0.29, 4;
    %pushi/vec4 0, 0, 5;
    %assign/vec4 v000001506abb2730_0, 0;
    %pushi/vec4 4, 0, 32;
    %assign/vec4 v000001506abb2370_0, 0;
    %jmp T_0.30;
T_0.29 ;
    %load/vec4 v000001506abb2730_0;
    %addi 1, 0, 5;
    %assign/vec4 v000001506abb2730_0, 0;
T_0.30 ;
    %jmp T_0.28;
T_0.27 ;
    %pushi/vec4 0, 0, 32;
    %assign/vec4 v000001506abb2370_0, 0;
T_0.28 ;
    %jmp T_0.8;
T_0.6 ;
    %load/vec4 v000001506abb1ec0_0;
    %inv;
    %flag_set/vec4 8;
    %jmp/0xz  T_0.31, 8;
    %pushi/vec4 0, 0, 32;
    %assign/vec4 v000001506abb2370_0, 0;
T_0.31 ;
    %jmp T_0.8;
T_0.7 ;
    %load/vec4 v000001506abb1ec0_0;
    %inv;
    %flag_set/vec4 8;
    %jmp/0xz  T_0.33, 8;
    %pushi/vec4 0, 0, 32;
    %assign/vec4 v000001506abb2370_0, 0;
T_0.33 ;
    %jmp T_0.8;
T_0.8 ;
    %pop/vec4 1;
T_0.1 ;
    %jmp T_0;
    .thread T_0;
    .scope S_000001506ab382c0;
T_1 ;
    %delay 10000, 0;
    %load/vec4 v000001506abb2910_0;
    %nor/r;
    %store/vec4 v000001506abb2910_0, 0, 1;
    %jmp T_1;
    .thread T_1;
    .scope S_000001506ab382c0;
T_2 ;
    %vpi_call/w 3 30 "$dumpfile", "firewall.vcd" {0 0 0};
    %vpi_call/w 3 31 "$dumpvars", 32'sb00000000000000000000000000000000, S_000001506ab382c0 {0 0 0};
    %vpi_call/w 3 32 "$display", "Starting Sim" {0 0 0};
    %pushi/vec4 0, 0, 1;
    %store/vec4 v000001506abb2910_0, 0, 1;
    %pushi/vec4 0, 0, 1;
    %store/vec4 v000001506abb2230_0, 0, 1;
    %pushi/vec4 0, 0, 1;
    %store/vec4 v000001506abb24b0_0, 0, 1;
    %pushi/vec4 0, 0, 2;
    %store/vec4 v000001506abb27d0_0, 0, 2;
    %delay 20000, 0;
    %delay 20000, 0;
    %pushi/vec4 1, 0, 1;
    %store/vec4 v000001506abb2230_0, 0, 1;
    %delay 20000, 0;
    %pushi/vec4 0, 0, 1;
    %store/vec4 v000001506abb2230_0, 0, 1;
    %delay 20000, 0;
    %delay 20000, 0;
    %fork t_1, S_000001506aaf2f30;
    %jmp t_0;
    .scope S_000001506aaf2f30;
t_1 ;
    %pushi/vec4 0, 0, 32;
    %store/vec4 v000001506ab5a7f0_0, 0, 32;
T_2.0 ;
    %load/vec4 v000001506ab5a7f0_0;
    %cmpi/s 24, 0, 32;
    %jmp/0xz T_2.1, 5;
    %pushi/vec4 1, 0, 1;
    %store/vec4 v000001506abb24b0_0, 0, 1;
    %pushi/vec4 1, 0, 2;
    %store/vec4 v000001506abb27d0_0, 0, 2;
    %delay 20000, 0;
    %load/vec4 v000001506ab5a7f0_0;
    %addi 1, 0, 32;
    %store/vec4 v000001506ab5a7f0_0, 0, 32;
    %jmp T_2.0;
T_2.1 ;
    %end;
    .scope S_000001506ab382c0;
t_0 %join;
    %fork t_3, S_000001506aaf30c0;
    %jmp t_2;
    .scope S_000001506aaf30c0;
t_3 ;
    %pushi/vec4 0, 0, 32;
    %store/vec4 v000001506ab50e80_0, 0, 32;
T_2.2 ;
    %load/vec4 v000001506ab50e80_0;
    %cmpi/s 32, 0, 32;
    %jmp/0xz T_2.3, 5;
    %pushi/vec4 1, 0, 1;
    %store/vec4 v000001506abb24b0_0, 0, 1;
    %pushi/vec4 0, 0, 2;
    %store/vec4 v000001506abb27d0_0, 0, 2;
    %delay 20000, 0;
    %load/vec4 v000001506ab50e80_0;
    %addi 1, 0, 32;
    %store/vec4 v000001506ab50e80_0, 0, 32;
    %jmp T_2.2;
T_2.3 ;
    %end;
    .scope S_000001506ab382c0;
t_2 %join;
    %fork t_5, S_000001506aaf3250;
    %jmp t_4;
    .scope S_000001506aaf3250;
t_5 ;
    %pushi/vec4 0, 0, 32;
    %store/vec4 v000001506ab4d7e0_0, 0, 32;
T_2.4 ;
    %load/vec4 v000001506ab4d7e0_0;
    %cmpi/s 100, 0, 32;
    %jmp/0xz T_2.5, 5;
    %pushi/vec4 1, 0, 1;
    %store/vec4 v000001506abb24b0_0, 0, 1;
    %pushi/vec4 2, 0, 2;
    %store/vec4 v000001506abb27d0_0, 0, 2;
    %delay 20000, 0;
    %load/vec4 v000001506ab4d7e0_0;
    %addi 1, 0, 32;
    %store/vec4 v000001506ab4d7e0_0, 0, 32;
    %jmp T_2.4;
T_2.5 ;
    %end;
    .scope S_000001506ab382c0;
t_4 %join;
    %pushi/vec4 0, 0, 1;
    %store/vec4 v000001506abb24b0_0, 0, 1;
    %delay 400000, 0;
    %fork t_7, S_000001506abb0f70;
    %jmp t_6;
    .scope S_000001506abb0f70;
t_7 ;
    %pushi/vec4 0, 0, 32;
    %store/vec4 v000001506ab38450_0, 0, 32;
T_2.6 ;
    %load/vec4 v000001506ab38450_0;
    %cmpi/s 24, 0, 32;
    %jmp/0xz T_2.7, 5;
    %pushi/vec4 1, 0, 1;
    %store/vec4 v000001506abb24b0_0, 0, 1;
    %pushi/vec4 3, 0, 2;
    %store/vec4 v000001506abb27d0_0, 0, 2;
    %delay 20000, 0;
    %load/vec4 v000001506ab38450_0;
    %addi 1, 0, 32;
    %store/vec4 v000001506ab38450_0, 0, 32;
    %jmp T_2.6;
T_2.7 ;
    %end;
    .scope S_000001506ab382c0;
t_6 %join;
    %fork t_9, S_000001506abb1100;
    %jmp t_8;
    .scope S_000001506abb1100;
t_9 ;
    %pushi/vec4 0, 0, 32;
    %store/vec4 v000001506ab384f0_0, 0, 32;
T_2.8 ;
    %load/vec4 v000001506ab384f0_0;
    %cmpi/s 32, 0, 32;
    %jmp/0xz T_2.9, 5;
    %pushi/vec4 1, 0, 1;
    %store/vec4 v000001506abb24b0_0, 0, 1;
    %pushi/vec4 0, 0, 2;
    %store/vec4 v000001506abb27d0_0, 0, 2;
    %delay 20000, 0;
    %load/vec4 v000001506ab384f0_0;
    %addi 1, 0, 32;
    %store/vec4 v000001506ab384f0_0, 0, 32;
    %jmp T_2.8;
T_2.9 ;
    %end;
    .scope S_000001506ab382c0;
t_8 %join;
    %fork t_11, S_000001506abb1290;
    %jmp t_10;
    .scope S_000001506abb1290;
t_11 ;
    %pushi/vec4 0, 0, 32;
    %store/vec4 v000001506abb1420_0, 0, 32;
T_2.10 ;
    %load/vec4 v000001506abb1420_0;
    %cmpi/s 100, 0, 32;
    %jmp/0xz T_2.11, 5;
    %pushi/vec4 1, 0, 1;
    %store/vec4 v000001506abb24b0_0, 0, 1;
    %pushi/vec4 2, 0, 2;
    %store/vec4 v000001506abb27d0_0, 0, 2;
    %delay 20000, 0;
    %load/vec4 v000001506abb1420_0;
    %addi 1, 0, 32;
    %store/vec4 v000001506abb1420_0, 0, 32;
    %jmp T_2.10;
T_2.11 ;
    %end;
    .scope S_000001506ab382c0;
t_10 %join;
    %pushi/vec4 0, 0, 1;
    %store/vec4 v000001506abb24b0_0, 0, 1;
    %delay 400000, 0;
    %pushi/vec4 3537024012, 0, 33;
    %concati/vec4 21649, 0, 15;
    %store/vec4 v000001506abb2410_0, 0, 48;
    %fork t_13, S_000001506abb14c0;
    %jmp t_12;
    .scope S_000001506abb14c0;
t_13 ;
    %pushi/vec4 0, 0, 32;
    %store/vec4 v000001506abb1650_0, 0, 32;
T_2.12 ;
    %load/vec4 v000001506abb1650_0;
    %cmpi/s 24, 0, 32;
    %jmp/0xz T_2.13, 5;
    %pushi/vec4 1, 0, 1;
    %store/vec4 v000001506abb24b0_0, 0, 1;
    %load/vec4 v000001506abb2410_0;
    %parti/s 2, 46, 7;
    %store/vec4 v000001506abb27d0_0, 0, 2;
    %load/vec4 v000001506abb2410_0;
    %parti/s 46, 0, 2;
    %load/vec4 v000001506abb2410_0;
    %parti/s 2, 46, 7;
    %concat/vec4; draw_concat_vec4
    %store/vec4 v000001506abb2410_0, 0, 48;
    %delay 20000, 0;
    %load/vec4 v000001506abb1650_0;
    %addi 1, 0, 32;
    %store/vec4 v000001506abb1650_0, 0, 32;
    %jmp T_2.12;
T_2.13 ;
    %end;
    .scope S_000001506ab382c0;
t_12 %join;
    %fork t_15, S_000001506abb16f0;
    %jmp t_14;
    .scope S_000001506abb16f0;
t_15 ;
    %pushi/vec4 0, 0, 32;
    %store/vec4 v000001506abb1880_0, 0, 32;
T_2.14 ;
    %load/vec4 v000001506abb1880_0;
    %cmpi/s 32, 0, 32;
    %jmp/0xz T_2.15, 5;
    %pushi/vec4 1, 0, 1;
    %store/vec4 v000001506abb24b0_0, 0, 1;
    %pushi/vec4 0, 0, 2;
    %store/vec4 v000001506abb27d0_0, 0, 2;
    %delay 20000, 0;
    %load/vec4 v000001506abb1880_0;
    %addi 1, 0, 32;
    %store/vec4 v000001506abb1880_0, 0, 32;
    %jmp T_2.14;
T_2.15 ;
    %end;
    .scope S_000001506ab382c0;
t_14 %join;
    %fork t_17, S_000001506abb1920;
    %jmp t_16;
    .scope S_000001506abb1920;
t_17 ;
    %pushi/vec4 0, 0, 32;
    %store/vec4 v000001506abb1ab0_0, 0, 32;
T_2.16 ;
    %load/vec4 v000001506abb1ab0_0;
    %cmpi/s 100, 0, 32;
    %jmp/0xz T_2.17, 5;
    %pushi/vec4 1, 0, 1;
    %store/vec4 v000001506abb24b0_0, 0, 1;
    %pushi/vec4 2, 0, 2;
    %store/vec4 v000001506abb27d0_0, 0, 2;
    %delay 20000, 0;
    %load/vec4 v000001506abb1ab0_0;
    %addi 1, 0, 32;
    %store/vec4 v000001506abb1ab0_0, 0, 32;
    %jmp T_2.16;
T_2.17 ;
    %end;
    .scope S_000001506ab382c0;
t_16 %join;
    %pushi/vec4 0, 0, 1;
    %store/vec4 v000001506abb24b0_0, 0, 1;
    %delay 400000, 0;
    %vpi_call/w 3 126 "$display", "\012Finishing Sim" {0 0 0};
    %vpi_call/w 3 127 "$finish" {0 0 0};
    %end;
    .thread T_2;
# The file index is used to find the file name in the following table.
:file_names 5;
    "N/A";
    "<interactive>";
    "-";
    "sim/firewall_tb.sv";
    "src/firewall.sv";
