#! /mingw64/bin/vvp
:ivl_version "12.0 (devel)" "(s20150603-1391-gd480c4d7d)";
:ivl_delay_selection "TYPICAL";
:vpi_time_precision - 12;
:vpi_module "C:\msys64\mingw64\lib\ivl\system.vpi";
:vpi_module "C:\msys64\mingw64\lib\ivl\vhdl_sys.vpi";
:vpi_module "C:\msys64\mingw64\lib\ivl\vhdl_textio.vpi";
:vpi_module "C:\msys64\mingw64\lib\ivl\v2005_math.vpi";
:vpi_module "C:\msys64\mingw64\lib\ivl\va_math.vpi";
:vpi_module "C:\msys64\mingw64\lib\ivl\v2009.vpi";
S_00000272ba91e070 .scope package, "$unit" "$unit" 2 1;
 .timescale 0 0;
S_00000272ba8e5090 .scope module, "integration_tb" "integration_tb" 3 4;
 .timescale -9 -12;
L_00000272ba8edfc0 .functor BUFZ 1, v00000272ba984bc0_0, C4<0>, C4<0>, C4<0>;
v00000272ba985700_0 .net "agg_axiod", 31 0, L_00000272ba984300;  1 drivers
v00000272ba984260_0 .net "agg_axiov", 0 0, L_00000272ba8bee10;  1 drivers
v00000272ba9853e0_0 .var "axiid", 1 0;
v00000272ba985ca0_0 .var "axiiv", 0 0;
v00000272ba984800_0 .net "bo_axiod", 1 0, L_00000272ba985660;  1 drivers
v00000272ba984580_0 .net "bo_axiov", 0 0, L_00000272ba8ee3b0;  1 drivers
v00000272ba984bc0_0 .var "clk", 0 0;
v00000272ba984d00_0 .net "clk_50mhz", 0 0, L_00000272ba8edfc0;  1 drivers
v00000272ba985480_0 .net "ether_axiod", 1 0, L_00000272ba984760;  1 drivers
v00000272ba985de0_0 .net "ether_axiov", 0 0, L_00000272ba8ee110;  1 drivers
v00000272ba984da0_0 .net "fw_axiod", 1 0, L_00000272ba8d8f20;  1 drivers
v00000272ba985e80_0 .net "fw_axiov", 0 0, L_00000272ba8d97e0;  1 drivers
v00000272ba9850c0_0 .var "rst", 0 0;
S_00000272ba8e5220 .scope begin, "$ivl_for_loop0" "$ivl_for_loop0" 3 88, 3 88 0, S_00000272ba8e5090;
 .timescale -9 -12;
v00000272ba90ba00_0 .var/i "i", 31 0;
S_00000272ba8bd6b0 .scope begin, "$ivl_for_loop1" "$ivl_for_loop1" 3 105, 3 105 0, S_00000272ba8e5090;
 .timescale -9 -12;
v00000272ba90bdc0_0 .var/i "i", 31 0;
S_00000272ba8bd840 .scope begin, "$ivl_for_loop2" "$ivl_for_loop2" 3 111, 3 111 0, S_00000272ba8e5090;
 .timescale -9 -12;
v00000272ba90c4a0_0 .var/i "i", 31 0;
S_00000272ba8d9cb0 .scope begin, "$ivl_for_loop3" "$ivl_for_loop3" 3 117, 3 117 0, S_00000272ba8e5090;
 .timescale -9 -12;
v00000272ba90c5e0_0 .var/i "i", 31 0;
S_00000272ba8d9e40 .scope begin, "$ivl_for_loop4" "$ivl_for_loop4" 3 176, 3 176 0, S_00000272ba8e5090;
 .timescale -9 -12;
v00000272ba90be60_0 .var/i "i", 31 0;
S_00000272ba872f30 .scope begin, "$ivl_for_loop5" "$ivl_for_loop5" 3 189, 3 189 0, S_00000272ba8e5090;
 .timescale -9 -12;
v00000272ba90bfa0_0 .var/i "i", 31 0;
S_00000272ba8730c0 .scope begin, "$ivl_for_loop6" "$ivl_for_loop6" 3 196, 3 196 0, S_00000272ba8e5090;
 .timescale -9 -12;
v00000272ba90b960_0 .var/i "i", 31 0;
S_00000272ba873250 .scope begin, "$ivl_for_loop7" "$ivl_for_loop7" 3 203, 3 203 0, S_00000272ba8e5090;
 .timescale -9 -12;
v00000272ba90c7c0_0 .var/i "i", 31 0;
S_00000272ba95d840 .scope begin, "$ivl_for_loop8" "$ivl_for_loop8" 3 210, 3 210 0, S_00000272ba8e5090;
 .timescale -9 -12;
v00000272ba90bbe0_0 .var/i "i", 31 0;
S_00000272ba95d9d0 .scope module, "agg" "aggregate" 3 52, 4 4 0, S_00000272ba8e5090;
 .timescale -9 -12;
    .port_info 0 /INPUT 1 "clk";
    .port_info 1 /INPUT 1 "rst";
    .port_info 2 /INPUT 1 "axiiv";
    .port_info 3 /INPUT 2 "axiid";
    .port_info 4 /OUTPUT 1 "axiov";
    .port_info 5 /OUTPUT 32 "axiod";
enum00000272ba8f6d30 .enum2/s (32)
   "WAITING" 0,
   "RECEIVE_1" 1,
   "RECEIVE_2" 2,
   "RECEIVE" 3
 ;
L_00000272ba8af8c0 .functor AND 1, L_00000272ba9846c0, L_00000272ba984120, C4<1>, C4<1>;
L_00000272ba8bee10 .functor AND 1, L_00000272ba8af8c0, L_00000272ba9848a0, C4<1>, C4<1>;
L_00000272ba9862d0 .functor BUFT 1, C4<00000000000000000000000000000011>, C4<0>, C4<0>, C4<0>;
v00000272ba90bc80_0 .net/2s *"_ivl_0", 31 0, L_00000272ba9862d0;  1 drivers
L_00000272ba986360 .functor BUFT 1, C4<0000>, C4<0>, C4<0>, C4<0>;
v00000272ba97a100_0 .net/2u *"_ivl_10", 3 0, L_00000272ba986360;  1 drivers
v00000272ba97aba0_0 .net *"_ivl_12", 0 0, L_00000272ba9848a0;  1 drivers
v00000272ba97a060_0 .net *"_ivl_2", 0 0, L_00000272ba9846c0;  1 drivers
L_00000272ba986318 .functor BUFT 1, C4<00000000000000000000000000000010>, C4<0>, C4<0>, C4<0>;
v00000272ba97b3c0_0 .net/2s *"_ivl_4", 31 0, L_00000272ba986318;  1 drivers
v00000272ba97ac40_0 .net *"_ivl_6", 0 0, L_00000272ba984120;  1 drivers
v00000272ba97bb40_0 .net *"_ivl_9", 0 0, L_00000272ba8af8c0;  1 drivers
v00000272ba97b6e0_0 .net "axiid", 1 0, L_00000272ba8d8f20;  alias, 1 drivers
v00000272ba97b8c0_0 .net "axiiv", 0 0, L_00000272ba8d97e0;  alias, 1 drivers
v00000272ba97b960_0 .net "axiod", 31 0, L_00000272ba984300;  alias, 1 drivers
v00000272ba97a420_0 .net "axiov", 0 0, L_00000272ba8bee10;  alias, 1 drivers
v00000272ba97bbe0_0 .net "clk", 0 0, L_00000272ba8edfc0;  alias, 1 drivers
v00000272ba97ad80_0 .var "count", 3 0;
v00000272ba97a240_0 .var "data_buffer", 63 0;
v00000272ba97b640_0 .var/2s "prev_state", 31 0;
v00000272ba97b000_0 .net "rst", 0 0, v00000272ba9850c0_0;  1 drivers
v00000272ba97ba00_0 .var/2s "state", 31 0;
E_00000272ba91fa50 .event posedge, v00000272ba97bbe0_0;
L_00000272ba9846c0 .cmp/eq 32, v00000272ba97ba00_0, L_00000272ba9862d0;
L_00000272ba984120 .cmp/eq 32, v00000272ba97b640_0, L_00000272ba986318;
L_00000272ba9848a0 .cmp/eq 4, v00000272ba97ad80_0, L_00000272ba986360;
L_00000272ba984300 .part v00000272ba97a240_0, 32, 32;
S_00000272ba95e370 .scope module, "bo" "bitorder" 3 28, 5 5 0, S_00000272ba8e5090;
 .timescale -9 -12;
    .port_info 0 /INPUT 1 "clk";
    .port_info 1 /INPUT 1 "rst";
    .port_info 2 /INPUT 1 "axiiv";
    .port_info 3 /INPUT 2 "axiid";
    .port_info 4 /OUTPUT 1 "axiov";
    .port_info 5 /OUTPUT 2 "axiod";
enum00000272ba8f57b0 .enum2/s (32)
   "WAITING" 0,
   "W0" 1,
   "W0R1" 2,
   "W1R0" 3,
   "R0" 4,
   "R1" 5
 ;
L_00000272ba8ee260 .functor OR 1, L_00000272ba984ee0, L_00000272ba984080, C4<0>, C4<0>;
L_00000272ba8ee2d0 .functor OR 1, L_00000272ba8ee260, L_00000272ba985d40, C4<0>, C4<0>;
L_00000272ba8ee3b0 .functor OR 1, L_00000272ba8ee2d0, L_00000272ba985a20, C4<0>, C4<0>;
L_00000272ba8ee810 .functor OR 1, L_00000272ba985160, L_00000272ba9855c0, C4<0>, C4<0>;
L_00000272ba9860d8 .functor BUFT 1, C4<00000000000000000000000000000010>, C4<0>, C4<0>, C4<0>;
v00000272ba97ace0_0 .net/2s *"_ivl_0", 31 0, L_00000272ba9860d8;  1 drivers
L_00000272ba986168 .functor BUFT 1, C4<00000000000000000000000000000100>, C4<0>, C4<0>, C4<0>;
v00000272ba97baa0_0 .net/2s *"_ivl_10", 31 0, L_00000272ba986168;  1 drivers
v00000272ba97b780_0 .net *"_ivl_12", 0 0, L_00000272ba985d40;  1 drivers
v00000272ba97ae20_0 .net *"_ivl_15", 0 0, L_00000272ba8ee2d0;  1 drivers
L_00000272ba9861b0 .functor BUFT 1, C4<00000000000000000000000000000101>, C4<0>, C4<0>, C4<0>;
v00000272ba97be60_0 .net/2s *"_ivl_16", 31 0, L_00000272ba9861b0;  1 drivers
v00000272ba97bc80_0 .net *"_ivl_18", 0 0, L_00000272ba985a20;  1 drivers
v00000272ba97a880_0 .net *"_ivl_2", 0 0, L_00000272ba984ee0;  1 drivers
L_00000272ba9861f8 .functor BUFT 1, C4<00000000000000000000000000000010>, C4<0>, C4<0>, C4<0>;
v00000272ba97aec0_0 .net/2s *"_ivl_22", 31 0, L_00000272ba9861f8;  1 drivers
v00000272ba97bd20_0 .net *"_ivl_24", 0 0, L_00000272ba985160;  1 drivers
L_00000272ba986240 .functor BUFT 1, C4<00000000000000000000000000000101>, C4<0>, C4<0>, C4<0>;
v00000272ba97a1a0_0 .net/2s *"_ivl_26", 31 0, L_00000272ba986240;  1 drivers
v00000272ba97a2e0_0 .net *"_ivl_28", 0 0, L_00000272ba9855c0;  1 drivers
v00000272ba97bdc0_0 .net *"_ivl_31", 0 0, L_00000272ba8ee810;  1 drivers
v00000272ba97af60_0 .net *"_ivl_33", 1 0, L_00000272ba984620;  1 drivers
v00000272ba97bf00_0 .net *"_ivl_35", 1 0, L_00000272ba985f20;  1 drivers
L_00000272ba986120 .functor BUFT 1, C4<00000000000000000000000000000011>, C4<0>, C4<0>, C4<0>;
v00000272ba97b0a0_0 .net/2s *"_ivl_4", 31 0, L_00000272ba986120;  1 drivers
v00000272ba97a560_0 .net *"_ivl_6", 0 0, L_00000272ba984080;  1 drivers
v00000272ba97b320_0 .net *"_ivl_9", 0 0, L_00000272ba8ee260;  1 drivers
v00000272ba97a380_0 .net "axiid", 1 0, L_00000272ba984760;  alias, 1 drivers
v00000272ba97b140_0 .net "axiiv", 0 0, L_00000272ba8ee110;  alias, 1 drivers
v00000272ba97b1e0_0 .net "axiod", 1 0, L_00000272ba985660;  alias, 1 drivers
v00000272ba97a9c0_0 .net "axiov", 0 0, L_00000272ba8ee3b0;  alias, 1 drivers
v00000272ba97b280_0 .var "buffer0", 7 0;
v00000272ba97b460_0 .var "buffer1", 7 0;
v00000272ba97b820_0 .net "clk", 0 0, L_00000272ba8edfc0;  alias, 1 drivers
v00000272ba97a4c0_0 .var "ind", 1 0;
v00000272ba97a600_0 .net "rst", 0 0, v00000272ba9850c0_0;  alias, 1 drivers
v00000272ba97a6a0_0 .var/2s "state", 31 0;
L_00000272ba984ee0 .cmp/eq 32, v00000272ba97a6a0_0, L_00000272ba9860d8;
L_00000272ba984080 .cmp/eq 32, v00000272ba97a6a0_0, L_00000272ba986120;
L_00000272ba985d40 .cmp/eq 32, v00000272ba97a6a0_0, L_00000272ba986168;
L_00000272ba985a20 .cmp/eq 32, v00000272ba97a6a0_0, L_00000272ba9861b0;
L_00000272ba985160 .cmp/eq 32, v00000272ba97a6a0_0, L_00000272ba9861f8;
L_00000272ba9855c0 .cmp/eq 32, v00000272ba97a6a0_0, L_00000272ba986240;
L_00000272ba984620 .part v00000272ba97b460_0, 6, 2;
L_00000272ba985f20 .part v00000272ba97b280_0, 6, 2;
L_00000272ba985660 .functor MUXZ 2, L_00000272ba985f20, L_00000272ba984620, L_00000272ba8ee810, C4<>;
S_00000272ba95e500 .scope module, "ethernet" "ether" 3 16, 6 4 0, S_00000272ba8e5090;
 .timescale -9 -12;
    .port_info 0 /INPUT 1 "clk";
    .port_info 1 /INPUT 1 "rst";
    .port_info 2 /INPUT 2 "rxd";
    .port_info 3 /INPUT 1 "crsdv";
    .port_info 4 /OUTPUT 1 "axiov";
    .port_info 5 /OUTPUT 2 "axiod";
enum00000272ba8f53e0 .enum2/s (32)
   "WAITING" 0,
   "FALSE_CARRIER" 1,
   "PREAMBLE" 2,
   "SFD1" 3,
   "SFD2" 4,
   "SFD3" 5,
   "SFD4" 6,
   "READING" 7
 ;
L_00000272ba8ee110 .functor AND 1, L_00000272ba984e40, v00000272ba985ca0_0, C4<1>, C4<1>;
L_00000272ba986048 .functor BUFT 1, C4<00000000000000000000000000000111>, C4<0>, C4<0>, C4<0>;
v00000272ba97a740_0 .net/2s *"_ivl_0", 31 0, L_00000272ba986048;  1 drivers
v00000272ba97b500_0 .net *"_ivl_2", 0 0, L_00000272ba984e40;  1 drivers
L_00000272ba986090 .functor BUFT 1, C4<00>, C4<0>, C4<0>, C4<0>;
v00000272ba97a7e0_0 .net/2u *"_ivl_6", 1 0, L_00000272ba986090;  1 drivers
v00000272ba97b5a0_0 .net "axiod", 1 0, L_00000272ba984760;  alias, 1 drivers
v00000272ba97a920_0 .net "axiov", 0 0, L_00000272ba8ee110;  alias, 1 drivers
v00000272ba97aa60_0 .net "clk", 0 0, L_00000272ba8edfc0;  alias, 1 drivers
v00000272ba97ab00_0 .net "crsdv", 0 0, v00000272ba985ca0_0;  1 drivers
v00000272ba985840_0 .var "preamble_count", 4 0;
v00000272ba9841c0_0 .var "received", 0 0;
v00000272ba985020_0 .net "rst", 0 0, v00000272ba9850c0_0;  alias, 1 drivers
v00000272ba9857a0_0 .net "rxd", 1 0, v00000272ba9853e0_0;  1 drivers
v00000272ba984c60_0 .var/2s "state", 31 0;
L_00000272ba984e40 .cmp/eq 32, v00000272ba984c60_0, L_00000272ba986048;
L_00000272ba984760 .functor MUXZ 2, L_00000272ba986090, v00000272ba9853e0_0, L_00000272ba8ee110, C4<>;
S_00000272ba95e690 .scope module, "fw" "firewall" 3 40, 7 4 0, S_00000272ba8e5090;
 .timescale -9 -12;
    .port_info 0 /INPUT 1 "clk";
    .port_info 1 /INPUT 1 "rst";
    .port_info 2 /INPUT 1 "axiiv";
    .port_info 3 /INPUT 2 "axiid";
    .port_info 4 /OUTPUT 1 "axiov";
    .port_info 5 /OUTPUT 2 "axiod";
P_00000272ba8cadc0 .param/l "BROADCAST" 0 7 13, C4<111111111111111111111111111111111111111111111111>;
P_00000272ba8cadf8 .param/l "MAC_ADDRESS" 0 7 12, C4<011010010110100101011010000001100101010010010001>;
enum00000272ba8f5c80 .enum2/s (32)
   "WAITING" 0,
   "READING_DEST" 1,
   "READING_BROADCAST" 2,
   "READING_SRC" 3,
   "VALID_DEST" 4,
   "INVALID_DEST" 5
 ;
L_00000272ba8d8f20 .functor BUFZ 2, L_00000272ba985660, C4<00>, C4<00>, C4<00>;
L_00000272ba8d97e0 .functor AND 1, L_00000272ba985ac0, L_00000272ba8ee3b0, C4<1>, C4<1>;
L_00000272ba986288 .functor BUFT 1, C4<00000000000000000000000000000100>, C4<0>, C4<0>, C4<0>;
v00000272ba984a80_0 .net/2s *"_ivl_2", 31 0, L_00000272ba986288;  1 drivers
v00000272ba985c00_0 .net *"_ivl_4", 0 0, L_00000272ba985ac0;  1 drivers
v00000272ba985200_0 .net "axiid", 1 0, L_00000272ba985660;  alias, 1 drivers
v00000272ba9852a0_0 .net "axiiv", 0 0, L_00000272ba8ee3b0;  alias, 1 drivers
v00000272ba9858e0_0 .net "axiod", 1 0, L_00000272ba8d8f20;  alias, 1 drivers
v00000272ba985520_0 .net "axiov", 0 0, L_00000272ba8d97e0;  alias, 1 drivers
v00000272ba985340_0 .net "clk", 0 0, L_00000272ba8edfc0;  alias, 1 drivers
v00000272ba984b20_0 .var "count", 4 0;
v00000272ba985980_0 .var "mac_buffer", 47 0;
v00000272ba984f80_0 .net "rst", 0 0, v00000272ba9850c0_0;  alias, 1 drivers
v00000272ba985b60_0 .var/2s "state", 31 0;
L_00000272ba985ac0 .cmp/eq 32, v00000272ba985b60_0, L_00000272ba986288;
    .scope S_00000272ba95e500;
T_0 ;
    %wait E_00000272ba91fa50;
    %load/vec4 v00000272ba985020_0;
    %flag_set/vec4 8;
    %jmp/0xz  T_0.0, 8;
    %pushi/vec4 0, 0, 32;
    %assign/vec4 v00000272ba984c60_0, 0;
    %pushi/vec4 0, 0, 5;
    %assign/vec4 v00000272ba985840_0, 0;
    %pushi/vec4 0, 0, 1;
    %assign/vec4 v00000272ba9841c0_0, 0;
    %jmp T_0.1;
T_0.0 ;
    %load/vec4 v00000272ba984c60_0;
    %dup/vec4;
    %pushi/vec4 0, 0, 32;
    %cmp/u;
    %jmp/1 T_0.2, 6;
    %dup/vec4;
    %pushi/vec4 1, 0, 32;
    %cmp/u;
    %jmp/1 T_0.3, 6;
    %dup/vec4;
    %pushi/vec4 2, 0, 32;
    %cmp/u;
    %jmp/1 T_0.4, 6;
    %dup/vec4;
    %pushi/vec4 3, 0, 32;
    %cmp/u;
    %jmp/1 T_0.5, 6;
    %dup/vec4;
    %pushi/vec4 4, 0, 32;
    %cmp/u;
    %jmp/1 T_0.6, 6;
    %dup/vec4;
    %pushi/vec4 5, 0, 32;
    %cmp/u;
    %jmp/1 T_0.7, 6;
    %dup/vec4;
    %pushi/vec4 6, 0, 32;
    %cmp/u;
    %jmp/1 T_0.8, 6;
    %dup/vec4;
    %pushi/vec4 7, 0, 32;
    %cmp/u;
    %jmp/1 T_0.9, 6;
    %pushi/vec4 0, 0, 32;
    %assign/vec4 v00000272ba984c60_0, 0;
    %jmp T_0.11;
T_0.2 ;
    %load/vec4 v00000272ba97ab00_0;
    %cmpi/e 1, 0, 1;
    %flag_get/vec4 4;
    %jmp/0 T_0.14, 4;
    %load/vec4 v00000272ba9857a0_0;
    %pushi/vec4 1, 0, 2;
    %cmp/e;
    %flag_get/vec4 4;
    %and;
T_0.14;
    %flag_set/vec4 8;
    %jmp/0xz  T_0.12, 8;
    %pushi/vec4 2, 0, 32;
    %assign/vec4 v00000272ba984c60_0, 0;
    %pushi/vec4 1, 0, 5;
    %assign/vec4 v00000272ba985840_0, 0;
T_0.12 ;
    %jmp T_0.11;
T_0.3 ;
    %load/vec4 v00000272ba97ab00_0;
    %inv;
    %flag_set/vec4 8;
    %jmp/0xz  T_0.15, 8;
    %pushi/vec4 0, 0, 32;
    %assign/vec4 v00000272ba984c60_0, 0;
    %pushi/vec4 0, 0, 5;
    %assign/vec4 v00000272ba985840_0, 0;
T_0.15 ;
    %jmp T_0.11;
T_0.4 ;
    %load/vec4 v00000272ba9857a0_0;
    %cmpi/ne 1, 0, 2;
    %jmp/0xz  T_0.17, 4;
    %pushi/vec4 1, 0, 32;
    %assign/vec4 v00000272ba984c60_0, 0;
    %jmp T_0.18;
T_0.17 ;
    %load/vec4 v00000272ba985840_0;
    %addi 1, 0, 5;
    %assign/vec4 v00000272ba985840_0, 0;
    %load/vec4 v00000272ba985840_0;
    %cmpi/e 27, 0, 5;
    %jmp/0xz  T_0.19, 4;
    %pushi/vec4 3, 0, 32;
    %assign/vec4 v00000272ba984c60_0, 0;
T_0.19 ;
T_0.18 ;
    %jmp T_0.11;
T_0.5 ;
    %load/vec4 v00000272ba9857a0_0;
    %cmpi/e 1, 0, 2;
    %jmp/0xz  T_0.21, 4;
    %pushi/vec4 4, 0, 32;
    %assign/vec4 v00000272ba984c60_0, 0;
    %jmp T_0.22;
T_0.21 ;
    %pushi/vec4 1, 0, 32;
    %assign/vec4 v00000272ba984c60_0, 0;
T_0.22 ;
    %jmp T_0.11;
T_0.6 ;
    %load/vec4 v00000272ba9857a0_0;
    %cmpi/e 1, 0, 2;
    %jmp/0xz  T_0.23, 4;
    %pushi/vec4 5, 0, 32;
    %assign/vec4 v00000272ba984c60_0, 0;
    %jmp T_0.24;
T_0.23 ;
    %pushi/vec4 1, 0, 32;
    %assign/vec4 v00000272ba984c60_0, 0;
T_0.24 ;
    %jmp T_0.11;
T_0.7 ;
    %load/vec4 v00000272ba9857a0_0;
    %cmpi/e 1, 0, 2;
    %jmp/0xz  T_0.25, 4;
    %pushi/vec4 6, 0, 32;
    %assign/vec4 v00000272ba984c60_0, 0;
    %jmp T_0.26;
T_0.25 ;
    %pushi/vec4 1, 0, 32;
    %assign/vec4 v00000272ba984c60_0, 0;
T_0.26 ;
    %jmp T_0.11;
T_0.8 ;
    %load/vec4 v00000272ba9857a0_0;
    %cmpi/e 3, 0, 2;
    %jmp/0xz  T_0.27, 4;
    %pushi/vec4 7, 0, 32;
    %assign/vec4 v00000272ba984c60_0, 0;
    %jmp T_0.28;
T_0.27 ;
    %pushi/vec4 1, 0, 32;
    %assign/vec4 v00000272ba984c60_0, 0;
T_0.28 ;
    %jmp T_0.11;
T_0.9 ;
    %load/vec4 v00000272ba97ab00_0;
    %inv;
    %flag_set/vec4 8;
    %jmp/0xz  T_0.29, 8;
    %pushi/vec4 0, 0, 32;
    %assign/vec4 v00000272ba984c60_0, 0;
    %pushi/vec4 0, 0, 1;
    %assign/vec4 v00000272ba9841c0_0, 0;
    %jmp T_0.30;
T_0.29 ;
    %pushi/vec4 1, 0, 1;
    %assign/vec4 v00000272ba9841c0_0, 0;
T_0.30 ;
    %jmp T_0.11;
T_0.11 ;
    %pop/vec4 1;
T_0.1 ;
    %jmp T_0;
    .thread T_0;
    .scope S_00000272ba95e370;
T_1 ;
    %wait E_00000272ba91fa50;
    %load/vec4 v00000272ba97a600_0;
    %flag_set/vec4 8;
    %jmp/0xz  T_1.0, 8;
    %pushi/vec4 0, 0, 8;
    %assign/vec4 v00000272ba97b280_0, 0;
    %pushi/vec4 0, 0, 8;
    %assign/vec4 v00000272ba97b460_0, 0;
    %pushi/vec4 0, 0, 2;
    %assign/vec4 v00000272ba97a4c0_0, 0;
    %pushi/vec4 0, 0, 32;
    %assign/vec4 v00000272ba97a6a0_0, 0;
    %jmp T_1.1;
T_1.0 ;
    %load/vec4 v00000272ba97a6a0_0;
    %cmpi/e 0, 0, 32;
    %jmp/0xz  T_1.2, 4;
    %load/vec4 v00000272ba97b140_0;
    %flag_set/vec4 8;
    %jmp/0xz  T_1.4, 8;
    %pushi/vec4 1, 0, 32;
    %assign/vec4 v00000272ba97a6a0_0, 0;
    %pushi/vec4 1, 0, 2;
    %assign/vec4 v00000272ba97a4c0_0, 0;
    %load/vec4 v00000272ba97a380_0;
    %ix/load 4, 6, 0;
    %ix/load 5, 0, 0;
    %flag_set/imm 4, 0;
    %assign/vec4/off/d v00000272ba97b280_0, 4, 5;
T_1.4 ;
    %jmp T_1.3;
T_1.2 ;
    %load/vec4 v00000272ba97a6a0_0;
    %cmpi/e 4, 0, 32;
    %jmp/1 T_1.8, 4;
    %flag_mov 8, 4;
    %load/vec4 v00000272ba97a6a0_0;
    %cmpi/e 3, 0, 32;
    %flag_or 4, 8;
T_1.8;
    %jmp/0xz  T_1.6, 4;
    %load/vec4 v00000272ba97b280_0;
    %parti/s 6, 0, 2;
    %concati/vec4 0, 0, 2;
    %assign/vec4 v00000272ba97b280_0, 0;
    %jmp T_1.7;
T_1.6 ;
    %load/vec4 v00000272ba97b460_0;
    %parti/s 6, 0, 2;
    %concati/vec4 0, 0, 2;
    %assign/vec4 v00000272ba97b460_0, 0;
T_1.7 ;
    %load/vec4 v00000272ba97b140_0;
    %flag_set/vec4 8;
    %jmp/0xz  T_1.9, 8;
    %load/vec4 v00000272ba97a6a0_0;
    %cmpi/e 1, 0, 32;
    %jmp/1 T_1.13, 4;
    %flag_mov 8, 4;
    %load/vec4 v00000272ba97a6a0_0;
    %cmpi/e 2, 0, 32;
    %flag_or 4, 8;
T_1.13;
    %jmp/0xz  T_1.11, 4;
    %load/vec4 v00000272ba97a380_0;
    %load/vec4 v00000272ba97b280_0;
    %parti/s 6, 2, 3;
    %concat/vec4; draw_concat_vec4
    %assign/vec4 v00000272ba97b280_0, 0;
    %load/vec4 v00000272ba97a4c0_0;
    %cmpi/e 3, 0, 2;
    %jmp/0xz  T_1.14, 4;
    %pushi/vec4 3, 0, 32;
    %assign/vec4 v00000272ba97a6a0_0, 0;
    %pushi/vec4 0, 0, 2;
    %assign/vec4 v00000272ba97a4c0_0, 0;
    %jmp T_1.15;
T_1.14 ;
    %load/vec4 v00000272ba97a4c0_0;
    %addi 1, 0, 2;
    %assign/vec4 v00000272ba97a4c0_0, 0;
T_1.15 ;
    %jmp T_1.12;
T_1.11 ;
    %load/vec4 v00000272ba97a6a0_0;
    %cmpi/e 3, 0, 32;
    %jmp/0xz  T_1.16, 4;
    %load/vec4 v00000272ba97a380_0;
    %load/vec4 v00000272ba97b460_0;
    %parti/s 6, 2, 3;
    %concat/vec4; draw_concat_vec4
    %assign/vec4 v00000272ba97b460_0, 0;
    %load/vec4 v00000272ba97a4c0_0;
    %cmpi/e 3, 0, 2;
    %jmp/0xz  T_1.18, 4;
    %pushi/vec4 2, 0, 32;
    %assign/vec4 v00000272ba97a6a0_0, 0;
    %pushi/vec4 0, 0, 2;
    %assign/vec4 v00000272ba97a4c0_0, 0;
    %jmp T_1.19;
T_1.18 ;
    %load/vec4 v00000272ba97a4c0_0;
    %addi 1, 0, 2;
    %assign/vec4 v00000272ba97a4c0_0, 0;
T_1.19 ;
T_1.16 ;
T_1.12 ;
    %jmp T_1.10;
T_1.9 ;
    %load/vec4 v00000272ba97a6a0_0;
    %cmpi/e 1, 0, 32;
    %jmp/0xz  T_1.20, 4;
    %pushi/vec4 0, 0, 32;
    %assign/vec4 v00000272ba97a6a0_0, 0;
    %pushi/vec4 0, 0, 8;
    %assign/vec4 v00000272ba97b280_0, 0;
    %pushi/vec4 0, 0, 8;
    %assign/vec4 v00000272ba97b460_0, 0;
    %pushi/vec4 0, 0, 2;
    %assign/vec4 v00000272ba97a4c0_0, 0;
    %jmp T_1.21;
T_1.20 ;
    %load/vec4 v00000272ba97a4c0_0;
    %cmpi/e 3, 0, 2;
    %jmp/0xz  T_1.22, 4;
    %pushi/vec4 0, 0, 32;
    %assign/vec4 v00000272ba97a6a0_0, 0;
    %pushi/vec4 0, 0, 8;
    %assign/vec4 v00000272ba97b280_0, 0;
    %pushi/vec4 0, 0, 8;
    %assign/vec4 v00000272ba97b460_0, 0;
    %pushi/vec4 0, 0, 2;
    %assign/vec4 v00000272ba97a4c0_0, 0;
    %jmp T_1.23;
T_1.22 ;
    %load/vec4 v00000272ba97a4c0_0;
    %addi 1, 0, 2;
    %assign/vec4 v00000272ba97a4c0_0, 0;
    %load/vec4 v00000272ba97a6a0_0;
    %cmpi/e 2, 0, 32;
    %jmp/0xz  T_1.24, 4;
    %pushi/vec4 5, 0, 32;
    %assign/vec4 v00000272ba97a6a0_0, 0;
    %jmp T_1.25;
T_1.24 ;
    %load/vec4 v00000272ba97a6a0_0;
    %cmpi/e 3, 0, 32;
    %jmp/0xz  T_1.26, 4;
    %pushi/vec4 4, 0, 32;
    %assign/vec4 v00000272ba97a6a0_0, 0;
T_1.26 ;
T_1.25 ;
T_1.23 ;
T_1.21 ;
T_1.10 ;
T_1.3 ;
T_1.1 ;
    %jmp T_1;
    .thread T_1;
    .scope S_00000272ba95e690;
T_2 ;
    %wait E_00000272ba91fa50;
    %load/vec4 v00000272ba984f80_0;
    %flag_set/vec4 8;
    %jmp/0xz  T_2.0, 8;
    %pushi/vec4 0, 0, 32;
    %assign/vec4 v00000272ba985b60_0, 0;
    %pushi/vec4 3537024012, 0, 33;
    %concati/vec4 21649, 0, 15;
    %assign/vec4 v00000272ba985980_0, 0;
    %pushi/vec4 0, 0, 5;
    %assign/vec4 v00000272ba984b20_0, 0;
    %jmp T_2.1;
T_2.0 ;
    %load/vec4 v00000272ba985b60_0;
    %dup/vec4;
    %pushi/vec4 0, 0, 32;
    %cmp/u;
    %jmp/1 T_2.2, 6;
    %dup/vec4;
    %pushi/vec4 1, 0, 32;
    %cmp/u;
    %jmp/1 T_2.3, 6;
    %dup/vec4;
    %pushi/vec4 2, 0, 32;
    %cmp/u;
    %jmp/1 T_2.4, 6;
    %dup/vec4;
    %pushi/vec4 3, 0, 32;
    %cmp/u;
    %jmp/1 T_2.5, 6;
    %dup/vec4;
    %pushi/vec4 4, 0, 32;
    %cmp/u;
    %jmp/1 T_2.6, 6;
    %dup/vec4;
    %pushi/vec4 5, 0, 32;
    %cmp/u;
    %jmp/1 T_2.7, 6;
    %jmp T_2.8;
T_2.2 ;
    %load/vec4 v00000272ba9852a0_0;
    %flag_set/vec4 8;
    %jmp/0xz  T_2.9, 8;
    %load/vec4 v00000272ba985200_0;
    %cmpi/e 1, 0, 2;
    %jmp/0xz  T_2.11, 4;
    %pushi/vec4 1, 0, 32;
    %assign/vec4 v00000272ba985b60_0, 0;
    %pushi/vec4 2779080729, 0, 32;
    %concati/vec4 21060, 0, 16;
    %assign/vec4 v00000272ba985980_0, 0;
    %pushi/vec4 1, 0, 5;
    %assign/vec4 v00000272ba984b20_0, 0;
    %jmp T_2.12;
T_2.11 ;
    %load/vec4 v00000272ba985200_0;
    %cmpi/e 3, 0, 2;
    %jmp/0xz  T_2.13, 4;
    %pushi/vec4 2, 0, 32;
    %assign/vec4 v00000272ba985b60_0, 0;
    %pushi/vec4 1, 0, 5;
    %assign/vec4 v00000272ba984b20_0, 0;
    %jmp T_2.14;
T_2.13 ;
    %pushi/vec4 5, 0, 32;
    %assign/vec4 v00000272ba985b60_0, 0;
T_2.14 ;
T_2.12 ;
T_2.9 ;
    %jmp T_2.8;
T_2.3 ;
    %load/vec4 v00000272ba9852a0_0;
    %flag_set/vec4 8;
    %jmp/0xz  T_2.15, 8;
    %load/vec4 v00000272ba985200_0;
    %load/vec4 v00000272ba985980_0;
    %parti/s 2, 46, 7;
    %cmp/e;
    %jmp/0xz  T_2.17, 4;
    %load/vec4 v00000272ba985980_0;
    %parti/s 46, 0, 2;
    %concati/vec4 0, 0, 2;
    %assign/vec4 v00000272ba985980_0, 0;
    %load/vec4 v00000272ba984b20_0;
    %cmpi/e 23, 0, 5;
    %jmp/0xz  T_2.19, 4;
    %pushi/vec4 0, 0, 5;
    %assign/vec4 v00000272ba984b20_0, 0;
    %pushi/vec4 3, 0, 32;
    %assign/vec4 v00000272ba985b60_0, 0;
    %jmp T_2.20;
T_2.19 ;
    %load/vec4 v00000272ba984b20_0;
    %addi 1, 0, 5;
    %assign/vec4 v00000272ba984b20_0, 0;
T_2.20 ;
    %jmp T_2.18;
T_2.17 ;
    %pushi/vec4 5, 0, 32;
    %assign/vec4 v00000272ba985b60_0, 0;
T_2.18 ;
    %jmp T_2.16;
T_2.15 ;
    %pushi/vec4 0, 0, 32;
    %assign/vec4 v00000272ba985b60_0, 0;
T_2.16 ;
    %jmp T_2.8;
T_2.4 ;
    %load/vec4 v00000272ba9852a0_0;
    %flag_set/vec4 8;
    %jmp/0xz  T_2.21, 8;
    %load/vec4 v00000272ba985200_0;
    %cmpi/e 3, 0, 2;
    %jmp/0xz  T_2.23, 4;
    %load/vec4 v00000272ba984b20_0;
    %cmpi/e 23, 0, 5;
    %jmp/0xz  T_2.25, 4;
    %pushi/vec4 0, 0, 5;
    %assign/vec4 v00000272ba984b20_0, 0;
    %pushi/vec4 3, 0, 32;
    %assign/vec4 v00000272ba985b60_0, 0;
    %jmp T_2.26;
T_2.25 ;
    %load/vec4 v00000272ba984b20_0;
    %addi 1, 0, 5;
    %assign/vec4 v00000272ba984b20_0, 0;
T_2.26 ;
    %jmp T_2.24;
T_2.23 ;
    %pushi/vec4 5, 0, 32;
    %assign/vec4 v00000272ba985b60_0, 0;
T_2.24 ;
    %jmp T_2.22;
T_2.21 ;
    %pushi/vec4 0, 0, 32;
    %assign/vec4 v00000272ba985b60_0, 0;
T_2.22 ;
    %jmp T_2.8;
T_2.5 ;
    %load/vec4 v00000272ba9852a0_0;
    %flag_set/vec4 8;
    %jmp/0xz  T_2.27, 8;
    %load/vec4 v00000272ba984b20_0;
    %cmpi/e 31, 0, 5;
    %jmp/0xz  T_2.29, 4;
    %pushi/vec4 0, 0, 5;
    %assign/vec4 v00000272ba984b20_0, 0;
    %pushi/vec4 4, 0, 32;
    %assign/vec4 v00000272ba985b60_0, 0;
    %jmp T_2.30;
T_2.29 ;
    %load/vec4 v00000272ba984b20_0;
    %addi 1, 0, 5;
    %assign/vec4 v00000272ba984b20_0, 0;
T_2.30 ;
    %jmp T_2.28;
T_2.27 ;
    %pushi/vec4 0, 0, 32;
    %assign/vec4 v00000272ba985b60_0, 0;
T_2.28 ;
    %jmp T_2.8;
T_2.6 ;
    %load/vec4 v00000272ba9852a0_0;
    %inv;
    %flag_set/vec4 8;
    %jmp/0xz  T_2.31, 8;
    %pushi/vec4 0, 0, 32;
    %assign/vec4 v00000272ba985b60_0, 0;
T_2.31 ;
    %jmp T_2.8;
T_2.7 ;
    %load/vec4 v00000272ba9852a0_0;
    %inv;
    %flag_set/vec4 8;
    %jmp/0xz  T_2.33, 8;
    %pushi/vec4 0, 0, 32;
    %assign/vec4 v00000272ba985b60_0, 0;
T_2.33 ;
    %jmp T_2.8;
T_2.8 ;
    %pop/vec4 1;
T_2.1 ;
    %jmp T_2;
    .thread T_2;
    .scope S_00000272ba95d9d0;
T_3 ;
    %wait E_00000272ba91fa50;
    %load/vec4 v00000272ba97ba00_0;
    %assign/vec4 v00000272ba97b640_0, 0;
    %load/vec4 v00000272ba97b000_0;
    %flag_set/vec4 8;
    %jmp/0xz  T_3.0, 8;
    %pushi/vec4 0, 0, 64;
    %assign/vec4 v00000272ba97a240_0, 0;
    %pushi/vec4 0, 0, 32;
    %assign/vec4 v00000272ba97ba00_0, 0;
    %jmp T_3.1;
T_3.0 ;
    %load/vec4 v00000272ba97ba00_0;
    %dup/vec4;
    %pushi/vec4 0, 0, 32;
    %cmp/u;
    %jmp/1 T_3.2, 6;
    %dup/vec4;
    %pushi/vec4 1, 0, 32;
    %cmp/u;
    %jmp/1 T_3.3, 6;
    %dup/vec4;
    %pushi/vec4 2, 0, 32;
    %cmp/u;
    %jmp/1 T_3.4, 6;
    %dup/vec4;
    %pushi/vec4 3, 0, 32;
    %cmp/u;
    %jmp/1 T_3.5, 6;
    %jmp T_3.6;
T_3.2 ;
    %load/vec4 v00000272ba97b8c0_0;
    %flag_set/vec4 8;
    %jmp/0xz  T_3.7, 8;
    %pushi/vec4 0, 0, 62;
    %load/vec4 v00000272ba97b6e0_0;
    %concat/vec4; draw_concat_vec4
    %assign/vec4 v00000272ba97a240_0, 0;
    %pushi/vec4 1, 0, 4;
    %assign/vec4 v00000272ba97ad80_0, 0;
    %pushi/vec4 1, 0, 32;
    %assign/vec4 v00000272ba97ba00_0, 0;
T_3.7 ;
    %jmp T_3.6;
T_3.3 ;
    %load/vec4 v00000272ba97b8c0_0;
    %flag_set/vec4 8;
    %jmp/0xz  T_3.9, 8;
    %load/vec4 v00000272ba97a240_0;
    %parti/s 62, 0, 2;
    %load/vec4 v00000272ba97b6e0_0;
    %concat/vec4; draw_concat_vec4
    %assign/vec4 v00000272ba97a240_0, 0;
    %load/vec4 v00000272ba97ad80_0;
    %cmpi/e 15, 0, 4;
    %jmp/0xz  T_3.11, 4;
    %pushi/vec4 0, 0, 4;
    %assign/vec4 v00000272ba97ad80_0, 0;
    %pushi/vec4 2, 0, 32;
    %assign/vec4 v00000272ba97ba00_0, 0;
    %jmp T_3.12;
T_3.11 ;
    %load/vec4 v00000272ba97ad80_0;
    %addi 1, 0, 4;
    %assign/vec4 v00000272ba97ad80_0, 0;
T_3.12 ;
    %jmp T_3.10;
T_3.9 ;
    %pushi/vec4 0, 0, 32;
    %assign/vec4 v00000272ba97ba00_0, 0;
T_3.10 ;
    %jmp T_3.6;
T_3.4 ;
    %load/vec4 v00000272ba97b8c0_0;
    %flag_set/vec4 8;
    %jmp/0xz  T_3.13, 8;
    %load/vec4 v00000272ba97a240_0;
    %parti/s 62, 0, 2;
    %load/vec4 v00000272ba97b6e0_0;
    %concat/vec4; draw_concat_vec4
    %assign/vec4 v00000272ba97a240_0, 0;
    %load/vec4 v00000272ba97ad80_0;
    %cmpi/e 15, 0, 4;
    %jmp/0xz  T_3.15, 4;
    %pushi/vec4 0, 0, 4;
    %assign/vec4 v00000272ba97ad80_0, 0;
    %pushi/vec4 3, 0, 32;
    %assign/vec4 v00000272ba97ba00_0, 0;
    %jmp T_3.16;
T_3.15 ;
    %load/vec4 v00000272ba97ad80_0;
    %addi 1, 0, 4;
    %assign/vec4 v00000272ba97ad80_0, 0;
T_3.16 ;
    %jmp T_3.14;
T_3.13 ;
    %pushi/vec4 0, 0, 32;
    %assign/vec4 v00000272ba97ba00_0, 0;
T_3.14 ;
    %jmp T_3.6;
T_3.5 ;
    %load/vec4 v00000272ba97b8c0_0;
    %flag_set/vec4 8;
    %jmp/0xz  T_3.17, 8;
    %load/vec4 v00000272ba97a240_0;
    %parti/s 62, 0, 2;
    %load/vec4 v00000272ba97b6e0_0;
    %concat/vec4; draw_concat_vec4
    %assign/vec4 v00000272ba97a240_0, 0;
    %load/vec4 v00000272ba97ad80_0;
    %cmpi/e 15, 0, 4;
    %jmp/0xz  T_3.19, 4;
    %pushi/vec4 0, 0, 4;
    %assign/vec4 v00000272ba97ad80_0, 0;
    %jmp T_3.20;
T_3.19 ;
    %load/vec4 v00000272ba97ad80_0;
    %addi 1, 0, 4;
    %assign/vec4 v00000272ba97ad80_0, 0;
T_3.20 ;
    %jmp T_3.18;
T_3.17 ;
    %pushi/vec4 0, 0, 32;
    %assign/vec4 v00000272ba97ba00_0, 0;
T_3.18 ;
    %jmp T_3.6;
T_3.6 ;
    %pop/vec4 1;
T_3.1 ;
    %jmp T_3;
    .thread T_3;
    .scope S_00000272ba8e5090;
T_4 ;
    %delay 10000, 0;
    %load/vec4 v00000272ba984bc0_0;
    %nor/r;
    %store/vec4 v00000272ba984bc0_0, 0, 1;
    %jmp T_4;
    .thread T_4;
    .scope S_00000272ba8e5090;
T_5 ;
    %vpi_call/w 3 69 "$dumpfile", "integration.vcd" {0 0 0};
    %vpi_call/w 3 70 "$dumpvars", 32'sb00000000000000000000000000000000, S_00000272ba8e5090 {0 0 0};
    %vpi_call/w 3 71 "$display", "Starting Sim" {0 0 0};
    %pushi/vec4 0, 0, 1;
    %store/vec4 v00000272ba984bc0_0, 0, 1;
    %pushi/vec4 0, 0, 1;
    %store/vec4 v00000272ba9850c0_0, 0, 1;
    %pushi/vec4 0, 0, 1;
    %store/vec4 v00000272ba985ca0_0, 0, 1;
    %pushi/vec4 0, 0, 2;
    %store/vec4 v00000272ba9853e0_0, 0, 2;
    %delay 20000, 0;
    %delay 20000, 0;
    %pushi/vec4 1, 0, 1;
    %store/vec4 v00000272ba9850c0_0, 0, 1;
    %delay 20000, 0;
    %pushi/vec4 0, 0, 1;
    %store/vec4 v00000272ba9850c0_0, 0, 1;
    %delay 20000, 0;
    %delay 20000, 0;
    %fork t_1, S_00000272ba8e5220;
    %jmp t_0;
    .scope S_00000272ba8e5220;
t_1 ;
    %pushi/vec4 0, 0, 32;
    %store/vec4 v00000272ba90ba00_0, 0, 32;
T_5.0 ;
    %load/vec4 v00000272ba90ba00_0;
    %cmpi/s 28, 0, 32;
    %jmp/0xz T_5.1, 5;
    %pushi/vec4 1, 0, 1;
    %store/vec4 v00000272ba985ca0_0, 0, 1;
    %pushi/vec4 1, 0, 2;
    %store/vec4 v00000272ba9853e0_0, 0, 2;
    %delay 20000, 0;
    %load/vec4 v00000272ba90ba00_0;
    %addi 1, 0, 32;
    %store/vec4 v00000272ba90ba00_0, 0, 32;
    %jmp T_5.0;
T_5.1 ;
    %end;
    .scope S_00000272ba8e5090;
t_0 %join;
    %pushi/vec4 1, 0, 2;
    %store/vec4 v00000272ba9853e0_0, 0, 2;
    %delay 20000, 0;
    %pushi/vec4 1, 0, 2;
    %store/vec4 v00000272ba9853e0_0, 0, 2;
    %delay 20000, 0;
    %pushi/vec4 1, 0, 2;
    %store/vec4 v00000272ba9853e0_0, 0, 2;
    %delay 20000, 0;
    %pushi/vec4 3, 0, 2;
    %store/vec4 v00000272ba9853e0_0, 0, 2;
    %delay 20000, 0;
    %fork t_3, S_00000272ba8bd6b0;
    %jmp t_2;
    .scope S_00000272ba8bd6b0;
t_3 ;
    %pushi/vec4 0, 0, 32;
    %store/vec4 v00000272ba90bdc0_0, 0, 32;
T_5.2 ;
    %load/vec4 v00000272ba90bdc0_0;
    %cmpi/s 24, 0, 32;
    %jmp/0xz T_5.3, 5;
    %pushi/vec4 3, 0, 2;
    %store/vec4 v00000272ba9853e0_0, 0, 2;
    %delay 20000, 0;
    %load/vec4 v00000272ba90bdc0_0;
    %addi 1, 0, 32;
    %store/vec4 v00000272ba90bdc0_0, 0, 32;
    %jmp T_5.2;
T_5.3 ;
    %end;
    .scope S_00000272ba8e5090;
t_2 %join;
    %fork t_5, S_00000272ba8bd840;
    %jmp t_4;
    .scope S_00000272ba8bd840;
t_5 ;
    %pushi/vec4 0, 0, 32;
    %store/vec4 v00000272ba90c4a0_0, 0, 32;
T_5.4 ;
    %load/vec4 v00000272ba90c4a0_0;
    %cmpi/s 24, 0, 32;
    %jmp/0xz T_5.5, 5;
    %pushi/vec4 1, 0, 2;
    %store/vec4 v00000272ba9853e0_0, 0, 2;
    %delay 20000, 0;
    %load/vec4 v00000272ba90c4a0_0;
    %addi 1, 0, 32;
    %store/vec4 v00000272ba90c4a0_0, 0, 32;
    %jmp T_5.4;
T_5.5 ;
    %end;
    .scope S_00000272ba8e5090;
t_4 %join;
    %fork t_7, S_00000272ba8d9cb0;
    %jmp t_6;
    .scope S_00000272ba8d9cb0;
t_7 ;
    %pushi/vec4 0, 0, 32;
    %store/vec4 v00000272ba90c5e0_0, 0, 32;
T_5.6 ;
    %load/vec4 v00000272ba90c5e0_0;
    %cmpi/s 8, 0, 32;
    %jmp/0xz T_5.7, 5;
    %pushi/vec4 0, 0, 2;
    %store/vec4 v00000272ba9853e0_0, 0, 2;
    %delay 20000, 0;
    %load/vec4 v00000272ba90c5e0_0;
    %addi 1, 0, 32;
    %store/vec4 v00000272ba90c5e0_0, 0, 32;
    %jmp T_5.6;
T_5.7 ;
    %end;
    .scope S_00000272ba8e5090;
t_6 %join;
    %pushi/vec4 1, 0, 1;
    %store/vec4 v00000272ba985ca0_0, 0, 1;
    %pushi/vec4 1, 0, 2;
    %store/vec4 v00000272ba9853e0_0, 0, 2;
    %delay 20000, 0;
    %pushi/vec4 1, 0, 1;
    %store/vec4 v00000272ba985ca0_0, 0, 1;
    %pushi/vec4 0, 0, 2;
    %store/vec4 v00000272ba9853e0_0, 0, 2;
    %delay 20000, 0;
    %pushi/vec4 1, 0, 1;
    %store/vec4 v00000272ba985ca0_0, 0, 1;
    %pushi/vec4 0, 0, 2;
    %store/vec4 v00000272ba9853e0_0, 0, 2;
    %delay 20000, 0;
    %pushi/vec4 1, 0, 1;
    %store/vec4 v00000272ba985ca0_0, 0, 1;
    %pushi/vec4 3, 0, 2;
    %store/vec4 v00000272ba9853e0_0, 0, 2;
    %delay 20000, 0;
    %pushi/vec4 1, 0, 1;
    %store/vec4 v00000272ba985ca0_0, 0, 1;
    %pushi/vec4 1, 0, 2;
    %store/vec4 v00000272ba9853e0_0, 0, 2;
    %delay 20000, 0;
    %pushi/vec4 1, 0, 1;
    %store/vec4 v00000272ba985ca0_0, 0, 1;
    %pushi/vec4 1, 0, 2;
    %store/vec4 v00000272ba9853e0_0, 0, 2;
    %delay 20000, 0;
    %pushi/vec4 1, 0, 1;
    %store/vec4 v00000272ba985ca0_0, 0, 1;
    %pushi/vec4 0, 0, 2;
    %store/vec4 v00000272ba9853e0_0, 0, 2;
    %delay 20000, 0;
    %pushi/vec4 1, 0, 1;
    %store/vec4 v00000272ba985ca0_0, 0, 1;
    %pushi/vec4 3, 0, 2;
    %store/vec4 v00000272ba9853e0_0, 0, 2;
    %delay 20000, 0;
    %pushi/vec4 1, 0, 1;
    %store/vec4 v00000272ba985ca0_0, 0, 1;
    %pushi/vec4 3, 0, 2;
    %store/vec4 v00000272ba9853e0_0, 0, 2;
    %delay 20000, 0;
    %pushi/vec4 1, 0, 1;
    %store/vec4 v00000272ba985ca0_0, 0, 1;
    %pushi/vec4 3, 0, 2;
    %store/vec4 v00000272ba9853e0_0, 0, 2;
    %delay 20000, 0;
    %pushi/vec4 1, 0, 1;
    %store/vec4 v00000272ba985ca0_0, 0, 1;
    %pushi/vec4 2, 0, 2;
    %store/vec4 v00000272ba9853e0_0, 0, 2;
    %delay 20000, 0;
    %pushi/vec4 1, 0, 1;
    %store/vec4 v00000272ba985ca0_0, 0, 1;
    %pushi/vec4 1, 0, 2;
    %store/vec4 v00000272ba9853e0_0, 0, 2;
    %delay 20000, 0;
    %pushi/vec4 1, 0, 1;
    %store/vec4 v00000272ba985ca0_0, 0, 1;
    %pushi/vec4 0, 0, 2;
    %store/vec4 v00000272ba9853e0_0, 0, 2;
    %delay 20000, 0;
    %pushi/vec4 1, 0, 1;
    %store/vec4 v00000272ba985ca0_0, 0, 1;
    %pushi/vec4 2, 0, 2;
    %store/vec4 v00000272ba9853e0_0, 0, 2;
    %delay 20000, 0;
    %pushi/vec4 1, 0, 1;
    %store/vec4 v00000272ba985ca0_0, 0, 1;
    %pushi/vec4 3, 0, 2;
    %store/vec4 v00000272ba9853e0_0, 0, 2;
    %delay 20000, 0;
    %pushi/vec4 1, 0, 1;
    %store/vec4 v00000272ba985ca0_0, 0, 1;
    %pushi/vec4 0, 0, 2;
    %store/vec4 v00000272ba9853e0_0, 0, 2;
    %delay 20000, 0;
    %fork t_9, S_00000272ba8d9e40;
    %jmp t_8;
    .scope S_00000272ba8d9e40;
t_9 ;
    %pushi/vec4 0, 0, 32;
    %store/vec4 v00000272ba90be60_0, 0, 32;
T_5.8 ;
    %load/vec4 v00000272ba90be60_0;
    %cmpi/s 16, 0, 32;
    %jmp/0xz T_5.9, 5;
    %pushi/vec4 1, 0, 1;
    %store/vec4 v00000272ba985ca0_0, 0, 1;
    %pushi/vec4 0, 0, 2;
    %store/vec4 v00000272ba9853e0_0, 0, 2;
    %delay 20000, 0;
    %load/vec4 v00000272ba90be60_0;
    %addi 1, 0, 32;
    %store/vec4 v00000272ba90be60_0, 0, 32;
    %jmp T_5.8;
T_5.9 ;
    %end;
    .scope S_00000272ba8e5090;
t_8 %join;
    %pushi/vec4 0, 0, 1;
    %store/vec4 v00000272ba985ca0_0, 0, 1;
    %delay 400000, 0;
    %fork t_11, S_00000272ba872f30;
    %jmp t_10;
    .scope S_00000272ba872f30;
t_11 ;
    %pushi/vec4 0, 0, 32;
    %store/vec4 v00000272ba90bfa0_0, 0, 32;
T_5.10 ;
    %load/vec4 v00000272ba90bfa0_0;
    %cmpi/s 16, 0, 32;
    %jmp/0xz T_5.11, 5;
    %pushi/vec4 1, 0, 1;
    %store/vec4 v00000272ba985ca0_0, 0, 1;
    %pushi/vec4 2, 0, 2;
    %store/vec4 v00000272ba9853e0_0, 0, 2;
    %delay 20000, 0;
    %load/vec4 v00000272ba90bfa0_0;
    %addi 1, 0, 32;
    %store/vec4 v00000272ba90bfa0_0, 0, 32;
    %jmp T_5.10;
T_5.11 ;
    %end;
    .scope S_00000272ba8e5090;
t_10 %join;
    %fork t_13, S_00000272ba8730c0;
    %jmp t_12;
    .scope S_00000272ba8730c0;
t_13 ;
    %pushi/vec4 0, 0, 32;
    %store/vec4 v00000272ba90b960_0, 0, 32;
T_5.12 ;
    %load/vec4 v00000272ba90b960_0;
    %cmpi/s 16, 0, 32;
    %jmp/0xz T_5.13, 5;
    %pushi/vec4 1, 0, 1;
    %store/vec4 v00000272ba985ca0_0, 0, 1;
    %pushi/vec4 3, 0, 2;
    %store/vec4 v00000272ba9853e0_0, 0, 2;
    %delay 20000, 0;
    %load/vec4 v00000272ba90b960_0;
    %addi 1, 0, 32;
    %store/vec4 v00000272ba90b960_0, 0, 32;
    %jmp T_5.12;
T_5.13 ;
    %end;
    .scope S_00000272ba8e5090;
t_12 %join;
    %fork t_15, S_00000272ba873250;
    %jmp t_14;
    .scope S_00000272ba873250;
t_15 ;
    %pushi/vec4 0, 0, 32;
    %store/vec4 v00000272ba90c7c0_0, 0, 32;
T_5.14 ;
    %load/vec4 v00000272ba90c7c0_0;
    %cmpi/s 16, 0, 32;
    %jmp/0xz T_5.15, 5;
    %pushi/vec4 1, 0, 1;
    %store/vec4 v00000272ba985ca0_0, 0, 1;
    %pushi/vec4 1, 0, 2;
    %store/vec4 v00000272ba9853e0_0, 0, 2;
    %delay 20000, 0;
    %load/vec4 v00000272ba90c7c0_0;
    %addi 1, 0, 32;
    %store/vec4 v00000272ba90c7c0_0, 0, 32;
    %jmp T_5.14;
T_5.15 ;
    %end;
    .scope S_00000272ba8e5090;
t_14 %join;
    %fork t_17, S_00000272ba95d840;
    %jmp t_16;
    .scope S_00000272ba95d840;
t_17 ;
    %pushi/vec4 0, 0, 32;
    %store/vec4 v00000272ba90bbe0_0, 0, 32;
T_5.16 ;
    %load/vec4 v00000272ba90bbe0_0;
    %cmpi/s 16, 0, 32;
    %jmp/0xz T_5.17, 5;
    %pushi/vec4 1, 0, 1;
    %store/vec4 v00000272ba985ca0_0, 0, 1;
    %pushi/vec4 0, 0, 2;
    %store/vec4 v00000272ba9853e0_0, 0, 2;
    %delay 20000, 0;
    %load/vec4 v00000272ba90bbe0_0;
    %addi 1, 0, 32;
    %store/vec4 v00000272ba90bbe0_0, 0, 32;
    %jmp T_5.16;
T_5.17 ;
    %end;
    .scope S_00000272ba8e5090;
t_16 %join;
    %pushi/vec4 0, 0, 1;
    %store/vec4 v00000272ba985ca0_0, 0, 1;
    %delay 400000, 0;
    %vpi_call/w 3 219 "$display", "\012Finishing Sim" {0 0 0};
    %vpi_call/w 3 220 "$finish" {0 0 0};
    %end;
    .thread T_5;
# The file index is used to find the file name in the following table.
:file_names 8;
    "N/A";
    "<interactive>";
    "-";
    "sim/integration_tb.sv";
    "src/aggregate.sv";
    "src/bitorder.sv";
    "src/ether.sv";
    "src/firewall.sv";
