#! /mingw64/bin/vvp
:ivl_version "12.0 (devel)" "(s20150603-1391-gd480c4d7d)";
:ivl_delay_selection "TYPICAL";
:vpi_time_precision - 12;
:vpi_module "C:\msys64\mingw64\lib\ivl\system.vpi";
:vpi_module "C:\msys64\mingw64\lib\ivl\vhdl_sys.vpi";
:vpi_module "C:\msys64\mingw64\lib\ivl\vhdl_textio.vpi";
:vpi_module "C:\msys64\mingw64\lib\ivl\v2005_math.vpi";
:vpi_module "C:\msys64\mingw64\lib\ivl\va_math.vpi";
:vpi_module "C:\msys64\mingw64\lib\ivl\v2009.vpi";
S_000002bb313fada0 .scope package, "$unit" "$unit" 2 1;
 .timescale 0 0;
S_000002bb313fc2a0 .scope package, "proctypes" "proctypes" 3 8;
 .timescale 0 0;
P_000002bb31408c60 .param/l "CAMERA_WIDTH" 0 3 183, C4<00000000000000000000000011010000>;
P_000002bb31408c98 .param/l "DECODED_INSTRUCTION_WIDTH" 0 3 247, C4<00000000000000000000000001001100>;
P_000002bb31408cd0 .param/l "GEOMETRY_ADDR_WIDTH" 0 3 242, +C4<00000000000000000000000000000100>;
P_000002bb31408d08 .param/l "GEOMETRY_DEPTH" 0 3 241, +C4<00000000000000000000000000010000>;
P_000002bb31408d40 .param/l "GEOMETRY_WIDTH" 0 3 240, C4<00000000000000000000000010100010>;
P_000002bb31408d78 .param/l "INSTRUCTION_WIDTH" 0 3 245, +C4<00000000000000000000000000100000>;
P_000002bb31408db0 .param/l "LIGHT_ADDR_WIDTH" 0 3 198, +C4<00000000000000000000000000000011>;
P_000002bb31408de8 .param/l "LIGHT_INDEX_SIZE" 0 3 87, +C4<00000000000000000000000000000110>;
P_000002bb31408e20 .param/l "LIGHT_WIDTH" 0 3 196, C4<00000000000000000000000010000010>;
P_000002bb31408e58 .param/l "NUM_INSTRUCTIONS" 0 3 248, +C4<00000000000000010000000000000000>;
P_000002bb31408e90 .param/l "NUM_INSTRUCTIONS_WIDTH" 0 3 249, +C4<00000000000000000000000000010000>;
P_000002bb31408ec8 .param/l "NUM_LIGHTS" 0 3 197, +C4<00000000000000000000000000001000>;
P_000002bb31408f00 .param/l "NUM_SHAPES" 0 3 236, +C4<00000000000000000000010000000000>;
P_000002bb31408f38 .param/l "NUM_TRIANGLES" 0 3 216, +C4<00000000000000000000000000010000>;
P_000002bb31408f70 .param/l "PROPERTY_SIZE" 0 3 64, +C4<00000000000000000000000000000101>;
P_000002bb31408fa8 .param/l "RENDERING_MODE" 0 3 16, C4<01>;
P_000002bb31408fe0 .param/l "SHAPE_ADDR_WIDTH" 0 3 237, +C4<00000000000000000000000000001010>;
P_000002bb31409018 .param/l "SHAPE_INDEX_SIZE" 0 3 110, +C4<00000000000000000000000000010011>;
P_000002bb31409050 .param/l "SHAPE_WIDTH" 0 3 235, C4<00000000000000000000000010110111>;
P_000002bb31409088 .param/l "TRIANGLE_ADDR_WIDTH" 0 3 217, +C4<00000000000000000000000000000100>;
P_000002bb314090c0 .param/l "TRIANGLE_WIDTH" 0 3 215, C4<00000000000000000000000010100010>;
enum000002bb313e5ef0 .enum4 (5)
   "lpType" 5'b00000,
   "lpXLocation" 5'b00001,
   "lpYLocation" 5'b00010,
   "lpZLocation" 5'b00011,
   "lpXForward" 5'b00100,
   "lpYForward" 5'b00101,
   "lpZForward" 5'b00110,
   "lpColor" 5'b00111,
   "lpIntensity" 5'b01000
 ;
enum000002bb313e4710 .enum4 (2)
   "renderNone" 2'b00,
   "renderRasterization" 2'b01,
   "renderRaytracing" 2'b11
 ;
enum000002bb313e47b0 .enum4 (1)
   "fetchStall" 1'b0,
   "fetchDequeue" 1'b1
 ;
enum000002bb313e4850 .enum4 (6)
   "fpuOpAdd" 6'b000000,
   "fpuOpSub" 6'b000001,
   "fpuOpUnord" 6'b000100,
   "fpuOpLt" 6'b001100,
   "fpuOpEq" 6'b010100,
   "fpuOpLeq" 6'b011100,
   "fpuOpGt" 6'b100100,
   "fpuOpNeq" 6'b101100,
   "fpuOpGeq" 6'b110100
 ;
enum000002bb313e4d00 .enum4 (3)
   "ocFType" 3'b000,
   "ocCType" 3'b001,
   "ocLType" 3'b011,
   "ocSIType" 3'b100,
   "ocSEType" 3'b101
 ;
enum000002bb313e4da0 .enum4 (4)
   "opUnsupported" 4'b0000,
   "opEnd" 4'b0001,
   "opRender" 4'b0010,
   "opFrame" 4'b0011,
   "opLoop" 4'b0100,
   "opCameraSet" 4'b0101,
   "opLightSet" 4'b0110,
   "opShapeInit" 4'b0111,
   "opShapeSet" 4'b1000,
   "opShapeData" 4'b1001
 ;
enum000002bb313e4e40 .enum4 (5)
   "cpNull" 5'b00000,
   "cpXLocation" 5'b00001,
   "cpYLocation" 5'b00010,
   "cpZLocation" 5'b00011,
   "cpXForward" 5'b00100,
   "cpYForward" 5'b00101,
   "cpZForward" 5'b00110,
   "cpXUp" 5'b00111,
   "cpYUp" 5'b01000,
   "cpZUp" 5'b01001,
   "cpNearClip" 5'b01010,
   "cpFarClip" 5'b01011,
   "cpFovHor" 5'b01100,
   "cpFovVer" 5'b01101
 ;
enum000002bb313ea440 .enum4 (5)
   "spNull" 5'b00000,
   "spXLocation" 5'b00001,
   "spYLocation" 5'b00010,
   "spZLocation" 5'b00011,
   "spRRotation" 5'b00100,
   "spIRotation" 5'b00101,
   "spJRotation" 5'b00110,
   "spKRotation" 5'b00111,
   "spXScale" 5'b01000,
   "spYScale" 5'b01001,
   "spZScale" 5'b01010,
   "spColor" 5'b01011,
   "spMaterial" 5'b01100
 ;
enum000002bb313ea4e0 .enum4 (5)
   "stOff" 5'b00000,
   "stSphere" 5'b00001,
   "stCylinder" 5'b00010,
   "stCone" 5'b00011
 ;
enum000002bb313e9fa0 .enum4 (2)
   "ltOff" 2'b00,
   "ltDirectional" 2'b01,
   "ltPoint" 2'b10
 ;
enum000002bb313ea580 .enum4 (5)
   "tpNull" 5'b00000,
   "tpX1" 5'b00001,
   "tpY1" 5'b00010,
   "tpZ1" 5'b00011,
   "tpX2" 5'b00100,
   "tpY2" 5'b00101,
   "tpZ2" 5'b00110,
   "tpX3" 5'b00111,
   "tpY3" 5'b01000,
   "tpZ3" 5'b01001,
   "tpColor" 5'b01011,
   "tpMaterial" 5'b01100
 ;
S_000002bb313c2940 .scope module, "parser_tb" "parser_tb" 4 6;
 .timescale -9 -12;
v000002bb31409d30_0 .var "clk", 0 0;
v000002bb314093d0_0 .net "dInst", 75 0, v000002bb3140a050_0;  1 drivers
v000002bb31409510_0 .var "instruction", 31 0;
v000002bb31409dd0_0 .var "pc", 15 0;
v000002bb31409790_0 .var "rst", 0 0;
v000002bb31409e70_0 .var "valid_in", 0 0;
v000002bb31409f10_0 .net "valid_out", 0 0, v000002bb31409c90_0;  1 drivers
S_000002bb313c2ad0 .scope module, "ip" "parser" 4 16, 5 7 0, S_000002bb313c2940;
 .timescale -9 -12;
    .port_info 0 /INPUT 1 "clk";
    .port_info 1 /INPUT 1 "rst";
    .port_info 2 /INPUT 1 "stall";
    .port_info 3 /INPUT 16 "pc_in";
    .port_info 4 /INPUT 32 "instruction";
    .port_info 5 /INPUT 1 "valid_in";
    .port_info 6 /OUTPUT 1 "valid_out";
    .port_info 7 /OUTPUT 76 "dInst";
    .port_info 8 /OUTPUT 16 "pc_out";
enum000002bb313eb960 .enum2/s (32)
   "NORMAL" 0,
   "SINGLE_SE" 1,
   "DOUBLE_SE" 2,
   "SINGLE_SD" 3
 ;
v000002bb31409a10_0 .net "clk", 0 0, v000002bb31409d30_0;  1 drivers
v000002bb3140a050_0 .var "dInst", 75 0;
v000002bb31409ab0_0 .var "func", 1 0;
v000002bb314095b0_0 .net "instruction", 31 0, v000002bb31409510_0;  1 drivers
v000002bb31409b50_0 .var "nextDInst", 75 0;
v000002bb31409470_0 .var "opcode", 2 0;
v000002bb31409650_0 .net "pc_in", 15 0, v000002bb31409dd0_0;  1 drivers
v000002bb31409830_0 .var "pc_out", 15 0;
v000002bb314098d0_0 .net "rst", 0 0, v000002bb31409790_0;  1 drivers
L_000002bb31470088 .functor BUFT 1, C4<0>, C4<0>, C4<0>, C4<0>;
v000002bb31409bf0_0 .net "stall", 0 0, L_000002bb31470088;  1 drivers
v000002bb314096f0_0 .var/2s "state", 31 0;
v000002bb31409970_0 .net "valid_in", 0 0, v000002bb31409e70_0;  1 drivers
v000002bb31409c90_0 .var "valid_out", 0 0;
E_000002bb313f7f00 .event posedge, v000002bb31409a10_0;
E_000002bb313f8c40 .event anyedge, v000002bb314096f0_0, v000002bb314095b0_0, v000002bb31409470_0, v000002bb31409ab0_0;
    .scope S_000002bb313c2ad0;
T_0 ;
    %pushi/vec4 0, 0, 76;
    %store/vec4 v000002bb31409b50_0, 0, 76;
    %pushi/vec4 0, 0, 3;
    %store/vec4 v000002bb31409470_0, 0, 3;
    %end;
    .thread T_0, $init;
    .scope S_000002bb313c2ad0;
T_1 ;
    %wait E_000002bb313f8c40;
    %load/vec4 v000002bb314096f0_0;
    %cmpi/e 2, 0, 32;
    %jmp/1 T_1.2, 4;
    %flag_mov 8, 4;
    %load/vec4 v000002bb314096f0_0;
    %cmpi/e 3, 0, 32;
    %flag_or 4, 8;
T_1.2;
    %jmp/0xz  T_1.0, 4;
    %pushi/vec4 9, 0, 4;
    %ix/load 4, 72, 0;
    %flag_set/imm 4, 0;
    %store/vec4 v000002bb31409b50_0, 4, 4;
    %load/vec4 v000002bb314095b0_0;
    %parti/s 16, 16, 6;
    %ix/load 4, 16, 0;
    %flag_set/imm 4, 0;
    %store/vec4 v000002bb31409b50_0, 4, 16;
    %load/vec4 v000002bb314095b0_0;
    %parti/s 16, 0, 2;
    %ix/load 4, 0, 0;
    %flag_set/imm 4, 0;
    %store/vec4 v000002bb31409b50_0, 4, 16;
    %jmp T_1.1;
T_1.0 ;
    %load/vec4 v000002bb314095b0_0;
    %parti/s 3, 0, 2;
    %store/vec4 v000002bb31409470_0, 0, 3;
    %load/vec4 v000002bb31409470_0;
    %dup/vec4;
    %pushi/vec4 0, 0, 3;
    %cmp/u;
    %jmp/1 T_1.3, 6;
    %dup/vec4;
    %pushi/vec4 1, 0, 3;
    %cmp/u;
    %jmp/1 T_1.4, 6;
    %dup/vec4;
    %pushi/vec4 3, 0, 3;
    %cmp/u;
    %jmp/1 T_1.5, 6;
    %dup/vec4;
    %pushi/vec4 4, 0, 3;
    %cmp/u;
    %jmp/1 T_1.6, 6;
    %dup/vec4;
    %pushi/vec4 5, 0, 3;
    %cmp/u;
    %jmp/1 T_1.7, 6;
    %pushi/vec4 0, 0, 4;
    %ix/load 4, 72, 0;
    %flag_set/imm 4, 0;
    %store/vec4 v000002bb31409b50_0, 4, 4;
    %jmp T_1.9;
T_1.3 ;
    %load/vec4 v000002bb314095b0_0;
    %parti/s 2, 9, 5;
    %store/vec4 v000002bb31409ab0_0, 0, 2;
    %load/vec4 v000002bb31409ab0_0;
    %cmpi/e 0, 0, 2;
    %jmp/0xz  T_1.10, 4;
    %pushi/vec4 1, 0, 4;
    %ix/load 4, 72, 0;
    %flag_set/imm 4, 0;
    %store/vec4 v000002bb31409b50_0, 4, 4;
    %jmp T_1.11;
T_1.10 ;
    %load/vec4 v000002bb31409ab0_0;
    %cmpi/e 1, 0, 2;
    %jmp/0xz  T_1.12, 4;
    %pushi/vec4 2, 0, 4;
    %ix/load 4, 72, 0;
    %flag_set/imm 4, 0;
    %store/vec4 v000002bb31409b50_0, 4, 4;
    %jmp T_1.13;
T_1.12 ;
    %load/vec4 v000002bb31409ab0_0;
    %cmpi/e 2, 0, 2;
    %jmp/0xz  T_1.14, 4;
    %pushi/vec4 3, 0, 4;
    %ix/load 4, 72, 0;
    %flag_set/imm 4, 0;
    %store/vec4 v000002bb31409b50_0, 4, 4;
    %jmp T_1.15;
T_1.14 ;
    %load/vec4 v000002bb31409ab0_0;
    %cmpi/e 3, 0, 2;
    %jmp/0xz  T_1.16, 4;
    %pushi/vec4 4, 0, 4;
    %ix/load 4, 72, 0;
    %flag_set/imm 4, 0;
    %store/vec4 v000002bb31409b50_0, 4, 4;
T_1.16 ;
T_1.15 ;
T_1.13 ;
T_1.11 ;
    %jmp T_1.9;
T_1.4 ;
    %pushi/vec4 5, 0, 4;
    %ix/load 4, 72, 0;
    %flag_set/imm 4, 0;
    %store/vec4 v000002bb31409b50_0, 4, 4;
    %load/vec4 v000002bb314095b0_0;
    %parti/s 5, 11, 5;
    %ix/load 4, 37, 0;
    %flag_set/imm 4, 0;
    %store/vec4 v000002bb31409b50_0, 4, 5;
    %load/vec4 v000002bb314095b0_0;
    %parti/s 16, 16, 6;
    %ix/load 4, 16, 0;
    %flag_set/imm 4, 0;
    %store/vec4 v000002bb31409b50_0, 4, 16;
    %jmp T_1.9;
T_1.5 ;
    %pushi/vec4 6, 0, 4;
    %ix/load 4, 72, 0;
    %flag_set/imm 4, 0;
    %store/vec4 v000002bb31409b50_0, 4, 4;
    %load/vec4 v000002bb314095b0_0;
    %parti/s 6, 3, 3;
    %ix/load 4, 66, 0;
    %flag_set/imm 4, 0;
    %store/vec4 v000002bb31409b50_0, 4, 6;
    %load/vec4 v000002bb314095b0_0;
    %parti/s 5, 11, 5;
    %ix/load 4, 37, 0;
    %flag_set/imm 4, 0;
    %store/vec4 v000002bb31409b50_0, 4, 5;
    %load/vec4 v000002bb314095b0_0;
    %parti/s 16, 16, 6;
    %ix/load 4, 16, 0;
    %flag_set/imm 4, 0;
    %store/vec4 v000002bb31409b50_0, 4, 16;
    %jmp T_1.9;
T_1.6 ;
    %pushi/vec4 7, 0, 4;
    %ix/load 4, 72, 0;
    %flag_set/imm 4, 0;
    %store/vec4 v000002bb31409b50_0, 4, 4;
    %load/vec4 v000002bb314095b0_0;
    %parti/s 16, 16, 6;
    %load/vec4 v000002bb314095b0_0;
    %parti/s 3, 3, 3;
    %concat/vec4; draw_concat_vec4
    %ix/load 4, 47, 0;
    %flag_set/imm 4, 0;
    %store/vec4 v000002bb31409b50_0, 4, 19;
    %load/vec4 v000002bb314095b0_0;
    %parti/s 5, 11, 5;
    %ix/load 4, 42, 0;
    %flag_set/imm 4, 0;
    %store/vec4 v000002bb31409b50_0, 4, 5;
    %jmp T_1.9;
T_1.7 ;
    %pushi/vec4 8, 0, 4;
    %ix/load 4, 72, 0;
    %flag_set/imm 4, 0;
    %store/vec4 v000002bb31409b50_0, 4, 4;
    %load/vec4 v000002bb314095b0_0;
    %parti/s 16, 16, 6;
    %load/vec4 v000002bb314095b0_0;
    %parti/s 3, 3, 3;
    %concat/vec4; draw_concat_vec4
    %ix/load 4, 47, 0;
    %flag_set/imm 4, 0;
    %store/vec4 v000002bb31409b50_0, 4, 19;
    %load/vec4 v000002bb314095b0_0;
    %parti/s 5, 11, 5;
    %ix/load 4, 37, 0;
    %flag_set/imm 4, 0;
    %store/vec4 v000002bb31409b50_0, 4, 5;
    %load/vec4 v000002bb314095b0_0;
    %parti/s 5, 6, 4;
    %ix/load 4, 32, 0;
    %flag_set/imm 4, 0;
    %store/vec4 v000002bb31409b50_0, 4, 5;
    %jmp T_1.9;
T_1.9 ;
    %pop/vec4 1;
T_1.1 ;
    %jmp T_1;
    .thread T_1, $push;
    .scope S_000002bb313c2ad0;
T_2 ;
    %wait E_000002bb313f7f00;
    %load/vec4 v000002bb314098d0_0;
    %flag_set/vec4 8;
    %jmp/0xz  T_2.0, 8;
    %pushi/vec4 0, 0, 1;
    %assign/vec4 v000002bb31409c90_0, 0;
    %pushi/vec4 0, 0, 76;
    %assign/vec4 v000002bb3140a050_0, 0;
    %pushi/vec4 0, 0, 16;
    %assign/vec4 v000002bb31409830_0, 0;
    %pushi/vec4 0, 0, 32;
    %assign/vec4 v000002bb314096f0_0, 0;
    %jmp T_2.1;
T_2.0 ;
    %load/vec4 v000002bb31409bf0_0;
    %nor/r;
    %flag_set/vec4 8;
    %jmp/0xz  T_2.2, 8;
    %load/vec4 v000002bb31409650_0;
    %assign/vec4 v000002bb31409830_0, 0;
    %load/vec4 v000002bb31409970_0;
    %assign/vec4 v000002bb31409c90_0, 0;
    %load/vec4 v000002bb31409b50_0;
    %assign/vec4 v000002bb3140a050_0, 0;
    %load/vec4 v000002bb31409970_0;
    %flag_set/vec4 9;
    %flag_get/vec4 9;
    %jmp/0 T_2.6, 9;
    %load/vec4 v000002bb31409b50_0;
    %parti/u 4, 72, 32;
    %pushi/vec4 8, 0, 4;
    %cmp/e;
    %flag_get/vec4 4;
    %and;
T_2.6;
    %flag_set/vec4 8;
    %jmp/0xz  T_2.4, 8;
    %load/vec4 v000002bb314096f0_0;
    %cmpi/e 1, 0, 32;
    %jmp/0xz  T_2.7, 4;
    %pushi/vec4 2, 0, 32;
    %assign/vec4 v000002bb314096f0_0, 0;
    %jmp T_2.8;
T_2.7 ;
    %pushi/vec4 1, 0, 32;
    %assign/vec4 v000002bb314096f0_0, 0;
T_2.8 ;
    %jmp T_2.5;
T_2.4 ;
    %load/vec4 v000002bb31409970_0;
    %flag_set/vec4 8;
    %jmp/0xz  T_2.9, 8;
    %load/vec4 v000002bb314096f0_0;
    %cmpi/e 2, 0, 32;
    %jmp/0xz  T_2.11, 4;
    %pushi/vec4 3, 0, 32;
    %assign/vec4 v000002bb314096f0_0, 0;
    %jmp T_2.12;
T_2.11 ;
    %pushi/vec4 0, 0, 32;
    %assign/vec4 v000002bb314096f0_0, 0;
T_2.12 ;
T_2.9 ;
T_2.5 ;
T_2.2 ;
T_2.1 ;
    %jmp T_2;
    .thread T_2;
    .scope S_000002bb313c2940;
T_3 ;
    %delay 5000, 0;
    %load/vec4 v000002bb31409d30_0;
    %nor/r;
    %store/vec4 v000002bb31409d30_0, 0, 1;
    %jmp T_3;
    .thread T_3;
    .scope S_000002bb313c2940;
T_4 ;
    %vpi_call/w 4 35 "$dumpfile", "parser.vcd" {0 0 0};
    %vpi_call/w 4 36 "$dumpvars", 32'sb00000000000000000000000000000000, S_000002bb313c2940 {0 0 0};
    %vpi_call/w 4 37 "$display", "Starting Sim" {0 0 0};
    %pushi/vec4 0, 0, 1;
    %store/vec4 v000002bb31409d30_0, 0, 1;
    %pushi/vec4 0, 0, 1;
    %store/vec4 v000002bb31409790_0, 0, 1;
    %pushi/vec4 0, 0, 1;
    %store/vec4 v000002bb31409e70_0, 0, 1;
    %delay 10000, 0;
    %delay 10000, 0;
    %pushi/vec4 1, 0, 1;
    %store/vec4 v000002bb31409790_0, 0, 1;
    %delay 10000, 0;
    %pushi/vec4 0, 0, 1;
    %store/vec4 v000002bb31409790_0, 0, 1;
    %delay 10000, 0;
    %delay 10000, 0;
    %pushi/vec4 0, 0, 32;
    %store/vec4 v000002bb31409510_0, 0, 32;
    %pushi/vec4 1, 0, 1;
    %store/vec4 v000002bb31409e70_0, 0, 1;
    %delay 10000, 0;
    %vpi_call/w 4 54 "$display", "-----------------------------" {0 0 0};
    %vpi_call/w 4 55 "$display", "Instruction type: \011 %19b", &PV<v000002bb314093d0_0, 72, 4> {0 0 0};
    %vpi_call/w 4 56 "$display", "Light index: \011\011 %19b", &PV<v000002bb314093d0_0, 66, 6> {0 0 0};
    %vpi_call/w 4 57 "$display", "Shape index:\011\011 %19b", &PV<v000002bb314093d0_0, 47, 19> {0 0 0};
    %vpi_call/w 4 58 "$display", "Shape type: \011\011 %19b", &PV<v000002bb314093d0_0, 42, 5> {0 0 0};
    %vpi_call/w 4 59 "$display", "Property 1: \011\011 %19b", &PV<v000002bb314093d0_0, 37, 5> {0 0 0};
    %vpi_call/w 4 60 "$display", "Property 2: \011\011 %19b", &PV<v000002bb314093d0_0, 32, 5> {0 0 0};
    %vpi_call/w 4 61 "$display", "Data 1: \011\011 %19b", &PV<v000002bb314093d0_0, 16, 16> {0 0 0};
    %vpi_call/w 4 62 "$display", "Data 2: \011\011 %19b", &PV<v000002bb314093d0_0, 0, 16> {0 0 0};
    %delay 10000, 0;
    %pushi/vec4 512, 0, 32;
    %store/vec4 v000002bb31409510_0, 0, 32;
    %pushi/vec4 1, 0, 1;
    %store/vec4 v000002bb31409e70_0, 0, 1;
    %vpi_call/w 4 67 "$display", "-----------------------------" {0 0 0};
    %vpi_call/w 4 68 "$display", "Instruction type: \011 %19b", &PV<v000002bb314093d0_0, 72, 4> {0 0 0};
    %vpi_call/w 4 69 "$display", "Light index: \011\011 %19b", &PV<v000002bb314093d0_0, 66, 6> {0 0 0};
    %vpi_call/w 4 70 "$display", "Shape index:\011\011 %19b", &PV<v000002bb314093d0_0, 47, 19> {0 0 0};
    %vpi_call/w 4 71 "$display", "Shape type: \011\011 %19b", &PV<v000002bb314093d0_0, 42, 5> {0 0 0};
    %vpi_call/w 4 72 "$display", "Property 1: \011\011 %19b", &PV<v000002bb314093d0_0, 37, 5> {0 0 0};
    %vpi_call/w 4 73 "$display", "Property 2: \011\011 %19b", &PV<v000002bb314093d0_0, 32, 5> {0 0 0};
    %vpi_call/w 4 74 "$display", "Data 1: \011\011 %19b", &PV<v000002bb314093d0_0, 16, 16> {0 0 0};
    %vpi_call/w 4 75 "$display", "Data 2: \011\011 %19b", &PV<v000002bb314093d0_0, 0, 16> {0 0 0};
    %delay 10000, 0;
    %vpi_call/w 4 77 "$display", "-----------------------------" {0 0 0};
    %vpi_call/w 4 78 "$display", "Instruction type: \011 %19b", &PV<v000002bb314093d0_0, 72, 4> {0 0 0};
    %vpi_call/w 4 79 "$display", "Light index: \011\011 %19b", &PV<v000002bb314093d0_0, 66, 6> {0 0 0};
    %vpi_call/w 4 80 "$display", "Shape index:\011\011 %19b", &PV<v000002bb314093d0_0, 47, 19> {0 0 0};
    %vpi_call/w 4 81 "$display", "Shape type: \011\011 %19b", &PV<v000002bb314093d0_0, 42, 5> {0 0 0};
    %vpi_call/w 4 82 "$display", "Property 1: \011\011 %19b", &PV<v000002bb314093d0_0, 37, 5> {0 0 0};
    %vpi_call/w 4 83 "$display", "Property 2: \011\011 %19b", &PV<v000002bb314093d0_0, 32, 5> {0 0 0};
    %vpi_call/w 4 84 "$display", "Data 1: \011\011 %19b", &PV<v000002bb314093d0_0, 16, 16> {0 0 0};
    %vpi_call/w 4 85 "$display", "Data 2: \011\011 %19b", &PV<v000002bb314093d0_0, 0, 16> {0 0 0};
    %delay 10000, 0;
    %pushi/vec4 1432291329, 0, 32;
    %store/vec4 v000002bb31409510_0, 0, 32;
    %pushi/vec4 1, 0, 1;
    %store/vec4 v000002bb31409e70_0, 0, 1;
    %vpi_call/w 4 90 "$display", "-----------------------------" {0 0 0};
    %vpi_call/w 4 91 "$display", "Instruction type: \011 %19b", &PV<v000002bb314093d0_0, 72, 4> {0 0 0};
    %vpi_call/w 4 92 "$display", "Light index: \011\011 %19b", &PV<v000002bb314093d0_0, 66, 6> {0 0 0};
    %vpi_call/w 4 93 "$display", "Shape index:\011\011 %19b", &PV<v000002bb314093d0_0, 47, 19> {0 0 0};
    %vpi_call/w 4 94 "$display", "Shape type: \011\011 %19b", &PV<v000002bb314093d0_0, 42, 5> {0 0 0};
    %vpi_call/w 4 95 "$display", "Property 1: \011\011 %19b", &PV<v000002bb314093d0_0, 37, 5> {0 0 0};
    %vpi_call/w 4 96 "$display", "Property 2: \011\011 %19b", &PV<v000002bb314093d0_0, 32, 5> {0 0 0};
    %vpi_call/w 4 97 "$display", "Data 1: \011\011 %19b", &PV<v000002bb314093d0_0, 16, 16> {0 0 0};
    %vpi_call/w 4 98 "$display", "Data 2: \011\011 %19b", &PV<v000002bb314093d0_0, 0, 16> {0 0 0};
    %delay 10000, 0;
    %vpi_call/w 4 100 "$display", "-----------------------------" {0 0 0};
    %vpi_call/w 4 101 "$display", "Instruction type: \011 %19b", &PV<v000002bb314093d0_0, 72, 4> {0 0 0};
    %vpi_call/w 4 102 "$display", "Light index: \011\011 %19b", &PV<v000002bb314093d0_0, 66, 6> {0 0 0};
    %vpi_call/w 4 103 "$display", "Shape index:\011\011 %19b", &PV<v000002bb314093d0_0, 47, 19> {0 0 0};
    %vpi_call/w 4 104 "$display", "Shape type: \011\011 %19b", &PV<v000002bb314093d0_0, 42, 5> {0 0 0};
    %vpi_call/w 4 105 "$display", "Property 1: \011\011 %19b", &PV<v000002bb314093d0_0, 37, 5> {0 0 0};
    %vpi_call/w 4 106 "$display", "Property 2: \011\011 %19b", &PV<v000002bb314093d0_0, 32, 5> {0 0 0};
    %vpi_call/w 4 107 "$display", "Data 1: \011\011 %19b", &PV<v000002bb314093d0_0, 16, 16> {0 0 0};
    %vpi_call/w 4 108 "$display", "Data 2: \011\011 %19b", &PV<v000002bb314093d0_0, 0, 16> {0 0 0};
    %delay 10000, 0;
    %vpi_call/w 4 110 "$display", "-----------------------------" {0 0 0};
    %vpi_call/w 4 111 "$display", "Instruction type: \011 %19b", &PV<v000002bb314093d0_0, 72, 4> {0 0 0};
    %vpi_call/w 4 112 "$display", "Light index: \011\011 %19b", &PV<v000002bb314093d0_0, 66, 6> {0 0 0};
    %vpi_call/w 4 113 "$display", "Shape index:\011\011 %19b", &PV<v000002bb314093d0_0, 47, 19> {0 0 0};
    %vpi_call/w 4 114 "$display", "Shape type: \011\011 %19b", &PV<v000002bb314093d0_0, 42, 5> {0 0 0};
    %vpi_call/w 4 115 "$display", "Property 1: \011\011 %19b", &PV<v000002bb314093d0_0, 37, 5> {0 0 0};
    %vpi_call/w 4 116 "$display", "Property 2: \011\011 %19b", &PV<v000002bb314093d0_0, 32, 5> {0 0 0};
    %vpi_call/w 4 117 "$display", "Data 1: \011\011 %19b", &PV<v000002bb314093d0_0, 16, 16> {0 0 0};
    %vpi_call/w 4 118 "$display", "Data 2: \011\011 %19b", &PV<v000002bb314093d0_0, 0, 16> {0 0 0};
    %delay 10000, 0;
    %vpi_call/w 4 121 "$display", "\012Finishing Sim" {0 0 0};
    %vpi_call/w 4 122 "$finish" {0 0 0};
    %end;
    .thread T_4;
# The file index is used to find the file name in the following table.
:file_names 6;
    "N/A";
    "<interactive>";
    "-";
    "src/0proctypes.sv";
    "sim/parser_tb.sv";
    "src/parser.sv";
