#! /c/Source/iverilog-install/bin/vvp
:ivl_version "12.0 (devel)" "(s20150603-1539-g2693dd32b)";
:ivl_delay_selection "TYPICAL";
:vpi_time_precision - 12;
:vpi_module "C:\iverilog\lib\ivl\system.vpi";
:vpi_module "C:\iverilog\lib\ivl\vhdl_sys.vpi";
:vpi_module "C:\iverilog\lib\ivl\vhdl_textio.vpi";
:vpi_module "C:\iverilog\lib\ivl\v2005_math.vpi";
:vpi_module "C:\iverilog\lib\ivl\va_math.vpi";
:vpi_module "C:\iverilog\lib\ivl\v2009.vpi";
S_0000013a6042bc90 .scope package, "$unit" "$unit" 2 1;
 .timescale 0 0;
S_0000013a6042dba0 .scope module, "pipe_tb" "pipe_tb" 3 5;
 .timescale -9 -12;
v0000013a606a3f50_0 .var "clk", 0 0;
v0000013a606ef4e0_0 .var "pipe_in", 0 0;
v0000013a606f02a0_0 .net "pipe_out", 0 0, L_0000013a606efda0;  1 drivers
v0000013a606eff80_0 .var "rst", 0 0;
S_0000013a6042dd30 .scope module, "p" "pipe" 3 13, 4 2 0, S_0000013a6042dba0;
 .timescale 0 0;
    .port_info 0 /INPUT 1 "clk";
    .port_info 1 /INPUT 1 "rst";
    .port_info 2 /INPUT 1 "in";
    .port_info 3 /OUTPUT 1 "out";
    .port_info 4 /OUTPUT 10 "line";
P_0000013a606a93b0 .param/l "LENGTH" 0 4 3, +C4<00000000000000000000000000001010>;
v0000013a6042b250_0 .net *"_ivl_2", 9 0, L_0000013a606f0340;  1 drivers
v0000013a6042dec0_0 .net *"_ivl_4", 8 0, L_0000013a606f0200;  1 drivers
L_0000013a606f0408 .functor BUFT 1, C4<0>, C4<0>, C4<0>, C4<0>;
v0000013a6042df60_0 .net *"_ivl_6", 0 0, L_0000013a606f0408;  1 drivers
v0000013a60672e70_0 .net "clk", 0 0, v0000013a606a3f50_0;  1 drivers
v0000013a60672f10_0 .net "in", 0 0, v0000013a606ef4e0_0;  1 drivers
v0000013a60672fb0_0 .var "line", 9 0;
v0000013a60673050_0 .net "out", 0 0, L_0000013a606efda0;  alias, 1 drivers
v0000013a606a3e10_0 .net "rst", 0 0, v0000013a606eff80_0;  1 drivers
v0000013a606a3eb0_0 .net "temp", 0 0, L_0000013a606ef760;  1 drivers
E_0000013a606a9af0 .event posedge, v0000013a60672e70_0;
L_0000013a606efda0 .part v0000013a60672fb0_0, 9, 1;
L_0000013a606f0200 .part v0000013a60672fb0_0, 0, 9;
L_0000013a606f0340 .concat [ 1 9 0 0], L_0000013a606f0408, L_0000013a606f0200;
L_0000013a606ef760 .part L_0000013a606f0340, 0, 1;
S_0000013a60672ce0 .scope begin, "$ivl_for_loop0" "$ivl_for_loop0" 4 21, 4 21 0, S_0000013a6042dd30;
 .timescale 0 0;
v0000013a6042b8b0_0 .var/2s "i", 31 0;
    .scope S_0000013a6042dd30;
T_0 ;
    %wait E_0000013a606a9af0;
    %load/vec4 v0000013a606a3e10_0;
    %flag_set/vec4 8;
    %jmp/0xz  T_0.0, 8;
    %pushi/vec4 0, 0, 10;
    %assign/vec4 v0000013a60672fb0_0, 0;
    %jmp T_0.1;
T_0.0 ;
    %load/vec4 v0000013a60672f10_0;
    %ix/load 4, 0, 0;
    %ix/load 5, 0, 0;
    %flag_set/imm 4, 0;
    %assign/vec4/off/d v0000013a60672fb0_0, 4, 5;
    %fork t_1, S_0000013a60672ce0;
    %jmp t_0;
    .scope S_0000013a60672ce0;
t_1 ;
    %pushi/vec4 0, 0, 32;
    %store/vec4 v0000013a6042b8b0_0, 0, 32;
T_0.2 ;
    %load/vec4 v0000013a6042b8b0_0;
    %cmpi/s 9, 0, 32;
    %jmp/0xz T_0.3, 5;
    %load/vec4 v0000013a60672fb0_0;
    %load/vec4 v0000013a6042b8b0_0;
    %part/s 1;
    %ix/load 5, 0, 0;
    %load/vec4 v0000013a6042b8b0_0;
    %addi 1, 0, 32;
    %ix/vec4/s 4;
    %assign/vec4/off/d v0000013a60672fb0_0, 4, 5;
    ; show_stmt_assign_vector: Get l-value for compressed += operand
    %load/vec4 v0000013a6042b8b0_0;
    %pushi/vec4 1, 0, 32;
    %add;
    %cast2;
    %store/vec4 v0000013a6042b8b0_0, 0, 32;
    %jmp T_0.2;
T_0.3 ;
    %end;
    .scope S_0000013a6042dd30;
t_0 %join;
T_0.1 ;
    %jmp T_0;
    .thread T_0;
    .scope S_0000013a6042dba0;
T_1 ;
    %delay 2500, 0;
    %load/vec4 v0000013a606a3f50_0;
    %nor/r;
    %store/vec4 v0000013a606a3f50_0, 0, 1;
    %jmp T_1;
    .thread T_1;
    .scope S_0000013a6042dba0;
T_2 ;
    %vpi_call/w 3 32 "$dumpfile", "pipe.vcd" {0 0 0};
    %vpi_call/w 3 33 "$dumpvars", 32'sb00000000000000000000000000000000, S_0000013a6042dba0 {0 0 0};
    %vpi_call/w 3 34 "$display", "Starting Sim" {0 0 0};
    %pushi/vec4 0, 0, 1;
    %store/vec4 v0000013a606a3f50_0, 0, 1;
    %pushi/vec4 0, 0, 1;
    %store/vec4 v0000013a606eff80_0, 0, 1;
    %pushi/vec4 0, 0, 1;
    %store/vec4 v0000013a606ef4e0_0, 0, 1;
    %delay 22500, 0;
    %pushi/vec4 1, 0, 1;
    %store/vec4 v0000013a606eff80_0, 0, 1;
    %delay 20000, 0;
    %pushi/vec4 0, 0, 1;
    %store/vec4 v0000013a606eff80_0, 0, 1;
    %delay 20000, 0;
    %delay 100000, 0;
    %pushi/vec4 1, 0, 1;
    %store/vec4 v0000013a606ef4e0_0, 0, 1;
    %delay 12000, 0;
    %pushi/vec4 0, 0, 1;
    %store/vec4 v0000013a606ef4e0_0, 0, 1;
    %delay 240000, 0;
    %pushi/vec4 1, 0, 1;
    %store/vec4 v0000013a606ef4e0_0, 0, 1;
    %delay 36000, 0;
    %pushi/vec4 0, 0, 1;
    %store/vec4 v0000013a606ef4e0_0, 0, 1;
    %delay 600000, 0;
    %vpi_call/w 3 55 "$finish" {0 0 0};
    %end;
    .thread T_2;
# The file index is used to find the file name in the following table.
:file_names 5;
    "N/A";
    "<interactive>";
    "-";
    ".\sim\pipe_tb.sv";
    ".\src\pipe.sv";
