
****** Vivado v2022.1 (64-bit)
  **** SW Build 3526262 on Mon Apr 18 15:47:01 MDT 2022
  **** IP Build 3524634 on Mon Apr 18 20:55:01 MDT 2022
    ** Copyright 1986-2022 Xilinx, Inc. All Rights Reserved.

source /tmp/build.tcl.E4vpDe
# read_verilog -sv /tmp/tmp.2sxn8f/src/aggregate.sv
# read_verilog -sv /tmp/tmp.2sxn8f/src/bitorder.sv
# read_verilog -sv /tmp/tmp.2sxn8f/src/cksum.sv
# read_verilog -sv /tmp/tmp.2sxn8f/src/crc32.sv
# read_verilog -sv /tmp/tmp.2sxn8f/src/divider.sv
# read_verilog -sv /tmp/tmp.2sxn8f/src/ether.sv
# read_verilog -sv /tmp/tmp.2sxn8f/src/firewall.sv
# read_verilog -sv /tmp/tmp.2sxn8f/src/seven_segment_controller.sv
# read_verilog -sv /tmp/tmp.2sxn8f/src/top_level.sv
# read_xdc /tmp/tmp.2sxn8f/xdc/top_level.xdc
# set_part xc7a100tcsg324-1
INFO: [Coretcl 2-1500] The part has been set to 'xc7a100tcsg324-1' for the current project only. Run set_part -help for more details. To evaluate different speed grades in the current design, use the set_speed_grade command, or use the open_checkpoint -part command to change the part used by an existing checkpoint design.
# synth_design -top top_level -part xc7a100tcsg324-1
Command: synth_design -top top_level -part xc7a100tcsg324-1
Starting synth_design
Attempting to get a license for feature 'Synthesis' and/or device 'xc7a100t'
INFO: [Common 17-349] Got license for feature 'Synthesis' and/or device 'xc7a100t'
INFO: [Device 21-403] Loading part xc7a100tcsg324-1
INFO: [Synth 8-7079] Multithreading enabled for synth_design using a maximum of 4 processes.
INFO: [Synth 8-7078] Launching helper process for spawning children vivado processes
INFO: [Synth 8-7075] Helper process launched with PID 1786427
WARNING: [Synth 8-6901] identifier 'old_axiiv' is used before its declaration [/tmp/tmp.2sxn8f/src/cksum.sv:14]
---------------------------------------------------------------------------------
Starting RTL Elaboration : Time (s): cpu = 00:00:03 ; elapsed = 00:00:04 . Memory (MB): peak = 2606.043 ; gain = 0.000 ; free physical = 398 ; free virtual = 6681
---------------------------------------------------------------------------------
INFO: [Synth 8-6157] synthesizing module 'top_level' [/tmp/tmp.2sxn8f/src/top_level.sv:5]
INFO: [Synth 8-6157] synthesizing module 'divider' [/tmp/tmp.2sxn8f/src/divider.sv:69]
INFO: [Synth 8-6157] synthesizing module 'IBUF' [/opt/Xilinx/Vivado/2022.1/scripts/rt/data/unisim_comp.v:55203]
INFO: [Synth 8-6155] done synthesizing module 'IBUF' (0#1) [/opt/Xilinx/Vivado/2022.1/scripts/rt/data/unisim_comp.v:55203]
INFO: [Synth 8-6157] synthesizing module 'MMCME2_ADV' [/opt/Xilinx/Vivado/2022.1/scripts/rt/data/unisim_comp.v:63509]
	Parameter BANDWIDTH bound to: OPTIMIZED - type: string 
	Parameter CLKFBOUT_MULT_F bound to: 10.000000 - type: double 
	Parameter CLKFBOUT_PHASE bound to: 0.000000 - type: double 
	Parameter CLKFBOUT_USE_FINE_PS bound to: FALSE - type: string 
	Parameter CLKIN1_PERIOD bound to: 10.000000 - type: double 
	Parameter CLKOUT0_DIVIDE_F bound to: 20.000000 - type: double 
	Parameter CLKOUT0_DUTY_CYCLE bound to: 0.500000 - type: double 
	Parameter CLKOUT0_PHASE bound to: 0.000000 - type: double 
	Parameter CLKOUT0_USE_FINE_PS bound to: FALSE - type: string 
	Parameter CLKOUT4_CASCADE bound to: FALSE - type: string 
	Parameter COMPENSATION bound to: ZHOLD - type: string 
	Parameter DIVCLK_DIVIDE bound to: 1 - type: integer 
	Parameter STARTUP_WAIT bound to: FALSE - type: string 
INFO: [Synth 8-6155] done synthesizing module 'MMCME2_ADV' (0#1) [/opt/Xilinx/Vivado/2022.1/scripts/rt/data/unisim_comp.v:63509]
INFO: [Synth 8-6157] synthesizing module 'BUFG' [/opt/Xilinx/Vivado/2022.1/scripts/rt/data/unisim_comp.v:1082]
INFO: [Synth 8-6155] done synthesizing module 'BUFG' (0#1) [/opt/Xilinx/Vivado/2022.1/scripts/rt/data/unisim_comp.v:1082]
INFO: [Synth 8-6155] done synthesizing module 'divider' (0#1) [/tmp/tmp.2sxn8f/src/divider.sv:69]
INFO: [Synth 8-6157] synthesizing module 'ether' [/tmp/tmp.2sxn8f/src/ether.sv:4]
INFO: [Synth 8-6155] done synthesizing module 'ether' (0#1) [/tmp/tmp.2sxn8f/src/ether.sv:4]
INFO: [Synth 8-6157] synthesizing module 'bitorder' [/tmp/tmp.2sxn8f/src/bitorder.sv:5]
INFO: [Synth 8-6155] done synthesizing module 'bitorder' (0#1) [/tmp/tmp.2sxn8f/src/bitorder.sv:5]
INFO: [Synth 8-6157] synthesizing module 'firewall' [/tmp/tmp.2sxn8f/src/firewall.sv:4]
INFO: [Synth 8-155] case statement is not full and has no default [/tmp/tmp.2sxn8f/src/firewall.sv:30]
INFO: [Synth 8-6155] done synthesizing module 'firewall' (0#1) [/tmp/tmp.2sxn8f/src/firewall.sv:4]
INFO: [Synth 8-6157] synthesizing module 'aggregate' [/tmp/tmp.2sxn8f/src/aggregate.sv:4]
INFO: [Synth 8-155] case statement is not full and has no default [/tmp/tmp.2sxn8f/src/aggregate.sv:28]
INFO: [Synth 8-6155] done synthesizing module 'aggregate' (0#1) [/tmp/tmp.2sxn8f/src/aggregate.sv:4]
INFO: [Synth 8-6157] synthesizing module 'seven_segment_controller' [/tmp/tmp.2sxn8f/src/seven_segment_controller.sv:3]
INFO: [Synth 8-6157] synthesizing module 'bto7s' [/tmp/tmp.2sxn8f/src/seven_segment_controller.sv:46]
INFO: [Synth 8-6155] done synthesizing module 'bto7s' (0#1) [/tmp/tmp.2sxn8f/src/seven_segment_controller.sv:46]
INFO: [Synth 8-6155] done synthesizing module 'seven_segment_controller' (0#1) [/tmp/tmp.2sxn8f/src/seven_segment_controller.sv:3]
INFO: [Synth 8-6157] synthesizing module 'cksum' [/tmp/tmp.2sxn8f/src/cksum.sv:4]
INFO: [Synth 8-6157] synthesizing module 'crc32' [/tmp/tmp.2sxn8f/src/crc32.sv:22]
INFO: [Synth 8-6155] done synthesizing module 'crc32' (0#1) [/tmp/tmp.2sxn8f/src/crc32.sv:22]
INFO: [Synth 8-6155] done synthesizing module 'cksum' (0#1) [/tmp/tmp.2sxn8f/src/cksum.sv:4]
INFO: [Synth 8-6155] done synthesizing module 'top_level' (0#1) [/tmp/tmp.2sxn8f/src/top_level.sv:5]
WARNING: [Synth 8-6014] Unused sequential element received_reg was removed.  [/tmp/tmp.2sxn8f/src/ether.sv:26]
WARNING: [Synth 8-6014] Unused sequential element got_valid_reg was removed.  [/tmp/tmp.2sxn8f/src/top_level.sv:78]
WARNING: [Synth 8-3917] design top_level has port led[13] driven by constant 0
---------------------------------------------------------------------------------
Finished RTL Elaboration : Time (s): cpu = 00:00:05 ; elapsed = 00:00:05 . Memory (MB): peak = 2606.043 ; gain = 0.000 ; free physical = 1496 ; free virtual = 7780
---------------------------------------------------------------------------------
---------------------------------------------------------------------------------
Start Handling Custom Attributes
---------------------------------------------------------------------------------
---------------------------------------------------------------------------------
Finished Handling Custom Attributes : Time (s): cpu = 00:00:05 ; elapsed = 00:00:05 . Memory (MB): peak = 2606.043 ; gain = 0.000 ; free physical = 1496 ; free virtual = 7780
---------------------------------------------------------------------------------
---------------------------------------------------------------------------------
Finished RTL Optimization Phase 1 : Time (s): cpu = 00:00:05 ; elapsed = 00:00:05 . Memory (MB): peak = 2606.043 ; gain = 0.000 ; free physical = 1496 ; free virtual = 7780
---------------------------------------------------------------------------------
Netlist sorting complete. Time (s): cpu = 00:00:00.01 ; elapsed = 00:00:00.01 . Memory (MB): peak = 2606.043 ; gain = 0.000 ; free physical = 1488 ; free virtual = 7772
INFO: [Netlist 29-17] Analyzing 1 Unisim elements for replacement
INFO: [Netlist 29-28] Unisim Transformation completed in 0 CPU seconds
INFO: [Project 1-570] Preparing netlist for logic optimization

Processing XDC Constraints
Initializing timing engine
Parsing XDC File [/tmp/tmp.2sxn8f/xdc/top_level.xdc]
WARNING: [Vivado 12-584] No ports matched 'eth_mdc'. [/tmp/tmp.2sxn8f/xdc/top_level.xdc:238]
CRITICAL WARNING: [Common 17-55] 'set_property' expects at least one object. [/tmp/tmp.2sxn8f/xdc/top_level.xdc:238]
Resolution: If [get_<value>] was used to populate the object, check to make sure this command returns at least one valid object.
WARNING: [Vivado 12-584] No ports matched 'eth_mdio'. [/tmp/tmp.2sxn8f/xdc/top_level.xdc:239]
CRITICAL WARNING: [Common 17-55] 'set_property' expects at least one object. [/tmp/tmp.2sxn8f/xdc/top_level.xdc:239]
Resolution: If [get_<value>] was used to populate the object, check to make sure this command returns at least one valid object.
WARNING: [Vivado 12-584] No ports matched 'eth_rxerr'. [/tmp/tmp.2sxn8f/xdc/top_level.xdc:242]
CRITICAL WARNING: [Common 17-55] 'set_property' expects at least one object. [/tmp/tmp.2sxn8f/xdc/top_level.xdc:242]
Resolution: If [get_<value>] was used to populate the object, check to make sure this command returns at least one valid object.
WARNING: [Vivado 12-584] No ports matched 'eth_txen'. [/tmp/tmp.2sxn8f/xdc/top_level.xdc:245]
CRITICAL WARNING: [Common 17-55] 'set_property' expects at least one object. [/tmp/tmp.2sxn8f/xdc/top_level.xdc:245]
Resolution: If [get_<value>] was used to populate the object, check to make sure this command returns at least one valid object.
WARNING: [Vivado 12-584] No ports matched 'eth_txd[0]'. [/tmp/tmp.2sxn8f/xdc/top_level.xdc:246]
CRITICAL WARNING: [Common 17-55] 'set_property' expects at least one object. [/tmp/tmp.2sxn8f/xdc/top_level.xdc:246]
Resolution: If [get_<value>] was used to populate the object, check to make sure this command returns at least one valid object.
WARNING: [Vivado 12-584] No ports matched 'eth_txd[1]'. [/tmp/tmp.2sxn8f/xdc/top_level.xdc:247]
CRITICAL WARNING: [Common 17-55] 'set_property' expects at least one object. [/tmp/tmp.2sxn8f/xdc/top_level.xdc:247]
Resolution: If [get_<value>] was used to populate the object, check to make sure this command returns at least one valid object.
WARNING: [Vivado 12-584] No ports matched 'eth_intn'. [/tmp/tmp.2sxn8f/xdc/top_level.xdc:249]
CRITICAL WARNING: [Common 17-55] 'set_property' expects at least one object. [/tmp/tmp.2sxn8f/xdc/top_level.xdc:249]
Resolution: If [get_<value>] was used to populate the object, check to make sure this command returns at least one valid object.
Finished Parsing XDC File [/tmp/tmp.2sxn8f/xdc/top_level.xdc]
INFO: [Project 1-236] Implementation specific constraints were found while reading constraint file [/tmp/tmp.2sxn8f/xdc/top_level.xdc]. These constraints will be ignored for synthesis but will be used in implementation. Impacted constraints are listed in the file [.Xil/top_level_propImpl.xdc].
Resolution: To avoid this warning, move constraints listed in [.Xil/top_level_propImpl.xdc] to another XDC file and exclude this new file from synthesis with the used_in_synthesis property (File Properties dialog in GUI) and re-run elaboration/synthesis.
INFO: [Timing 38-2] Deriving generated clocks
Completed Processing XDC Constraints

Netlist sorting complete. Time (s): cpu = 00:00:00 ; elapsed = 00:00:00 . Memory (MB): peak = 2670.066 ; gain = 0.000 ; free physical = 1406 ; free virtual = 7690
INFO: [Project 1-111] Unisim Transformation Summary:
No Unisim elements were transformed.

Constraint Validation Runtime : Time (s): cpu = 00:00:00 ; elapsed = 00:00:00 . Memory (MB): peak = 2670.066 ; gain = 0.000 ; free physical = 1406 ; free virtual = 7690
---------------------------------------------------------------------------------
Finished Constraint Validation : Time (s): cpu = 00:00:10 ; elapsed = 00:00:11 . Memory (MB): peak = 2670.066 ; gain = 64.023 ; free physical = 1475 ; free virtual = 7759
---------------------------------------------------------------------------------
---------------------------------------------------------------------------------
Start Loading Part and Timing Information
---------------------------------------------------------------------------------
Loading part: xc7a100tcsg324-1
---------------------------------------------------------------------------------
Finished Loading Part and Timing Information : Time (s): cpu = 00:00:11 ; elapsed = 00:00:11 . Memory (MB): peak = 2670.066 ; gain = 64.023 ; free physical = 1475 ; free virtual = 7759
---------------------------------------------------------------------------------
---------------------------------------------------------------------------------
Start Applying 'set_property' XDC Constraints
---------------------------------------------------------------------------------
---------------------------------------------------------------------------------
Finished applying 'set_property' XDC Constraints : Time (s): cpu = 00:00:11 ; elapsed = 00:00:11 . Memory (MB): peak = 2670.066 ; gain = 64.023 ; free physical = 1475 ; free virtual = 7759
---------------------------------------------------------------------------------
INFO: [Synth 8-802] inferred FSM for state register 'state_reg' in module 'aggregate'
---------------------------------------------------------------------------------------------------
                   State |                     New Encoding |                Previous Encoding 
---------------------------------------------------------------------------------------------------
                 WAITING |                               00 | 00000000000000000000000000000000
               RECEIVE_1 |                               01 | 00000000000000000000000000000001
               RECEIVE_2 |                               10 | 00000000000000000000000000000010
                 RECEIVE |                               11 | 00000000000000000000000000000011
---------------------------------------------------------------------------------------------------
INFO: [Synth 8-3354] encoded FSM with state register 'state_reg' using encoding 'sequential' in module 'aggregate'
---------------------------------------------------------------------------------
Finished RTL Optimization Phase 2 : Time (s): cpu = 00:00:11 ; elapsed = 00:00:12 . Memory (MB): peak = 2670.066 ; gain = 64.023 ; free physical = 1467 ; free virtual = 7751
---------------------------------------------------------------------------------
---------------------------------------------------------------------------------
Start RTL Component Statistics 
---------------------------------------------------------------------------------
Detailed RTL Component Info : 
+---Adders : 
	   2 Input   32 Bit       Adders := 1     
	   2 Input    5 Bit       Adders := 2     
	   2 Input    4 Bit       Adders := 1     
	   2 Input    2 Bit       Adders := 1     
+---XORs : 
	   2 Input      1 Bit         XORs := 22    
+---Registers : 
	               64 Bit    Registers := 1     
	               48 Bit    Registers := 1     
	               32 Bit    Registers := 5     
	                8 Bit    Registers := 3     
	                5 Bit    Registers := 2     
	                4 Bit    Registers := 1     
	                2 Bit    Registers := 1     
	                1 Bit    Registers := 4     
+---Muxes : 
	   4 Input   64 Bit        Muxes := 1     
	   2 Input   48 Bit        Muxes := 1     
	   7 Input   48 Bit        Muxes := 1     
	   2 Input   32 Bit        Muxes := 1     
	   2 Input    8 Bit        Muxes := 19    
	   2 Input    7 Bit        Muxes := 1     
	   2 Input    6 Bit        Muxes := 1     
	   2 Input    5 Bit        Muxes := 9     
	   8 Input    5 Bit        Muxes := 1     
	   7 Input    5 Bit        Muxes := 1     
	   2 Input    4 Bit        Muxes := 9     
	   4 Input    4 Bit        Muxes := 1     
	   2 Input    3 Bit        Muxes := 2     
	   2 Input    2 Bit        Muxes := 13    
	   3 Input    2 Bit        Muxes := 1     
	   4 Input    2 Bit        Muxes := 1     
	   8 Input    1 Bit        Muxes := 2     
	   2 Input    1 Bit        Muxes := 30    
	   3 Input    1 Bit        Muxes := 3     
	   7 Input    1 Bit        Muxes := 1     
	   4 Input    1 Bit        Muxes := 1     
---------------------------------------------------------------------------------
Finished RTL Component Statistics 
---------------------------------------------------------------------------------
---------------------------------------------------------------------------------
Start Part Resource Summary
---------------------------------------------------------------------------------
Part Resources:
DSPs: 240 (col length:80)
BRAMs: 270 (col length: RAMB18 80 RAMB36 40)
---------------------------------------------------------------------------------
Finished Part Resource Summary
---------------------------------------------------------------------------------
---------------------------------------------------------------------------------
Start Cross Boundary and Area Optimization
---------------------------------------------------------------------------------
WARNING: [Synth 8-7080] Parallel synthesis criteria is not met
WARNING: [Synth 8-3917] design top_level has port led[13] driven by constant 0
---------------------------------------------------------------------------------
Finished Cross Boundary and Area Optimization : Time (s): cpu = 00:00:14 ; elapsed = 00:00:14 . Memory (MB): peak = 2670.066 ; gain = 64.023 ; free physical = 1449 ; free virtual = 7739
---------------------------------------------------------------------------------
---------------------------------------------------------------------------------
Start Applying XDC Timing Constraints
---------------------------------------------------------------------------------
---------------------------------------------------------------------------------
Finished Applying XDC Timing Constraints : Time (s): cpu = 00:00:18 ; elapsed = 00:00:19 . Memory (MB): peak = 2670.066 ; gain = 64.023 ; free physical = 1332 ; free virtual = 7621
---------------------------------------------------------------------------------
---------------------------------------------------------------------------------
Start Timing Optimization
---------------------------------------------------------------------------------
---------------------------------------------------------------------------------
Finished Timing Optimization : Time (s): cpu = 00:00:19 ; elapsed = 00:00:19 . Memory (MB): peak = 2670.066 ; gain = 64.023 ; free physical = 1326 ; free virtual = 7615
---------------------------------------------------------------------------------
---------------------------------------------------------------------------------
Start Technology Mapping
---------------------------------------------------------------------------------
---------------------------------------------------------------------------------
Finished Technology Mapping : Time (s): cpu = 00:00:19 ; elapsed = 00:00:20 . Memory (MB): peak = 2670.066 ; gain = 64.023 ; free physical = 1325 ; free virtual = 7615
---------------------------------------------------------------------------------
---------------------------------------------------------------------------------
Start IO Insertion
---------------------------------------------------------------------------------
---------------------------------------------------------------------------------
Start Flattening Before IO Insertion
---------------------------------------------------------------------------------
---------------------------------------------------------------------------------
Finished Flattening Before IO Insertion
---------------------------------------------------------------------------------
---------------------------------------------------------------------------------
Start Final Netlist Cleanup
---------------------------------------------------------------------------------
---------------------------------------------------------------------------------
Finished Final Netlist Cleanup
---------------------------------------------------------------------------------
---------------------------------------------------------------------------------
Finished IO Insertion : Time (s): cpu = 00:00:22 ; elapsed = 00:00:23 . Memory (MB): peak = 2670.066 ; gain = 64.023 ; free physical = 1325 ; free virtual = 7614
---------------------------------------------------------------------------------
---------------------------------------------------------------------------------
Start Renaming Generated Instances
---------------------------------------------------------------------------------
---------------------------------------------------------------------------------
Finished Renaming Generated Instances : Time (s): cpu = 00:00:22 ; elapsed = 00:00:23 . Memory (MB): peak = 2670.066 ; gain = 64.023 ; free physical = 1325 ; free virtual = 7614
---------------------------------------------------------------------------------
---------------------------------------------------------------------------------
Start Rebuilding User Hierarchy
---------------------------------------------------------------------------------
---------------------------------------------------------------------------------
Finished Rebuilding User Hierarchy : Time (s): cpu = 00:00:22 ; elapsed = 00:00:23 . Memory (MB): peak = 2670.066 ; gain = 64.023 ; free physical = 1325 ; free virtual = 7614
---------------------------------------------------------------------------------
---------------------------------------------------------------------------------
Start Renaming Generated Ports
---------------------------------------------------------------------------------
---------------------------------------------------------------------------------
Finished Renaming Generated Ports : Time (s): cpu = 00:00:22 ; elapsed = 00:00:23 . Memory (MB): peak = 2670.066 ; gain = 64.023 ; free physical = 1325 ; free virtual = 7614
---------------------------------------------------------------------------------
---------------------------------------------------------------------------------
Start Handling Custom Attributes
---------------------------------------------------------------------------------
---------------------------------------------------------------------------------
Finished Handling Custom Attributes : Time (s): cpu = 00:00:22 ; elapsed = 00:00:23 . Memory (MB): peak = 2670.066 ; gain = 64.023 ; free physical = 1325 ; free virtual = 7614
---------------------------------------------------------------------------------
---------------------------------------------------------------------------------
Start Renaming Generated Nets
---------------------------------------------------------------------------------
---------------------------------------------------------------------------------
Finished Renaming Generated Nets : Time (s): cpu = 00:00:22 ; elapsed = 00:00:23 . Memory (MB): peak = 2670.066 ; gain = 64.023 ; free physical = 1325 ; free virtual = 7614
---------------------------------------------------------------------------------
---------------------------------------------------------------------------------
Start Writing Synthesis Report
---------------------------------------------------------------------------------

Report BlackBoxes: 
+-+--------------+----------+
| |BlackBox name |Instances |
+-+--------------+----------+
+-+--------------+----------+

Report Cell Usage: 
+------+-----------+------+
|      |Cell       |Count |
+------+-----------+------+
|1     |BUFG       |     2|
|2     |CARRY4     |    12|
|3     |LUT1       |    10|
|4     |LUT2       |    48|
|5     |LUT3       |    87|
|6     |LUT4       |    40|
|7     |LUT5       |    62|
|8     |LUT6       |    56|
|9     |MMCME2_ADV |     1|
|10    |FDRE       |   223|
|11    |FDSE       |    52|
|12    |IBUF       |     5|
|13    |OBUF       |    33|
+------+-----------+------+
---------------------------------------------------------------------------------
Finished Writing Synthesis Report : Time (s): cpu = 00:00:22 ; elapsed = 00:00:23 . Memory (MB): peak = 2670.066 ; gain = 64.023 ; free physical = 1325 ; free virtual = 7614
---------------------------------------------------------------------------------
Synthesis finished with 0 errors, 0 critical warnings and 2 warnings.
Synthesis Optimization Runtime : Time (s): cpu = 00:00:21 ; elapsed = 00:00:21 . Memory (MB): peak = 2670.066 ; gain = 0.000 ; free physical = 1376 ; free virtual = 7665
Synthesis Optimization Complete : Time (s): cpu = 00:00:22 ; elapsed = 00:00:23 . Memory (MB): peak = 2670.066 ; gain = 64.023 ; free physical = 1376 ; free virtual = 7665
INFO: [Project 1-571] Translating synthesized netlist
Netlist sorting complete. Time (s): cpu = 00:00:00.01 ; elapsed = 00:00:00.01 . Memory (MB): peak = 2670.066 ; gain = 0.000 ; free physical = 1371 ; free virtual = 7660
INFO: [Netlist 29-17] Analyzing 13 Unisim elements for replacement
INFO: [Netlist 29-28] Unisim Transformation completed in 0 CPU seconds
INFO: [Project 1-570] Preparing netlist for logic optimization
Parsing XDC File [/tmp/tmp.2sxn8f/xdc/top_level.xdc]
WARNING: [Vivado 12-584] No ports matched 'eth_mdc'. [/tmp/tmp.2sxn8f/xdc/top_level.xdc:238]
CRITICAL WARNING: [Common 17-55] 'set_property' expects at least one object. [/tmp/tmp.2sxn8f/xdc/top_level.xdc:238]
Resolution: If [get_<value>] was used to populate the object, check to make sure this command returns at least one valid object.
WARNING: [Vivado 12-584] No ports matched 'eth_mdio'. [/tmp/tmp.2sxn8f/xdc/top_level.xdc:239]
CRITICAL WARNING: [Common 17-55] 'set_property' expects at least one object. [/tmp/tmp.2sxn8f/xdc/top_level.xdc:239]
Resolution: If [get_<value>] was used to populate the object, check to make sure this command returns at least one valid object.
WARNING: [Vivado 12-584] No ports matched 'eth_rxerr'. [/tmp/tmp.2sxn8f/xdc/top_level.xdc:242]
CRITICAL WARNING: [Common 17-55] 'set_property' expects at least one object. [/tmp/tmp.2sxn8f/xdc/top_level.xdc:242]
Resolution: If [get_<value>] was used to populate the object, check to make sure this command returns at least one valid object.
WARNING: [Vivado 12-584] No ports matched 'eth_txen'. [/tmp/tmp.2sxn8f/xdc/top_level.xdc:245]
CRITICAL WARNING: [Common 17-55] 'set_property' expects at least one object. [/tmp/tmp.2sxn8f/xdc/top_level.xdc:245]
Resolution: If [get_<value>] was used to populate the object, check to make sure this command returns at least one valid object.
WARNING: [Vivado 12-584] No ports matched 'eth_txd[0]'. [/tmp/tmp.2sxn8f/xdc/top_level.xdc:246]
CRITICAL WARNING: [Common 17-55] 'set_property' expects at least one object. [/tmp/tmp.2sxn8f/xdc/top_level.xdc:246]
Resolution: If [get_<value>] was used to populate the object, check to make sure this command returns at least one valid object.
WARNING: [Vivado 12-584] No ports matched 'eth_txd[1]'. [/tmp/tmp.2sxn8f/xdc/top_level.xdc:247]
CRITICAL WARNING: [Common 17-55] 'set_property' expects at least one object. [/tmp/tmp.2sxn8f/xdc/top_level.xdc:247]
Resolution: If [get_<value>] was used to populate the object, check to make sure this command returns at least one valid object.
WARNING: [Vivado 12-584] No ports matched 'eth_intn'. [/tmp/tmp.2sxn8f/xdc/top_level.xdc:249]
CRITICAL WARNING: [Common 17-55] 'set_property' expects at least one object. [/tmp/tmp.2sxn8f/xdc/top_level.xdc:249]
Resolution: If [get_<value>] was used to populate the object, check to make sure this command returns at least one valid object.
Finished Parsing XDC File [/tmp/tmp.2sxn8f/xdc/top_level.xdc]
INFO: [Opt 31-138] Pushed 0 inverter(s) to 0 load pin(s).
Netlist sorting complete. Time (s): cpu = 00:00:00 ; elapsed = 00:00:00 . Memory (MB): peak = 2670.066 ; gain = 0.000 ; free physical = 1399 ; free virtual = 7688
INFO: [Project 1-111] Unisim Transformation Summary:
No Unisim elements were transformed.

Synth Design complete, checksum: 89ffe20
INFO: [Common 17-83] Releasing license: Synthesis
48 Infos, 20 Warnings, 14 Critical Warnings and 0 Errors encountered.
synth_design completed successfully
synth_design: Time (s): cpu = 00:00:32 ; elapsed = 00:00:28 . Memory (MB): peak = 2670.066 ; gain = 64.031 ; free physical = 1611 ; free virtual = 7900
# opt_design;
Command: opt_design
Attempting to get a license for feature 'Implementation' and/or device 'xc7a100t'
INFO: [Common 17-349] Got license for feature 'Implementation' and/or device 'xc7a100t'
Running DRC as a precondition to command opt_design

Starting DRC Task
INFO: [DRC 23-27] Running DRC with 8 threads
INFO: [Project 1-461] DRC finished with 0 Errors
INFO: [Project 1-462] Please refer to the DRC report (report_drc) for more information.

Time (s): cpu = 00:00:01 ; elapsed = 00:00:00.67 . Memory (MB): peak = 2734.098 ; gain = 64.031 ; free physical = 1609 ; free virtual = 7899

Starting Cache Timing Information Task
INFO: [Timing 38-35] Done setting XDC timing constraints.
INFO: [Timing 38-2] Deriving generated clocks
Ending Cache Timing Information Task | Checksum: 16e3f90d5

Time (s): cpu = 00:00:02 ; elapsed = 00:00:02 . Memory (MB): peak = 2749.973 ; gain = 15.875 ; free physical = 1313 ; free virtual = 7602

Starting Logic Optimization Task

Phase 1 Retarget
INFO: [Opt 31-138] Pushed 0 inverter(s) to 0 load pin(s).
In IDDR TRANSFORM
INFO: [Opt 31-49] Retargeted 0 cell(s).
Phase 1 Retarget | Checksum: 16e3f90d5

Time (s): cpu = 00:00:00.04 ; elapsed = 00:00:00.03 . Memory (MB): peak = 2965.941 ; gain = 0.000 ; free physical = 1098 ; free virtual = 7387
INFO: [Opt 31-389] Phase Retarget created 0 cells and removed 0 cells
INFO: [Opt 31-1021] In phase Retarget, 1 netlist objects are constrained preventing optimization. Please run opt_design with -debug_log to get more detail. 

Phase 2 Constant propagation
INFO: [Opt 31-138] Pushed 0 inverter(s) to 0 load pin(s).
Phase 2 Constant propagation | Checksum: 16e3f90d5

Time (s): cpu = 00:00:00.04 ; elapsed = 00:00:00.03 . Memory (MB): peak = 2965.941 ; gain = 0.000 ; free physical = 1098 ; free virtual = 7387
INFO: [Opt 31-389] Phase Constant propagation created 0 cells and removed 0 cells

Phase 3 Sweep
Phase 3 Sweep | Checksum: 24ab2cfc5

Time (s): cpu = 00:00:00.05 ; elapsed = 00:00:00.03 . Memory (MB): peak = 2965.941 ; gain = 0.000 ; free physical = 1098 ; free virtual = 7387
INFO: [Opt 31-389] Phase Sweep created 0 cells and removed 0 cells

Phase 4 BUFG optimization
Phase 4 BUFG optimization | Checksum: 24ab2cfc5

Time (s): cpu = 00:00:00.06 ; elapsed = 00:00:00.04 . Memory (MB): peak = 2997.957 ; gain = 32.016 ; free physical = 1098 ; free virtual = 7387
INFO: [Opt 31-662] Phase BUFG optimization created 0 cells of which 0 are BUFGs and removed 0 cells.

Phase 5 Shift Register Optimization
INFO: [Opt 31-1064] SRL Remap converted 0 SRLs to 0 registers and converted 0 registers of register chains to 0 SRLs
Phase 5 Shift Register Optimization | Checksum: 24ab2cfc5

Time (s): cpu = 00:00:00.06 ; elapsed = 00:00:00.05 . Memory (MB): peak = 2997.957 ; gain = 32.016 ; free physical = 1098 ; free virtual = 7387
INFO: [Opt 31-389] Phase Shift Register Optimization created 0 cells and removed 0 cells

Phase 6 Post Processing Netlist
Phase 6 Post Processing Netlist | Checksum: 24ab2cfc5

Time (s): cpu = 00:00:00.06 ; elapsed = 00:00:00.05 . Memory (MB): peak = 2997.957 ; gain = 32.016 ; free physical = 1098 ; free virtual = 7387
INFO: [Opt 31-389] Phase Post Processing Netlist created 0 cells and removed 0 cells
Opt_design Change Summary
=========================


-------------------------------------------------------------------------------------------------------------------------
|  Phase                        |  #Cells created  |  #Cells Removed  |  #Constrained objects preventing optimizations  |
-------------------------------------------------------------------------------------------------------------------------
|  Retarget                     |               0  |               0  |                                              1  |
|  Constant propagation         |               0  |               0  |                                              0  |
|  Sweep                        |               0  |               0  |                                              0  |
|  BUFG optimization            |               0  |               0  |                                              0  |
|  Shift Register Optimization  |               0  |               0  |                                              0  |
|  Post Processing Netlist      |               0  |               0  |                                              0  |
-------------------------------------------------------------------------------------------------------------------------



Starting Connectivity Check Task

Time (s): cpu = 00:00:00 ; elapsed = 00:00:00 . Memory (MB): peak = 2997.957 ; gain = 0.000 ; free physical = 1098 ; free virtual = 7387
Ending Logic Optimization Task | Checksum: 159952f5f

Time (s): cpu = 00:00:00.07 ; elapsed = 00:00:00.05 . Memory (MB): peak = 2997.957 ; gain = 32.016 ; free physical = 1098 ; free virtual = 7387

Starting Power Optimization Task
INFO: [Pwropt 34-132] Skipping clock gating for clocks with a period < 2.00 ns.
Ending Power Optimization Task | Checksum: 159952f5f

Time (s): cpu = 00:00:00 ; elapsed = 00:00:00.01 . Memory (MB): peak = 2997.957 ; gain = 0.000 ; free physical = 1297 ; free virtual = 7587

Starting Final Cleanup Task
Ending Final Cleanup Task | Checksum: 159952f5f

Time (s): cpu = 00:00:00 ; elapsed = 00:00:00 . Memory (MB): peak = 2997.957 ; gain = 0.000 ; free physical = 1297 ; free virtual = 7587

Starting Netlist Obfuscation Task
Netlist sorting complete. Time (s): cpu = 00:00:00 ; elapsed = 00:00:00 . Memory (MB): peak = 2997.957 ; gain = 0.000 ; free physical = 1297 ; free virtual = 7587
Ending Netlist Obfuscation Task | Checksum: 159952f5f

Time (s): cpu = 00:00:00 ; elapsed = 00:00:00 . Memory (MB): peak = 2997.957 ; gain = 0.000 ; free physical = 1297 ; free virtual = 7587
INFO: [Common 17-83] Releasing license: Implementation
19 Infos, 0 Warnings, 0 Critical Warnings and 0 Errors encountered.
opt_design completed successfully
# place_design;
Command: place_design
Attempting to get a license for feature 'Implementation' and/or device 'xc7a100t'
INFO: [Common 17-349] Got license for feature 'Implementation' and/or device 'xc7a100t'
INFO: [Timing 38-35] Done setting XDC timing constraints.
INFO: [DRC 23-27] Running DRC with 8 threads
INFO: [Vivado_Tcl 4-198] DRC finished with 0 Errors
INFO: [Vivado_Tcl 4-199] Please refer to the DRC report (report_drc) for more information.
Running DRC as a precondition to command place_design
INFO: [DRC 23-27] Running DRC with 8 threads
INFO: [Vivado_Tcl 4-198] DRC finished with 0 Errors
INFO: [Vivado_Tcl 4-199] Please refer to the DRC report (report_drc) for more information.

Starting Placer Task
INFO: [Place 30-611] Multithreading enabled for place_design using a maximum of 8 CPUs

Phase 1 Placer Initialization

Phase 1.1 Placer Initialization Netlist Sorting
Netlist sorting complete. Time (s): cpu = 00:00:00 ; elapsed = 00:00:00 . Memory (MB): peak = 3037.000 ; gain = 0.000 ; free physical = 1249 ; free virtual = 7538
Phase 1.1 Placer Initialization Netlist Sorting | Checksum: 907bcfc7

Time (s): cpu = 00:00:00 ; elapsed = 00:00:00.02 . Memory (MB): peak = 3037.000 ; gain = 0.000 ; free physical = 1249 ; free virtual = 7538
Netlist sorting complete. Time (s): cpu = 00:00:00 ; elapsed = 00:00:00 . Memory (MB): peak = 3037.000 ; gain = 0.000 ; free physical = 1249 ; free virtual = 7538

Phase 1.2 IO Placement/ Clock Placement/ Build Placer Device
Phase 1.2 IO Placement/ Clock Placement/ Build Placer Device | Checksum: 1cc7a213d

Time (s): cpu = 00:00:00.53 ; elapsed = 00:00:00.17 . Memory (MB): peak = 3037.000 ; gain = 0.000 ; free physical = 1280 ; free virtual = 7570

Phase 1.3 Build Placer Netlist Model
Phase 1.3 Build Placer Netlist Model | Checksum: 261bbb47d

Time (s): cpu = 00:00:01 ; elapsed = 00:00:00.34 . Memory (MB): peak = 3037.000 ; gain = 0.000 ; free physical = 1295 ; free virtual = 7585

Phase 1.4 Constrain Clocks/Macros
Phase 1.4 Constrain Clocks/Macros | Checksum: 261bbb47d

Time (s): cpu = 00:00:01 ; elapsed = 00:00:00.35 . Memory (MB): peak = 3037.000 ; gain = 0.000 ; free physical = 1295 ; free virtual = 7585
Phase 1 Placer Initialization | Checksum: 261bbb47d

Time (s): cpu = 00:00:01 ; elapsed = 00:00:00.35 . Memory (MB): peak = 3037.000 ; gain = 0.000 ; free physical = 1295 ; free virtual = 7585

Phase 2 Global Placement

Phase 2.1 Floorplanning
Phase 2.1 Floorplanning | Checksum: 29980d4e9

Time (s): cpu = 00:00:05 ; elapsed = 00:00:00.83 . Memory (MB): peak = 3037.000 ; gain = 0.000 ; free physical = 1293 ; free virtual = 7582

Phase 2.2 Update Timing before SLR Path Opt
Phase 2.2 Update Timing before SLR Path Opt | Checksum: 209eeb807

Time (s): cpu = 00:00:05 ; elapsed = 00:00:00.88 . Memory (MB): peak = 3037.000 ; gain = 0.000 ; free physical = 1293 ; free virtual = 7582

Phase 2.3 Post-Processing in Floorplanning
Phase 2.3 Post-Processing in Floorplanning | Checksum: 209eeb807

Time (s): cpu = 00:00:05 ; elapsed = 00:00:00.88 . Memory (MB): peak = 3037.000 ; gain = 0.000 ; free physical = 1293 ; free virtual = 7582

Phase 2.4 Global Placement Core

Phase 2.4.1 Physical Synthesis In Placer
INFO: [Physopt 32-1035] Found 0 LUTNM shape to break, 3 LUT instances to create LUTNM shape
INFO: [Physopt 32-1044] Break lutnm for timing: one critical 0, two critical 0, total 0, new lutff created 0
INFO: [Physopt 32-1138] End 1 Pass. Optimized 1 net or LUT. Breaked 0 LUT, combined 1 existing LUT and moved 0 existing LUT
INFO: [Physopt 32-65] No nets found for high-fanout optimization.
INFO: [Physopt 32-232] Optimized 0 net. Created 0 new instance.
INFO: [Physopt 32-775] End 1 Pass. Optimized 0 net or cell. Created 0 new cell, deleted 0 existing cell and moved 0 existing cell
INFO: [Physopt 32-670] No setup violation found.  DSP Register Optimization was not performed.
INFO: [Physopt 32-670] No setup violation found.  Shift Register to Pipeline Optimization was not performed.
INFO: [Physopt 32-670] No setup violation found.  Shift Register Optimization was not performed.
INFO: [Physopt 32-670] No setup violation found.  BRAM Register Optimization was not performed.
INFO: [Physopt 32-670] No setup violation found.  URAM Register Optimization was not performed.
INFO: [Physopt 32-949] No candidate nets found for dynamic/static region interface net replication
INFO: [Physopt 32-775] End 1 Pass. Optimized 0 net or cell. Created 0 new cell, deleted 0 existing cell and moved 0 existing cell
Netlist sorting complete. Time (s): cpu = 00:00:00 ; elapsed = 00:00:00 . Memory (MB): peak = 3037.000 ; gain = 0.000 ; free physical = 1283 ; free virtual = 7572

Summary of Physical Synthesis Optimizations
============================================


-----------------------------------------------------------------------------------------------------------------------------------------------------------
|  Optimization                                     |  Added Cells  |  Removed Cells  |  Optimized Cells/Nets  |  Dont Touch  |  Iterations  |  Elapsed   |
-----------------------------------------------------------------------------------------------------------------------------------------------------------
|  LUT Combining                                    |            0  |              1  |                     1  |           0  |           1  |  00:00:00  |
|  Retime                                           |            0  |              0  |                     0  |           0  |           1  |  00:00:00  |
|  Very High Fanout                                 |            0  |              0  |                     0  |           0  |           1  |  00:00:00  |
|  DSP Register                                     |            0  |              0  |                     0  |           0  |           0  |  00:00:00  |
|  Shift Register to Pipeline                       |            0  |              0  |                     0  |           0  |           0  |  00:00:00  |
|  Shift Register                                   |            0  |              0  |                     0  |           0  |           0  |  00:00:00  |
|  BRAM Register                                    |            0  |              0  |                     0  |           0  |           0  |  00:00:00  |
|  URAM Register                                    |            0  |              0  |                     0  |           0  |           0  |  00:00:00  |
|  Dynamic/Static Region Interface Net Replication  |            0  |              0  |                     0  |           0  |           1  |  00:00:00  |
|  Total                                            |            0  |              1  |                     1  |           0  |           4  |  00:00:00  |
-----------------------------------------------------------------------------------------------------------------------------------------------------------


Phase 2.4.1 Physical Synthesis In Placer | Checksum: 1c03f4e0d

Time (s): cpu = 00:00:31 ; elapsed = 00:00:05 . Memory (MB): peak = 3037.000 ; gain = 0.000 ; free physical = 1281 ; free virtual = 7570
Phase 2.4 Global Placement Core | Checksum: 2349cd3d1

Time (s): cpu = 00:00:55 ; elapsed = 00:00:09 . Memory (MB): peak = 3037.000 ; gain = 0.000 ; free physical = 1269 ; free virtual = 7559
Phase 2 Global Placement | Checksum: 2349cd3d1

Time (s): cpu = 00:00:55 ; elapsed = 00:00:09 . Memory (MB): peak = 3037.000 ; gain = 0.000 ; free physical = 1269 ; free virtual = 7559

Phase 3 Detail Placement

Phase 3.1 Commit Multi Column Macros
Phase 3.1 Commit Multi Column Macros | Checksum: 240b8e3d3

Time (s): cpu = 00:00:55 ; elapsed = 00:00:09 . Memory (MB): peak = 3037.000 ; gain = 0.000 ; free physical = 1269 ; free virtual = 7559

Phase 3.2 Commit Most Macros & LUTRAMs
Phase 3.2 Commit Most Macros & LUTRAMs | Checksum: 226b50e70

Time (s): cpu = 00:00:56 ; elapsed = 00:00:09 . Memory (MB): peak = 3037.000 ; gain = 0.000 ; free physical = 1269 ; free virtual = 7558

Phase 3.3 Area Swap Optimization
Phase 3.3 Area Swap Optimization | Checksum: 27248bbc6

Time (s): cpu = 00:00:57 ; elapsed = 00:00:09 . Memory (MB): peak = 3037.000 ; gain = 0.000 ; free physical = 1269 ; free virtual = 7558

Phase 3.4 Pipeline Register Optimization
Phase 3.4 Pipeline Register Optimization | Checksum: 2c7898088

Time (s): cpu = 00:00:57 ; elapsed = 00:00:09 . Memory (MB): peak = 3037.000 ; gain = 0.000 ; free physical = 1269 ; free virtual = 7558

Phase 3.5 Small Shape Detail Placement
Phase 3.5 Small Shape Detail Placement | Checksum: 2631d62d8

Time (s): cpu = 00:00:59 ; elapsed = 00:00:09 . Memory (MB): peak = 3037.000 ; gain = 0.000 ; free physical = 1267 ; free virtual = 7556

Phase 3.6 Re-assign LUT pins
Phase 3.6 Re-assign LUT pins | Checksum: 286519aba

Time (s): cpu = 00:00:59 ; elapsed = 00:00:09 . Memory (MB): peak = 3037.000 ; gain = 0.000 ; free physical = 1267 ; free virtual = 7556

Phase 3.7 Pipeline Register Optimization
Phase 3.7 Pipeline Register Optimization | Checksum: 2b210bf78

Time (s): cpu = 00:00:59 ; elapsed = 00:00:09 . Memory (MB): peak = 3037.000 ; gain = 0.000 ; free physical = 1267 ; free virtual = 7556
Phase 3 Detail Placement | Checksum: 2b210bf78

Time (s): cpu = 00:00:59 ; elapsed = 00:00:09 . Memory (MB): peak = 3037.000 ; gain = 0.000 ; free physical = 1267 ; free virtual = 7556

Phase 4 Post Placement Optimization and Clean-Up

Phase 4.1 Post Commit Optimization
INFO: [Timing 38-35] Done setting XDC timing constraints.

Phase 4.1.1 Post Placement Optimization
Post Placement Optimization Initialization | Checksum: 1b49eb297

Phase 4.1.1.1 BUFG Insertion

Starting Physical Synthesis Task

Phase 1 Physical Synthesis Initialization
INFO: [Physopt 32-721] Multithreading enabled for phys_opt_design using a maximum of 8 CPUs
INFO: [Physopt 32-619] Estimated Timing Summary | WNS=14.989 | TNS=0.000 |
Phase 1 Physical Synthesis Initialization | Checksum: 17f367ad4

Time (s): cpu = 00:00:00.09 ; elapsed = 00:00:00.02 . Memory (MB): peak = 3037.000 ; gain = 0.000 ; free physical = 1265 ; free virtual = 7555
INFO: [Place 46-56] BUFG insertion identified 0 candidate nets. Inserted BUFG: 0, Replicated BUFG Driver: 0, Skipped due to Placement/Routing Conflicts: 0, Skipped due to Timing Degradation: 0, Skipped due to Illegal Netlist: 0.
Ending Physical Synthesis Task | Checksum: 243aeeb3c

Time (s): cpu = 00:00:00.09 ; elapsed = 00:00:00.02 . Memory (MB): peak = 3037.000 ; gain = 0.000 ; free physical = 1265 ; free virtual = 7555
Phase 4.1.1.1 BUFG Insertion | Checksum: 1b49eb297

Time (s): cpu = 00:01:00 ; elapsed = 00:00:10 . Memory (MB): peak = 3037.000 ; gain = 0.000 ; free physical = 1265 ; free virtual = 7555

Phase 4.1.1.2 Post Placement Timing Optimization
INFO: [Place 30-746] Post Placement Timing Summary WNS=14.989. For the most accurate timing information please run report_timing.
Phase 4.1.1.2 Post Placement Timing Optimization | Checksum: 1c29126b7

Time (s): cpu = 00:01:00 ; elapsed = 00:00:10 . Memory (MB): peak = 3037.000 ; gain = 0.000 ; free physical = 1265 ; free virtual = 7555

Time (s): cpu = 00:01:00 ; elapsed = 00:00:10 . Memory (MB): peak = 3037.000 ; gain = 0.000 ; free physical = 1265 ; free virtual = 7555
Phase 4.1 Post Commit Optimization | Checksum: 1c29126b7

Time (s): cpu = 00:01:00 ; elapsed = 00:00:10 . Memory (MB): peak = 3037.000 ; gain = 0.000 ; free physical = 1265 ; free virtual = 7554

Phase 4.2 Post Placement Cleanup
Phase 4.2 Post Placement Cleanup | Checksum: 1c29126b7

Time (s): cpu = 00:01:00 ; elapsed = 00:00:10 . Memory (MB): peak = 3037.000 ; gain = 0.000 ; free physical = 1268 ; free virtual = 7557

Phase 4.3 Placer Reporting

Phase 4.3.1 Print Estimated Congestion
INFO: [Place 30-612] Post-Placement Estimated Congestion 
 ____________________________________________________
|           | Global Congestion | Short Congestion  |
| Direction | Region Size       | Region Size       |
|___________|___________________|___________________|
|      North|                1x1|                1x1|
|___________|___________________|___________________|
|      South|                1x1|                1x1|
|___________|___________________|___________________|
|       East|                1x1|                1x1|
|___________|___________________|___________________|
|       West|                1x1|                1x1|
|___________|___________________|___________________|

Phase 4.3.1 Print Estimated Congestion | Checksum: 1c29126b7

Time (s): cpu = 00:01:00 ; elapsed = 00:00:10 . Memory (MB): peak = 3037.000 ; gain = 0.000 ; free physical = 1268 ; free virtual = 7557
Phase 4.3 Placer Reporting | Checksum: 1c29126b7

Time (s): cpu = 00:01:00 ; elapsed = 00:00:10 . Memory (MB): peak = 3037.000 ; gain = 0.000 ; free physical = 1268 ; free virtual = 7557

Phase 4.4 Final Placement Cleanup
Netlist sorting complete. Time (s): cpu = 00:00:00 ; elapsed = 00:00:00 . Memory (MB): peak = 3037.000 ; gain = 0.000 ; free physical = 1268 ; free virtual = 7557

Time (s): cpu = 00:01:00 ; elapsed = 00:00:10 . Memory (MB): peak = 3037.000 ; gain = 0.000 ; free physical = 1268 ; free virtual = 7557
Phase 4 Post Placement Optimization and Clean-Up | Checksum: 19d0705ba

Time (s): cpu = 00:01:00 ; elapsed = 00:00:10 . Memory (MB): peak = 3037.000 ; gain = 0.000 ; free physical = 1268 ; free virtual = 7557
Ending Placer Task | Checksum: 1550b6aa7

Time (s): cpu = 00:01:00 ; elapsed = 00:00:10 . Memory (MB): peak = 3037.000 ; gain = 0.000 ; free physical = 1268 ; free virtual = 7557
INFO: [Common 17-83] Releasing license: Implementation
29 Infos, 0 Warnings, 0 Critical Warnings and 0 Errors encountered.
place_design completed successfully
place_design: Time (s): cpu = 00:01:01 ; elapsed = 00:00:10 . Memory (MB): peak = 3037.000 ; gain = 39.043 ; free physical = 1292 ; free virtual = 7581
# phys_opt_design
Command: phys_opt_design
Attempting to get a license for feature 'Implementation' and/or device 'xc7a100t'
INFO: [Common 17-349] Got license for feature 'Implementation' and/or device 'xc7a100t'
INFO: [Vivado_Tcl 4-383] Design worst setup slack (WNS) is greater than or equal to 0.000 ns. Skipping all physical synthesis optimizations.
INFO: [Vivado_Tcl 4-232] No setup violation found. The netlist was not modified.
INFO: [Common 17-83] Releasing license: Implementation
4 Infos, 0 Warnings, 0 Critical Warnings and 0 Errors encountered.
phys_opt_design completed successfully
# route_design
Command: route_design
Attempting to get a license for feature 'Implementation' and/or device 'xc7a100t'
INFO: [Common 17-349] Got license for feature 'Implementation' and/or device 'xc7a100t'
Running DRC as a precondition to command route_design
INFO: [DRC 23-27] Running DRC with 8 threads
INFO: [Vivado_Tcl 4-198] DRC finished with 0 Errors
INFO: [Vivado_Tcl 4-199] Please refer to the DRC report (report_drc) for more information.


Starting Routing Task
INFO: [Route 35-254] Multithreading enabled for route_design using a maximum of 8 CPUs

Phase 1 Build RT Design
Checksum: PlaceDB: fe81975b ConstDB: 0 ShapeSum: 5689d34c RouteDB: 0
Post Restoration Checksum: NetGraph: 4380fd9c NumContArr: ae3feff8 Constraints: 0 Timing: 0
Phase 1 Build RT Design | Checksum: f1c0ed94

Time (s): cpu = 00:00:24 ; elapsed = 00:00:21 . Memory (MB): peak = 3037.000 ; gain = 0.000 ; free physical = 1133 ; free virtual = 7422

Phase 2 Router Initialization

Phase 2.1 Fix Topology Constraints
Phase 2.1 Fix Topology Constraints | Checksum: f1c0ed94

Time (s): cpu = 00:00:24 ; elapsed = 00:00:21 . Memory (MB): peak = 3037.000 ; gain = 0.000 ; free physical = 1099 ; free virtual = 7388

Phase 2.2 Pre Route Cleanup
Phase 2.2 Pre Route Cleanup | Checksum: f1c0ed94

Time (s): cpu = 00:00:24 ; elapsed = 00:00:21 . Memory (MB): peak = 3037.000 ; gain = 0.000 ; free physical = 1099 ; free virtual = 7388
 Number of Nodes with overlaps = 0

Phase 2.3 Update Timing
Phase 2.3 Update Timing | Checksum: a9567050

Time (s): cpu = 00:00:25 ; elapsed = 00:00:21 . Memory (MB): peak = 3037.000 ; gain = 0.000 ; free physical = 1087 ; free virtual = 7376
INFO: [Route 35-416] Intermediate Timing Summary | WNS=15.133 | TNS=0.000  | WHS=-0.123 | THS=-6.269 |


Router Utilization Summary
  Global Vertical Routing Utilization    = 0 %
  Global Horizontal Routing Utilization  = 0 %
  Routable Net Status*
  *Does not include unroutable nets such as driverless and loadless.
  Run report_route_status for detailed report.
  Number of Failed Nets               = 422
    (Failed Nets is the sum of unrouted and partially routed nets)
  Number of Unrouted Nets             = 422
  Number of Partially Routed Nets     = 0
  Number of Node Overlaps             = 0

Phase 2 Router Initialization | Checksum: c31f1ff4

Time (s): cpu = 00:00:25 ; elapsed = 00:00:21 . Memory (MB): peak = 3037.000 ; gain = 0.000 ; free physical = 1088 ; free virtual = 7377

Phase 3 Initial Routing

Phase 3.1 Global Routing
Phase 3.1 Global Routing | Checksum: c31f1ff4

Time (s): cpu = 00:00:25 ; elapsed = 00:00:21 . Memory (MB): peak = 3037.000 ; gain = 0.000 ; free physical = 1088 ; free virtual = 7377
Phase 3 Initial Routing | Checksum: fe6abdbb

Time (s): cpu = 00:00:25 ; elapsed = 00:00:21 . Memory (MB): peak = 3037.000 ; gain = 0.000 ; free physical = 1086 ; free virtual = 7376

Phase 4 Rip-up And Reroute

Phase 4.1 Global Iteration 0
 Number of Nodes with overlaps = 17
 Number of Nodes with overlaps = 0
INFO: [Route 35-416] Intermediate Timing Summary | WNS=14.319 | TNS=0.000  | WHS=N/A    | THS=N/A    |

Phase 4.1 Global Iteration 0 | Checksum: 1321765ec

Time (s): cpu = 00:00:26 ; elapsed = 00:00:21 . Memory (MB): peak = 3037.000 ; gain = 0.000 ; free physical = 1086 ; free virtual = 7375

Phase 4.2 Global Iteration 1
 Number of Nodes with overlaps = 0
INFO: [Route 35-416] Intermediate Timing Summary | WNS=14.319 | TNS=0.000  | WHS=N/A    | THS=N/A    |

Phase 4.2 Global Iteration 1 | Checksum: c6902432

Time (s): cpu = 00:00:26 ; elapsed = 00:00:22 . Memory (MB): peak = 3037.000 ; gain = 0.000 ; free physical = 1086 ; free virtual = 7375
Phase 4 Rip-up And Reroute | Checksum: c6902432

Time (s): cpu = 00:00:26 ; elapsed = 00:00:22 . Memory (MB): peak = 3037.000 ; gain = 0.000 ; free physical = 1086 ; free virtual = 7375

Phase 5 Delay and Skew Optimization

Phase 5.1 Delay CleanUp
Phase 5.1 Delay CleanUp | Checksum: c6902432

Time (s): cpu = 00:00:26 ; elapsed = 00:00:22 . Memory (MB): peak = 3037.000 ; gain = 0.000 ; free physical = 1086 ; free virtual = 7375

Phase 5.2 Clock Skew Optimization
Phase 5.2 Clock Skew Optimization | Checksum: c6902432

Time (s): cpu = 00:00:26 ; elapsed = 00:00:22 . Memory (MB): peak = 3037.000 ; gain = 0.000 ; free physical = 1086 ; free virtual = 7375
Phase 5 Delay and Skew Optimization | Checksum: c6902432

Time (s): cpu = 00:00:26 ; elapsed = 00:00:22 . Memory (MB): peak = 3037.000 ; gain = 0.000 ; free physical = 1086 ; free virtual = 7375

Phase 6 Post Hold Fix

Phase 6.1 Hold Fix Iter

Phase 6.1.1 Update Timing
Phase 6.1.1 Update Timing | Checksum: 1109d7f8e

Time (s): cpu = 00:00:26 ; elapsed = 00:00:22 . Memory (MB): peak = 3037.000 ; gain = 0.000 ; free physical = 1086 ; free virtual = 7375
INFO: [Route 35-416] Intermediate Timing Summary | WNS=14.414 | TNS=0.000  | WHS=0.080  | THS=0.000  |

Phase 6.1 Hold Fix Iter | Checksum: b486be9e

Time (s): cpu = 00:00:26 ; elapsed = 00:00:22 . Memory (MB): peak = 3037.000 ; gain = 0.000 ; free physical = 1086 ; free virtual = 7375
Phase 6 Post Hold Fix | Checksum: b486be9e

Time (s): cpu = 00:00:26 ; elapsed = 00:00:22 . Memory (MB): peak = 3037.000 ; gain = 0.000 ; free physical = 1086 ; free virtual = 7375

Phase 7 Route finalize

Router Utilization Summary
  Global Vertical Routing Utilization    = 0.0747269 %
  Global Horizontal Routing Utilization  = 0.0459648 %
  Routable Net Status*
  *Does not include unroutable nets such as driverless and loadless.
  Run report_route_status for detailed report.
  Number of Failed Nets               = 0
    (Failed Nets is the sum of unrouted and partially routed nets)
  Number of Unrouted Nets             = 0
  Number of Partially Routed Nets     = 0
  Number of Node Overlaps             = 0

Phase 7 Route finalize | Checksum: 10d794fa0

Time (s): cpu = 00:00:26 ; elapsed = 00:00:22 . Memory (MB): peak = 3037.000 ; gain = 0.000 ; free physical = 1086 ; free virtual = 7375

Phase 8 Verifying routed nets

 Verification completed successfully
Phase 8 Verifying routed nets | Checksum: 10d794fa0

Time (s): cpu = 00:00:26 ; elapsed = 00:00:22 . Memory (MB): peak = 3037.000 ; gain = 0.000 ; free physical = 1084 ; free virtual = 7373

Phase 9 Depositing Routes
Phase 9 Depositing Routes | Checksum: e78eb3e5

Time (s): cpu = 00:00:26 ; elapsed = 00:00:22 . Memory (MB): peak = 3037.000 ; gain = 0.000 ; free physical = 1084 ; free virtual = 7373

Phase 10 Post Router Timing
INFO: [Route 35-57] Estimated Timing Summary | WNS=14.414 | TNS=0.000  | WHS=0.080  | THS=0.000  |

INFO: [Route 35-327] The final timing numbers are based on the router estimated timing analysis. For a complete and accurate timing signoff, please run report_timing_summary.
Phase 10 Post Router Timing | Checksum: e78eb3e5

Time (s): cpu = 00:00:26 ; elapsed = 00:00:22 . Memory (MB): peak = 3037.000 ; gain = 0.000 ; free physical = 1084 ; free virtual = 7373
INFO: [Route 35-16] Router Completed Successfully

Time (s): cpu = 00:00:26 ; elapsed = 00:00:22 . Memory (MB): peak = 3037.000 ; gain = 0.000 ; free physical = 1126 ; free virtual = 7415

Routing Is Done.
INFO: [Common 17-83] Releasing license: Implementation
13 Infos, 0 Warnings, 0 Critical Warnings and 0 Errors encountered.
route_design completed successfully
route_design: Time (s): cpu = 00:00:27 ; elapsed = 00:00:22 . Memory (MB): peak = 3037.000 ; gain = 0.000 ; free physical = 1126 ; free virtual = 7415
# write_bitstream -force /tmp/tmp.2sxn8f/obj/out.bit
Command: write_bitstream -force /tmp/tmp.2sxn8f/obj/out.bit
Attempting to get a license for feature 'Implementation' and/or device 'xc7a100t'
INFO: [Common 17-349] Got license for feature 'Implementation' and/or device 'xc7a100t'
Running DRC as a precondition to command write_bitstream
INFO: [IP_Flow 19-234] Refreshing IP repositories
INFO: [IP_Flow 19-1704] No user IP repositories specified
INFO: [IP_Flow 19-2313] Loaded Vivado IP repository '/opt/Xilinx/Vivado/2022.1/data/ip'.
INFO: [DRC 23-27] Running DRC with 8 threads
WARNING: [DRC CFGBVS-1] Missing CFGBVS and CONFIG_VOLTAGE Design Properties: Neither the CFGBVS nor CONFIG_VOLTAGE voltage property is set in the current_design.  Configuration bank voltage select (CFGBVS) must be set to VCCO or GND, and CONFIG_VOLTAGE must be set to the correct configuration voltage, in order to determine the I/O voltage support for the pins in bank 0.  It is suggested to specify these either using the 'Edit Device Properties' function in the GUI or directly in the XDC file using the following syntax:

 set_property CFGBVS value1 [current_design]
 #where value1 is either VCCO or GND

 set_property CONFIG_VOLTAGE value2 [current_design]
 #where value2 is the voltage provided to configuration bank 0

Refer to the device configuration user guide for more information.
INFO: [Vivado 12-3199] DRC finished with 0 Errors, 1 Warnings
INFO: [Vivado 12-3200] Please refer to the DRC report (report_drc) for more information.
INFO: [Designutils 20-2272] Running write_bitstream with 8 threads.
Loading data files...
Loading site data...
Loading route data...
Processing options...
Creating bitmap...
Creating bitstream...
Writing bitstream /tmp/tmp.2sxn8f/obj/out.bit...
INFO: [Vivado 12-1842] Bitgen Completed Successfully.
INFO: [Project 1-1876] WebTalk data collection is mandatory when using a ULT device. To see the specific WebTalk data collected for your design, open the usage_statistics_webtalk.html or usage_statistics_webtalk.xml file in the implementation directory.
INFO: [Common 17-83] Releasing license: Implementation
11 Infos, 1 Warnings, 0 Critical Warnings and 0 Errors encountered.
write_bitstream completed successfully
write_bitstream: Time (s): cpu = 00:00:10 ; elapsed = 00:00:11 . Memory (MB): peak = 3336.098 ; gain = 299.098 ; free physical = 1084 ; free virtual = 7377
INFO: [Common 17-206] Exiting Vivado at Thu Oct 27 17:50:38 2022...
