Copyright 1986-2022 Xilinx, Inc. All Rights Reserved.
------------------------------------------------------------------------------------
| Tool Version : Vivado v.2022.1 (lin64) Build 3526262 Mon Apr 18 15:47:01 MDT 2022
| Date         : Wed Dec 14 19:17:51 2022
| Host         : EECS-DIGITAL-55 running 64-bit Ubuntu 20.04.5 LTS
| Command      : report_drc -file /tmp/tmp.4gATFA/obj/routerpt_report_drc.rpt
| Design       : top_level
| Device       : xc7a100tcsg324-1
| Speed File   : -1
| Design State : Fully Routed
------------------------------------------------------------------------------------

Report DRC

Table of Contents
-----------------
1. REPORT SUMMARY
2. REPORT DETAILS

1. REPORT SUMMARY
-----------------
            Netlist: top_level
          Floorplan: design_1
      Design limits: <entire design considered>
           Ruledeck: default
             Max violations: <unlimited>
             Violations found: 12
+----------+----------+-----------------------------------------------------+------------+
| Rule     | Severity | Description                                         | Violations |
+----------+----------+-----------------------------------------------------+------------+
| CFGBVS-1 | Warning  | Missing CFGBVS and CONFIG_VOLTAGE Design Properties | 1          |
| DPIP-1   | Warning  | Input pipelining                                    | 3          |
| PDRC-153 | Warning  | Gated clock check                                   | 8          |
+----------+----------+-----------------------------------------------------+------------+

2. REPORT DETAILS
-----------------
CFGBVS-1#1 Warning
Missing CFGBVS and CONFIG_VOLTAGE Design Properties  
Neither the CFGBVS nor CONFIG_VOLTAGE voltage property is set in the current_design.  Configuration bank voltage select (CFGBVS) must be set to VCCO or GND, and CONFIG_VOLTAGE must be set to the correct configuration voltage, in order to determine the I/O voltage support for the pins in bank 0.  It is suggested to specify these either using the 'Edit Device Properties' function in the GUI or directly in the XDC file using the following syntax:

 set_property CFGBVS value1 [current_design]
 #where value1 is either VCCO or GND

 set_property CONFIG_VOLTAGE value2 [current_design]
 #where value2 is the voltage provided to configuration bank 0

Refer to the device configuration user guide for more information.
Related violations: <none>

DPIP-1#1 Warning
Input pipelining  
DSP controller/light/p5_mult_b_reg input controller/light/p5_mult_b_reg/A[29:0] is not pipelined. Pipelining DSP48 input will improve performance.
Related violations: <none>

DPIP-1#2 Warning
Input pipelining  
DSP controller/light/p5_mult_g_reg input controller/light/p5_mult_g_reg/A[29:0] is not pipelined. Pipelining DSP48 input will improve performance.
Related violations: <none>

DPIP-1#3 Warning
Input pipelining  
DSP controller/light/p5_mult_r_reg input controller/light/p5_mult_r_reg/A[29:0] is not pipelined. Pipelining DSP48 input will improve performance.
Related violations: <none>

PDRC-153#1 Warning
Gated clock check  
Net controller/shape_cast/raycast/quad_solver/s5_s6_t_reg[15]_i_2_n_0 is a gated clock net sourced by a combinational pin controller/shape_cast/raycast/quad_solver/s5_s6_t_reg[15]_i_2/O, cell controller/shape_cast/raycast/quad_solver/s5_s6_t_reg[15]_i_2. This is not good design practice and will likely impact performance. For SLICE registers, for example, use the CE pin to control the loading of data.
Related violations: <none>

PDRC-153#2 Warning
Gated clock check  
Net processor/decode/dInst_reg[iType][2]_1 is a gated clock net sourced by a combinational pin processor/decode/addr_geometry_reg[0]_i_2/O, cell processor/decode/addr_geometry_reg[0]_i_2. This is not good design practice and will likely impact performance. For SLICE registers, for example, use the CE pin to control the loading of data.
Related violations: <none>

PDRC-153#3 Warning
Gated clock check  
Net processor/decode/dInst_reg[iType][3]_0 is a gated clock net sourced by a combinational pin processor/decode/addr_light_reg[0]_i_2/O, cell processor/decode/addr_light_reg[0]_i_2. This is not good design practice and will likely impact performance. For SLICE registers, for example, use the CE pin to control the loading of data.
Related violations: <none>

PDRC-153#4 Warning
Gated clock check  
Net processor/fetch/inst_bank/BRAM_reg_4[0] is a gated clock net sourced by a combinational pin processor/fetch/inst_bank/nextDInst_reg[data][15]_i_1/O, cell processor/fetch/inst_bank/nextDInst_reg[data][15]_i_1. This is not good design practice and will likely impact performance. For SLICE registers, for example, use the CE pin to control the loading of data.
Related violations: <none>

PDRC-153#5 Warning
Gated clock check  
Net processor/fetch/inst_bank/BRAM_reg_5[0] is a gated clock net sourced by a combinational pin processor/fetch/inst_bank/nextDInst_reg[prop][4]_i_1/O, cell processor/fetch/inst_bank/nextDInst_reg[prop][4]_i_1. This is not good design practice and will likely impact performance. For SLICE registers, for example, use the CE pin to control the loading of data.
Related violations: <none>

PDRC-153#6 Warning
Gated clock check  
Net processor/fetch/inst_bank/BRAM_reg_6[0] is a gated clock net sourced by a combinational pin processor/fetch/inst_bank/nextDInst_reg[prop2][4]_i_1/O, cell processor/fetch/inst_bank/nextDInst_reg[prop2][4]_i_1. This is not good design practice and will likely impact performance. For SLICE registers, for example, use the CE pin to control the loading of data.
Related violations: <none>

PDRC-153#7 Warning
Gated clock check  
Net processor/fetch/inst_bank/state_reg[1][0] is a gated clock net sourced by a combinational pin processor/fetch/inst_bank/nextDInst_reg[lIndex][5]_i_1/O, cell processor/fetch/inst_bank/nextDInst_reg[lIndex][5]_i_1. This is not good design practice and will likely impact performance. For SLICE registers, for example, use the CE pin to control the loading of data.
Related violations: <none>

PDRC-153#8 Warning
Gated clock check  
Net processor/fetch/inst_bank/state_reg[1]_0[0] is a gated clock net sourced by a combinational pin processor/fetch/inst_bank/nextDInst_reg[sIndex][18]_i_1/O, cell processor/fetch/inst_bank/nextDInst_reg[sIndex][18]_i_1. This is not good design practice and will likely impact performance. For SLICE registers, for example, use the CE pin to control the loading of data.
Related violations: <none>


