Copyright 1986-2022 Xilinx, Inc. All Rights Reserved.
----------------------------------------------------------------------------------------------------
| Tool Version : Vivado v.2022.1 (lin64) Build 3526262 Mon Apr 18 15:47:01 MDT 2022
| Date         : Mon Dec 12 14:34:08 2022
| Host         : EECS-DIGITAL-02 running 64-bit Ubuntu 20.04.5 LTS
| Command      : report_timing_summary -file /tmp/tmp.F1QlTx/obj/synthrpt_report_timing_summary.rpt
| Design       : top_level
| Device       : 7a100t-csg324
| Speed File   : -1  PRODUCTION 1.23 2018-06-13
----------------------------------------------------------------------------------------------------

Timing Summary Report

------------------------------------------------------------------------------------------------
| Timer Settings
| --------------
------------------------------------------------------------------------------------------------

  Enable Multi Corner Analysis               :  Yes
  Enable Pessimism Removal                   :  Yes
  Pessimism Removal Resolution               :  Nearest Common Node
  Enable Input Delay Default Clock           :  No
  Enable Preset / Clear Arcs                 :  No
  Disable Flight Delays                      :  No
  Ignore I/O Paths                           :  No
  Timing Early Launch at Borrowing Latches   :  No
  Borrow Time for Max Delay Exceptions       :  Yes
  Merge Timing Exceptions                    :  Yes

  Corner  Analyze    Analyze    
  Name    Max Paths  Min Paths  
  ------  ---------  ---------  
  Slow    Yes        Yes        
  Fast    Yes        Yes        


------------------------------------------------------------------------------------------------
| Report Methodology
| ------------------
------------------------------------------------------------------------------------------------

No report available as report_methodology has not been run prior. Run report_methodology on the current design for the summary of methodology violations.



check_timing report

Table of Contents
-----------------
1. checking no_clock (91)
2. checking constant_clock (0)
3. checking pulse_width_clock (0)
4. checking unconstrained_internal_endpoints (31)
5. checking no_input_delay (1)
6. checking no_output_delay (15)
7. checking multiple_clock (0)
8. checking generated_clocks (0)
9. checking loops (0)
10. checking partial_input_delay (0)
11. checking partial_output_delay (0)
12. checking latch_loops (0)

1. checking no_clock (91)
-------------------------
 There are 21 register/latch pins with no clock driven by root clock pin: processor/decode/state_reg[1]/Q (HIGH)

 There is 1 register/latch pin with no clock driven by root clock pin: processor/exec/mem_bank/FSM_onehot_state_reg[0]/Q (HIGH)

 There is 1 register/latch pin with no clock driven by root clock pin: processor/exec/mem_bank/pc_3_reg[0]/Q (HIGH)

 There is 1 register/latch pin with no clock driven by root clock pin: processor/exec/mem_bank/pc_3_reg[1]/Q (HIGH)

 There is 1 register/latch pin with no clock driven by root clock pin: processor/exec/mem_bank/pc_3_reg[2]/Q (HIGH)

 There is 1 register/latch pin with no clock driven by root clock pin: processor/exec/mem_bank/pc_3_reg[3]/Q (HIGH)

 There is 1 register/latch pin with no clock driven by root clock pin: processor/exec/mem_bank/pc_3_reg[4]/Q (HIGH)

 There is 1 register/latch pin with no clock driven by root clock pin: processor/exec/mem_bank/pc_3_reg[5]/Q (HIGH)

 There is 1 register/latch pin with no clock driven by root clock pin: processor/exec/mem_bank/pc_3_reg[6]/Q (HIGH)

 There is 1 register/latch pin with no clock driven by root clock pin: processor/exec/mem_bank/pc_3_reg[7]/Q (HIGH)

 There is 1 register/latch pin with no clock driven by root clock pin: processor/exec/mem_bank/pc_3_reg[8]/Q (HIGH)

 There is 1 register/latch pin with no clock driven by root clock pin: processor/exec/mem_bank/pc_3_reg[9]/Q (HIGH)

 There is 1 register/latch pin with no clock driven by root clock pin: processor/exec/mem_bank/pc_4_reg[0]/Q (HIGH)

 There is 1 register/latch pin with no clock driven by root clock pin: processor/exec/mem_bank/pc_4_reg[1]/Q (HIGH)

 There is 1 register/latch pin with no clock driven by root clock pin: processor/exec/mem_bank/pc_4_reg[2]/Q (HIGH)

 There is 1 register/latch pin with no clock driven by root clock pin: processor/exec/mem_bank/pc_4_reg[3]/Q (HIGH)

 There is 1 register/latch pin with no clock driven by root clock pin: processor/exec/mem_bank/pc_4_reg[4]/Q (HIGH)

 There is 1 register/latch pin with no clock driven by root clock pin: processor/exec/mem_bank/pc_4_reg[5]/Q (HIGH)

 There is 1 register/latch pin with no clock driven by root clock pin: processor/exec/mem_bank/pc_4_reg[6]/Q (HIGH)

 There is 1 register/latch pin with no clock driven by root clock pin: processor/exec/mem_bank/pc_4_reg[7]/Q (HIGH)

 There is 1 register/latch pin with no clock driven by root clock pin: processor/exec/mem_bank/pc_4_reg[8]/Q (HIGH)

 There is 1 register/latch pin with no clock driven by root clock pin: processor/exec/mem_bank/pc_4_reg[9]/Q (HIGH)

 There is 1 register/latch pin with no clock driven by root clock pin: processor/exec/mem_bank/valid_3_reg/Q (HIGH)

 There is 1 register/latch pin with no clock driven by root clock pin: processor/exec/mem_bank/valid_4_reg/Q (HIGH)

 There are 21 register/latch pins with no clock driven by root clock pin: processor/fetch/inst_bank/BRAM_reg/DOADO[0] (HIGH)

 There are 5 register/latch pins with no clock driven by root clock pin: processor/fetch/inst_bank/BRAM_reg/DOADO[1] (HIGH)

 There are 21 register/latch pins with no clock driven by root clock pin: processor/fetch/inst_bank/BRAM_reg/DOADO[2] (HIGH)


2. checking constant_clock (0)
------------------------------
 There are 0 register/latch pins with constant_clock.


3. checking pulse_width_clock (0)
---------------------------------
 There are 0 register/latch pins which need pulse_width check


4. checking unconstrained_internal_endpoints (31)
-------------------------------------------------
 There are 23 pins that are not constrained for maximum delay. (HIGH)

 There are 8 pins that are not constrained for maximum delay due to constant clock. (MEDIUM)


5. checking no_input_delay (1)
------------------------------
 There is 1 input port with no input delay specified. (HIGH)

 There are 0 input ports with no input delay but user has a false path constraint.


6. checking no_output_delay (15)
--------------------------------
 There are 15 ports with no output delay specified. (HIGH)

 There are 0 ports with no output delay but user has a false path constraint

 There are 0 ports with no output delay but with a timing clock defined on it or propagating through it


7. checking multiple_clock (0)
------------------------------
 There are 0 register/latch pins with multiple clocks.


8. checking generated_clocks (0)
--------------------------------
 There are 0 generated clocks that are not connected to a clock source.


9. checking loops (0)
---------------------
 There are 0 combinational loops in the design.


10. checking partial_input_delay (0)
------------------------------------
 There are 0 input ports with partial input delay specified.


11. checking partial_output_delay (0)
-------------------------------------
 There are 0 ports with partial output delay specified.


12. checking latch_loops (0)
----------------------------
 There are 0 combinational latch loops in the design through latch input



------------------------------------------------------------------------------------------------
| Design Timing Summary
| ---------------------
------------------------------------------------------------------------------------------------

    WNS(ns)      TNS(ns)  TNS Failing Endpoints  TNS Total Endpoints      WHS(ns)      THS(ns)  THS Failing Endpoints  THS Total Endpoints     WPWS(ns)     TPWS(ns)  TPWS Failing Endpoints  TPWS Total Endpoints  
    -------      -------  ---------------------  -------------------      -------      -------  ---------------------  -------------------     --------     --------  ----------------------  --------------------  
      5.776        0.000                      0                  713        0.137        0.000                      0                  713        3.000        0.000                       0                   358  


All user specified timing constraints are met.


------------------------------------------------------------------------------------------------
| Clock Summary
| -------------
------------------------------------------------------------------------------------------------

Clock               Waveform(ns)       Period(ns)      Frequency(MHz)
-----               ------------       ----------      --------------
sys_clk_pin         {0.000 5.000}      10.000          100.000         
  clkfbout_divider  {0.000 5.000}      10.000          100.000         
  ethclk_divider    {0.000 10.000}     20.000          50.000          


------------------------------------------------------------------------------------------------
| Intra Clock Table
| -----------------
------------------------------------------------------------------------------------------------

Clock                   WNS(ns)      TNS(ns)  TNS Failing Endpoints  TNS Total Endpoints      WHS(ns)      THS(ns)  THS Failing Endpoints  THS Total Endpoints     WPWS(ns)     TPWS(ns)  TPWS Failing Endpoints  TPWS Total Endpoints  
-----                   -------      -------  ---------------------  -------------------      -------      -------  ---------------------  -------------------     --------     --------  ----------------------  --------------------  
sys_clk_pin               5.776        0.000                      0                  713        0.137        0.000                      0                  713        3.000        0.000                       0                   353  
  clkfbout_divider                                                                                                                                                    7.845        0.000                       0                     3  
  ethclk_divider                                                                                                                                                     17.845        0.000                       0                     2  


------------------------------------------------------------------------------------------------
| Inter Clock Table
| -----------------
------------------------------------------------------------------------------------------------

From Clock    To Clock          WNS(ns)      TNS(ns)  TNS Failing Endpoints  TNS Total Endpoints      WHS(ns)      THS(ns)  THS Failing Endpoints  THS Total Endpoints  
----------    --------          -------      -------  ---------------------  -------------------      -------      -------  ---------------------  -------------------  


------------------------------------------------------------------------------------------------
| Other Path Groups Table
| -----------------------
------------------------------------------------------------------------------------------------

Path Group    From Clock    To Clock          WNS(ns)      TNS(ns)  TNS Failing Endpoints  TNS Total Endpoints      WHS(ns)      THS(ns)  THS Failing Endpoints  THS Total Endpoints  
----------    ----------    --------          -------      -------  ---------------------  -------------------      -------      -------  ---------------------  -------------------  


------------------------------------------------------------------------------------------------
| Timing Details
| --------------
------------------------------------------------------------------------------------------------


---------------------------------------------------------------------------------------------------
From Clock:  sys_clk_pin
  To Clock:  sys_clk_pin

Setup :            0  Failing Endpoints,  Worst Slack        5.776ns,  Total Violation        0.000ns
Hold  :            0  Failing Endpoints,  Worst Slack        0.137ns,  Total Violation        0.000ns
PW    :            0  Failing Endpoints,  Worst Slack        3.000ns,  Total Violation        0.000ns
---------------------------------------------------------------------------------------------------


Max Delay Paths
--------------------------------------------------------------------------------------
Slack (MET) :             5.776ns  (required time - arrival time)
  Source:                 ssc/segment_counter_reg[22]/C
                            (rising edge-triggered cell FDRE clocked by sys_clk_pin  {rise@0.000ns fall@5.000ns period=10.000ns})
  Destination:            ssc/segment_state_reg[0]/CE
                            (rising edge-triggered cell FDSE clocked by sys_clk_pin  {rise@0.000ns fall@5.000ns period=10.000ns})
  Path Group:             sys_clk_pin
  Path Type:              Setup (Max at Slow Process Corner)
  Requirement:            10.000ns  (sys_clk_pin rise@10.000ns - sys_clk_pin rise@0.000ns)
  Data Path Delay:        3.842ns  (logic 1.021ns (26.575%)  route 2.821ns (73.425%))
  Logic Levels:           3  (LUT4=2 LUT6=1)
  Clock Path Skew:        -0.145ns (DCD - SCD + CPR)
    Destination Clock Delay (DCD):    2.704ns = ( 12.704 - 10.000 ) 
    Source Clock Delay      (SCD):    2.965ns
    Clock Pessimism Removal (CPR):    0.116ns
  Clock Uncertainty:      0.035ns  ((TSJ^2 + TIJ^2)^1/2 + DJ) / 2 + PE
    Total System Jitter     (TSJ):    0.071ns
    Total Input Jitter      (TIJ):    0.000ns
    Discrete Jitter          (DJ):    0.000ns
    Phase Error              (PE):    0.000ns

    Location             Delay type                Incr(ns)  Path(ns)    Netlist Resource(s)
  -------------------------------------------------------------------    -------------------
                         (clock sys_clk_pin rise edge)
                                                      0.000     0.000 r  
    E3                                                0.000     0.000 r  clk_100mhz (IN)
                         net (fo=0)                   0.000     0.000    eth_clk_gen/clk_100mhz
    E3                   IBUF (Prop_ibuf_I_O)         1.482     1.482 r  eth_clk_gen/clkin1_ibufg/O
                         net (fo=1, unplaced)         0.803     2.285    buf_clk_100mhz
                         BUFG (Prop_bufg_I_O)         0.096     2.381 r  buf_clk_100mhz_BUFG_inst/O
                         net (fo=352, unplaced)       0.584     2.965    ssc/CLK
                         FDRE                                         r  ssc/segment_counter_reg[22]/C
  -------------------------------------------------------------------    -------------------
                         FDRE (Prop_fdre_C_Q)         0.478     3.443 f  ssc/segment_counter_reg[22]/Q
                         net (fo=2, unplaced)         0.774     4.217    ssc/segment_counter_reg_n_0_[22]
                         LUT4 (Prop_lut4_I1_O)        0.295     4.512 f  ssc/segment_counter[31]_i_5/O
                         net (fo=1, unplaced)         0.732     5.244    ssc/segment_counter[31]_i_5_n_0
                         LUT6 (Prop_lut6_I0_O)        0.124     5.368 f  ssc/segment_counter[31]_i_2/O
                         net (fo=33, unplaced)        0.804     6.172    ssc/segment_counter[31]_i_2_n_0
                         LUT4 (Prop_lut4_I0_O)        0.124     6.296 r  ssc/segment_state[7]_i_1/O
                         net (fo=8, unplaced)         0.511     6.807    ssc/segment_state
                         FDSE                                         r  ssc/segment_state_reg[0]/CE
  -------------------------------------------------------------------    -------------------

                         (clock sys_clk_pin rise edge)
                                                     10.000    10.000 r  
    E3                                                0.000    10.000 r  clk_100mhz (IN)
                         net (fo=0)                   0.000    10.000    eth_clk_gen/clk_100mhz
    E3                   IBUF (Prop_ibuf_I_O)         1.411    11.411 r  eth_clk_gen/clkin1_ibufg/O
                         net (fo=1, unplaced)         0.763    12.174    buf_clk_100mhz
                         BUFG (Prop_bufg_I_O)         0.091    12.265 r  buf_clk_100mhz_BUFG_inst/O
                         net (fo=352, unplaced)       0.439    12.704    ssc/CLK
                         FDSE                                         r  ssc/segment_state_reg[0]/C
                         clock pessimism              0.116    12.820    
                         clock uncertainty           -0.035    12.784    
                         FDSE (Setup_fdse_C_CE)      -0.202    12.582    ssc/segment_state_reg[0]
  -------------------------------------------------------------------
                         required time                         12.582    
                         arrival time                          -6.807    
  -------------------------------------------------------------------
                         slack                                  5.776    





Min Delay Paths
--------------------------------------------------------------------------------------
Slack (MET) :             0.137ns  (arrival time - required time)
  Source:                 controller/cur_tri_addr_reg[5]/C
                            (rising edge-triggered cell FDRE clocked by sys_clk_pin  {rise@0.000ns fall@5.000ns period=10.000ns})
  Destination:            controller/cur_tri_addr_reg[5]/D
                            (rising edge-triggered cell FDRE clocked by sys_clk_pin  {rise@0.000ns fall@5.000ns period=10.000ns})
  Path Group:             sys_clk_pin
  Path Type:              Hold (Min at Fast Process Corner)
  Requirement:            0.000ns  (sys_clk_pin rise@0.000ns - sys_clk_pin rise@0.000ns)
  Data Path Delay:        0.381ns  (logic 0.245ns (64.350%)  route 0.136ns (35.650%))
  Logic Levels:           1  (LUT6=1)
  Clock Path Skew:        0.145ns (DCD - SCD - CPR)
    Destination Clock Delay (DCD):    1.082ns
    Source Clock Delay      (SCD):    0.728ns
    Clock Pessimism Removal (CPR):    0.209ns

    Location             Delay type                Incr(ns)  Path(ns)    Netlist Resource(s)
  -------------------------------------------------------------------    -------------------
                         (clock sys_clk_pin rise edge)
                                                      0.000     0.000 r  
    E3                                                0.000     0.000 r  clk_100mhz (IN)
                         net (fo=0)                   0.000     0.000    eth_clk_gen/clk_100mhz
    E3                   IBUF (Prop_ibuf_I_O)         0.250     0.250 r  eth_clk_gen/clkin1_ibufg/O
                         net (fo=1, unplaced)         0.338     0.588    buf_clk_100mhz
                         BUFG (Prop_bufg_I_O)         0.026     0.614 r  buf_clk_100mhz_BUFG_inst/O
                         net (fo=352, unplaced)       0.114     0.728    controller/CLK
                         FDRE                                         r  controller/cur_tri_addr_reg[5]/C
  -------------------------------------------------------------------    -------------------
                         FDRE (Prop_fdre_C_Q)         0.147     0.875 r  controller/cur_tri_addr_reg[5]/Q
                         net (fo=2, unplaced)         0.136     1.011    controller/rast_tri_addr[5]
                         LUT6 (Prop_lut6_I5_O)        0.098     1.109 r  controller/cur_tri_addr[5]_i_1/O
                         net (fo=1, unplaced)         0.000     1.109    controller/p_0_in__0[5]
                         FDRE                                         r  controller/cur_tri_addr_reg[5]/D
  -------------------------------------------------------------------    -------------------

                         (clock sys_clk_pin rise edge)
                                                      0.000     0.000 r  
    E3                                                0.000     0.000 r  clk_100mhz (IN)
                         net (fo=0)                   0.000     0.000    eth_clk_gen/clk_100mhz
    E3                   IBUF (Prop_ibuf_I_O)         0.438     0.438 r  eth_clk_gen/clkin1_ibufg/O
                         net (fo=1, unplaced)         0.356     0.794    buf_clk_100mhz
                         BUFG (Prop_bufg_I_O)         0.029     0.823 r  buf_clk_100mhz_BUFG_inst/O
                         net (fo=352, unplaced)       0.259     1.082    controller/CLK
                         FDRE                                         r  controller/cur_tri_addr_reg[5]/C
                         clock pessimism             -0.209     0.873    
                         FDRE (Hold_fdre_C_D)         0.099     0.972    controller/cur_tri_addr_reg[5]
  -------------------------------------------------------------------
                         required time                         -0.972    
                         arrival time                           1.109    
  -------------------------------------------------------------------
                         slack                                  0.137    





Pulse Width Checks
--------------------------------------------------------------------------------------
Clock Name:         sys_clk_pin
Waveform(ns):       { 0.000 5.000 }
Period(ns):         10.000
Sources:            { clk_100mhz }

Check Type        Corner  Lib Pin             Reference Pin  Required(ns)  Actual(ns)  Slack(ns)  Location  Pin
Min Period        n/a     RAMB36E1/CLKARDCLK  n/a            2.944         10.000      7.056                processor/exec/mem_bank/camera_ram/BRAM_reg_4/CLKARDCLK
Max Period        n/a     MMCME2_ADV/CLKIN1   n/a            100.000       10.000      90.000               eth_clk_gen/mmcm_adv_inst/CLKIN1
Low Pulse Width   Slow    MMCME2_ADV/CLKIN1   n/a            2.000         5.000       3.000                eth_clk_gen/mmcm_adv_inst/CLKIN1
High Pulse Width  Slow    MMCME2_ADV/CLKIN1   n/a            2.000         5.000       3.000                eth_clk_gen/mmcm_adv_inst/CLKIN1



---------------------------------------------------------------------------------------------------
From Clock:  clkfbout_divider
  To Clock:  clkfbout_divider

Setup :           NA  Failing Endpoints,  Worst Slack           NA  ,  Total Violation           NA
Hold  :           NA  Failing Endpoints,  Worst Slack           NA  ,  Total Violation           NA
PW    :            0  Failing Endpoints,  Worst Slack        7.845ns,  Total Violation        0.000ns
---------------------------------------------------------------------------------------------------


Pulse Width Checks
--------------------------------------------------------------------------------------
Clock Name:         clkfbout_divider
Waveform(ns):       { 0.000 5.000 }
Period(ns):         10.000
Sources:            { eth_clk_gen/mmcm_adv_inst/CLKFBOUT }

Check Type  Corner  Lib Pin             Reference Pin  Required(ns)  Actual(ns)  Slack(ns)  Location  Pin
Min Period  n/a     BUFG/I              n/a            2.155         10.000      7.845                eth_clk_gen/clkf_buf/I
Max Period  n/a     MMCME2_ADV/CLKFBIN  n/a            100.000       10.000      90.000               eth_clk_gen/mmcm_adv_inst/CLKFBIN



---------------------------------------------------------------------------------------------------
From Clock:  ethclk_divider
  To Clock:  ethclk_divider

Setup :           NA  Failing Endpoints,  Worst Slack           NA  ,  Total Violation           NA
Hold  :           NA  Failing Endpoints,  Worst Slack           NA  ,  Total Violation           NA
PW    :            0  Failing Endpoints,  Worst Slack       17.845ns,  Total Violation        0.000ns
---------------------------------------------------------------------------------------------------


Pulse Width Checks
--------------------------------------------------------------------------------------
Clock Name:         ethclk_divider
Waveform(ns):       { 0.000 10.000 }
Period(ns):         20.000
Sources:            { eth_clk_gen/mmcm_adv_inst/CLKOUT0 }

Check Type  Corner  Lib Pin             Reference Pin  Required(ns)  Actual(ns)  Slack(ns)  Location  Pin
Min Period  n/a     BUFG/I              n/a            2.155         20.000      17.845               eth_clk_gen/clkout1_buf/I
Max Period  n/a     MMCME2_ADV/CLKOUT0  n/a            213.360       20.000      193.360              eth_clk_gen/mmcm_adv_inst/CLKOUT0



